<?xml version="1.0" encoding="UTF-8"?>
<coverage generated="1771022868416" clover="3.2.0">
  <project timestamp="1771022868417" name="All files">
    <metrics statements="343" coveredstatements="333" conditionals="137" coveredconditionals="113" methods="37" coveredmethods="37" elements="517" coveredelements="483" complexity="0" loc="343" ncloc="343" packages="1" files="11" classes="11"/>
    <file name="constants.js" path="/home/tomc/github/tank-wars/src/simulation/constants.js">
      <metrics statements="23" coveredstatements="23" conditionals="0" coveredconditionals="0" methods="0" coveredmethods="0"/>
      <line num="4" count="7" type="stmt"/>
      <line num="6" count="7" type="stmt"/>
      <line num="7" count="7" type="stmt"/>
      <line num="9" count="7" type="stmt"/>
      <line num="10" count="7" type="stmt"/>
      <line num="13" count="7" type="stmt"/>
      <line num="16" count="7" type="stmt"/>
      <line num="17" count="7" type="stmt"/>
      <line num="18" count="7" type="stmt"/>
      <line num="19" count="7" type="stmt"/>
      <line num="22" count="7" type="stmt"/>
      <line num="23" count="7" type="stmt"/>
      <line num="24" count="7" type="stmt"/>
      <line num="25" count="7" type="stmt"/>
      <line num="26" count="7" type="stmt"/>
      <line num="27" count="7" type="stmt"/>
      <line num="30" count="7" type="stmt"/>
      <line num="31" count="7" type="stmt"/>
      <line num="32" count="7" type="stmt"/>
      <line num="35" count="7" type="stmt"/>
      <line num="36" count="7" type="stmt"/>
      <line num="39" count="7" type="stmt"/>
      <line num="40" count="7" type="stmt"/>
    </file>
    <file name="explosion.js" path="/home/tomc/github/tank-wars/src/simulation/explosion.js">
      <metrics statements="15" coveredstatements="15" conditionals="6" coveredconditionals="5" methods="1" coveredmethods="1"/>
      <line num="5" count="4" type="stmt"/>
      <line num="8" count="4" type="stmt"/>
      <line num="9" count="4" type="stmt"/>
      <line num="11" count="4" type="stmt"/>
      <line num="12" count="3" type="cond" truecount="1" falsecount="1"/>
      <line num="14" count="3" type="stmt"/>
      <line num="15" count="3" type="stmt"/>
      <line num="17" count="3" type="stmt"/>
      <line num="18" count="3" type="stmt"/>
      <line num="19" count="3" type="stmt"/>
      <line num="21" count="3" type="cond" truecount="2" falsecount="0"/>
      <line num="24" count="2" type="stmt"/>
      <line num="25" count="2" type="stmt"/>
      <line num="26" count="2" type="cond" truecount="2" falsecount="0"/>
      <line num="27" count="1" type="stmt"/>
    </file>
    <file name="fixed.js" path="/home/tomc/github/tank-wars/src/simulation/fixed.js">
      <metrics statements="6" coveredstatements="6" conditionals="12" coveredconditionals="11" methods="5" coveredmethods="5"/>
      <line num="8" count="3" type="stmt"/>
      <line num="16" count="3" type="cond" truecount="1" falsecount="1"/>
      <line num="17" count="3" type="stmt"/>
      <line num="21" count="3" type="cond" truecount="4" falsecount="0"/>
      <line num="25" count="3" type="cond" truecount="2" falsecount="0"/>
      <line num="29" count="3" type="cond" truecount="4" falsecount="0"/>
    </file>
    <file name="isqrt.js" path="/home/tomc/github/tank-wars/src/simulation/isqrt.js">
      <metrics statements="8" coveredstatements="8" conditionals="4" coveredconditionals="3" methods="1" coveredmethods="1"/>
      <line num="5" count="193" type="cond" truecount="1" falsecount="1"/>
      <line num="6" count="193" type="cond" truecount="2" falsecount="0"/>
      <line num="8" count="189" type="stmt"/>
      <line num="9" count="189" type="stmt"/>
      <line num="10" count="189" type="stmt"/>
      <line num="11" count="1272" type="stmt"/>
      <line num="12" count="1272" type="stmt"/>
      <line num="14" count="189" type="stmt"/>
    </file>
    <file name="projectile.js" path="/home/tomc/github/tank-wars/src/simulation/projectile.js">
      <metrics statements="39" coveredstatements="39" conditionals="25" coveredconditionals="23" methods="2" coveredmethods="2"/>
      <line num="7" count="8" type="stmt"/>
      <line num="8" count="8" type="stmt"/>
      <line num="9" count="8" type="stmt"/>
      <line num="12" count="8" type="stmt"/>
      <line num="13" count="8" type="stmt"/>
      <line num="18" count="8" type="stmt"/>
      <line num="19" count="8" type="stmt"/>
      <line num="21" count="8" type="stmt"/>
      <line num="22" count="8" type="stmt"/>
      <line num="24" count="8" type="stmt"/>
      <line num="28" count="8" type="stmt"/>
      <line num="32" count="140" type="cond" truecount="1" falsecount="1"/>
      <line num="34" count="140" type="stmt"/>
      <line num="35" count="140" type="stmt"/>
      <line num="37" count="140" type="stmt"/>
      <line num="38" count="140" type="stmt"/>
      <line num="39" count="140" type="stmt"/>
      <line num="41" count="140" type="stmt"/>
      <line num="42" count="140" type="stmt"/>
      <line num="45" count="140" type="cond" truecount="6" falsecount="0"/>
      <line num="46" count="2" type="stmt"/>
      <line num="47" count="2" type="stmt"/>
      <line num="51" count="138" type="cond" truecount="2" falsecount="0"/>
      <line num="52" count="1" type="stmt"/>
      <line num="53" count="1" type="stmt"/>
      <line num="57" count="137" type="stmt"/>
      <line num="58" count="269" type="cond" truecount="1" falsecount="1"/>
      <line num="61" count="269" type="cond" truecount="4" falsecount="0"/>
      <line num="63" count="265" type="stmt"/>
      <line num="64" count="265" type="stmt"/>
      <line num="66" count="265" type="stmt"/>
      <line num="67" count="265" type="stmt"/>
      <line num="69" count="265" type="cond" truecount="6" falsecount="0"/>
      <line num="70" count="1" type="stmt"/>
      <line num="71" count="1" type="stmt"/>
      <line num="76" count="136" type="cond" truecount="2" falsecount="0"/>
      <line num="77" count="1" type="stmt"/>
      <line num="78" count="1" type="stmt"/>
      <line num="81" count="135" type="stmt"/>
    </file>
    <file name="rng.js" path="/home/tomc/github/tank-wars/src/simulation/rng.js">
      <metrics statements="10" coveredstatements="10" conditionals="3" coveredconditionals="2" methods="3" coveredmethods="3"/>
      <line num="6" count="30" type="stmt"/>
      <line num="7" count="30" type="cond" truecount="1" falsecount="1"/>
      <line num="14" count="7054" type="stmt"/>
      <line num="15" count="7054" type="stmt"/>
      <line num="16" count="7054" type="stmt"/>
      <line num="17" count="7054" type="stmt"/>
      <line num="18" count="7054" type="stmt"/>
      <line num="19" count="7054" type="stmt"/>
      <line num="26" count="6654" type="stmt"/>
      <line num="27" count="6654" type="stmt"/>
    </file>
    <file name="rules.js" path="/home/tomc/github/tank-wars/src/simulation/rules.js">
      <metrics statements="20" coveredstatements="20" conditionals="0" coveredconditionals="0" methods="4" coveredmethods="4"/>
      <line num="1" count="2" type="stmt"/>
      <line num="11" count="12" type="stmt"/>
      <line num="12" count="12" type="stmt"/>
      <line num="13" count="12" type="stmt"/>
      <line num="14" count="12" type="stmt"/>
      <line num="15" count="12" type="stmt"/>
      <line num="16" count="12" type="stmt"/>
      <line num="17" count="12" type="stmt"/>
      <line num="21" count="8" type="stmt"/>
      <line num="22" count="8" type="stmt"/>
      <line num="23" count="8" type="stmt"/>
      <line num="24" count="8" type="stmt"/>
      <line num="28" count="11" type="stmt"/>
      <line num="31" count="11" type="stmt"/>
      <line num="32" count="11" type="stmt"/>
      <line num="33" count="11" type="stmt"/>
      <line num="37" count="3" type="stmt"/>
      <line num="38" count="3" type="stmt"/>
      <line num="39" count="3" type="stmt"/>
      <line num="40" count="3" type="stmt"/>
    </file>
    <file name="sim.js" path="/home/tomc/github/tank-wars/src/simulation/sim.js">
      <metrics statements="117" coveredstatements="108" conditionals="52" coveredconditionals="39" methods="12" coveredmethods="12"/>
      <line num="13" count="9" type="stmt"/>
      <line num="14" count="9" type="stmt"/>
      <line num="15" count="9" type="stmt"/>
      <line num="16" count="9" type="stmt"/>
      <line num="18" count="9" type="stmt"/>
      <line num="23" count="9" type="stmt"/>
      <line num="24" count="9" type="stmt"/>
      <line num="25" count="9" type="stmt"/>
      <line num="26" count="9" type="stmt"/>
      <line num="30" count="18" type="stmt"/>
      <line num="31" count="18" type="stmt"/>
      <line num="32" count="18" type="stmt"/>
      <line num="36" count="6" type="stmt"/>
      <line num="40" count="141" type="stmt"/>
      <line num="41" count="141" type="stmt"/>
      <line num="43" count="141" type="cond" truecount="3" falsecount="0"/>
      <line num="46" count="5" type="cond" truecount="1" falsecount="1"/>
      <line num="47" count="5" type="stmt"/>
      <line num="51" count="5" type="stmt"/>
      <line num="53" count="5" type="cond" truecount="2" falsecount="0"/>
      <line num="54" count="5" type="cond" truecount="2" falsecount="0"/>
      <line num="55" count="5" type="cond" truecount="2" falsecount="0"/>
      <line num="56" count="5" type="cond" truecount="2" falsecount="0"/>
      <line num="59" count="5" type="cond" truecount="1" falsecount="1"/>
      <line num="60" count="5" type="cond" truecount="2" falsecount="0"/>
      <line num="61" count="5" type="cond" truecount="1" falsecount="1"/>
      <line num="62" count="5" type="cond" truecount="2" falsecount="0"/>
      <line num="65" count="5" type="cond" truecount="2" falsecount="0"/>
      <line num="66" count="1" type="stmt"/>
      <line num="68" count="5" type="stmt"/>
      <line num="71" count="135" type="cond" truecount="1" falsecount="1"/>
      <line num="72" count="135" type="stmt"/>
      <line num="73" count="135" type="cond" truecount="2" falsecount="0"/>
      <line num="74" count="1" type="cond" truecount="1" falsecount="1"/>
      <line num="75" count="0" type="stmt"/>
      <line num="76" count="0" type="stmt"/>
      <line num="78" count="1" type="stmt"/>
      <line num="79" count="1" type="stmt"/>
      <line num="80" count="1" type="stmt"/>
      <line num="83" count="135" type="stmt"/>
      <line num="86" count="1" type="stmt"/>
      <line num="87" count="1" type="stmt"/>
      <line num="88" count="2" type="stmt"/>
      <line num="89" count="2" type="cond" truecount="1" falsecount="1"/>
      <line num="92" count="1" type="stmt"/>
      <line num="94" count="1" type="cond" truecount="2" falsecount="2"/>
      <line num="95" count="1" type="stmt"/>
      <line num="96" count="1" type="cond" truecount="1" falsecount="1"/>
      <line num="97" count="1" type="stmt"/>
      <line num="100" count="1" type="stmt"/>
      <line num="105" count="4" type="cond" truecount="1" falsecount="1"/>
      <line num="108" count="4" type="cond" truecount="4" falsecount="0"/>
      <line num="109" count="1" type="stmt"/>
      <line num="110" count="1" type="stmt"/>
      <line num="113" count="3" type="stmt"/>
      <line num="114" count="3" type="stmt"/>
      <line num="115" count="3" type="stmt"/>
      <line num="117" count="3" type="stmt"/>
      <line num="125" count="3" type="stmt"/>
      <line num="129" count="4" type="stmt"/>
      <line num="130" count="2" type="cond" truecount="2" falsecount="0"/>
      <line num="131" count="1" type="stmt"/>
      <line num="132" count="1" type="stmt"/>
      <line num="133" count="1" type="cond" truecount="1" falsecount="1"/>
      <line num="134" count="0" type="stmt"/>
      <line num="135" count="0" type="stmt"/>
      <line num="140" count="1" type="stmt"/>
      <line num="142" count="2" type="stmt"/>
      <line num="169" count="1" type="stmt"/>
      <line num="170" count="400" type="stmt"/>
      <line num="174" count="1" type="stmt"/>
      <line num="175" count="2" type="stmt"/>
      <line num="176" count="2" type="stmt"/>
      <line num="177" count="2" type="stmt"/>
      <line num="178" count="2" type="stmt"/>
      <line num="179" count="2" type="stmt"/>
      <line num="180" count="2" type="stmt"/>
      <line num="181" count="2" type="stmt"/>
      <line num="182" count="2" type="stmt"/>
      <line num="183" count="2" type="stmt"/>
      <line num="184" count="2" type="stmt"/>
      <line num="188" count="1" type="stmt"/>
      <line num="189" count="1" type="stmt"/>
      <line num="190" count="1" type="stmt"/>
      <line num="191" count="1" type="stmt"/>
      <line num="192" count="1" type="stmt"/>
      <line num="193" count="1" type="stmt"/>
      <line num="194" count="1" type="stmt"/>
      <line num="197" count="1" type="stmt"/>
      <line num="198" count="1" type="stmt"/>
      <line num="203" count="2" type="stmt"/>
      <line num="204" count="2" type="stmt"/>
      <line num="205" count="844" type="stmt"/>
      <line num="209" count="2" type="stmt"/>
      <line num="210" count="800" type="stmt"/>
      <line num="214" count="2" type="stmt"/>
      <line num="215" count="4" type="stmt"/>
      <line num="216" count="4" type="stmt"/>
      <line num="217" count="4" type="stmt"/>
      <line num="218" count="4" type="stmt"/>
      <line num="219" count="4" type="stmt"/>
      <line num="220" count="4" type="stmt"/>
      <line num="221" count="4" type="stmt"/>
      <line num="222" count="4" type="cond" truecount="1" falsecount="1"/>
      <line num="226" count="2" type="cond" truecount="1" falsecount="1"/>
      <line num="227" count="0" type="stmt"/>
      <line num="228" count="0" type="stmt"/>
      <line num="229" count="0" type="stmt"/>
      <line num="230" count="0" type="stmt"/>
      <line num="231" count="0" type="stmt"/>
      <line num="233" count="2" type="stmt"/>
      <line num="237" count="2" type="stmt"/>
      <line num="238" count="2" type="stmt"/>
      <line num="239" count="2" type="stmt"/>
      <line num="240" count="2" type="stmt"/>
      <line num="244" count="2" type="stmt"/>
      <line num="246" count="2" type="stmt"/>
    </file>
    <file name="tank.js" path="/home/tomc/github/tank-wars/src/simulation/tank.js">
      <metrics statements="62" coveredstatements="61" conditionals="27" coveredconditionals="24" methods="3" coveredmethods="3"/>
      <line num="8" count="30" type="stmt"/>
      <line num="9" count="30" type="stmt"/>
      <line num="10" count="30" type="stmt"/>
      <line num="11" count="30" type="stmt"/>
      <line num="12" count="30" type="stmt"/>
      <line num="13" count="30" type="stmt"/>
      <line num="14" count="30" type="stmt"/>
      <line num="15" count="30" type="stmt"/>
      <line num="16" count="30" type="stmt"/>
      <line num="19" count="30" type="stmt"/>
      <line num="20" count="30" type="stmt"/>
      <line num="26" count="30" type="stmt"/>
      <line num="30" count="10" type="cond" truecount="1" falsecount="1"/>
      <line num="32" count="10" type="stmt"/>
      <line num="33" count="10" type="stmt"/>
      <line num="34" count="10" type="stmt"/>
      <line num="35" count="10" type="stmt"/>
      <line num="38" count="10" type="cond" truecount="2" falsecount="0"/>
      <line num="39" count="1" type="stmt"/>
      <line num="40" count="1" type="stmt"/>
      <line num="41" count="1" type="stmt"/>
      <line num="45" count="9" type="stmt"/>
      <line num="47" count="9" type="cond" truecount="4" falsecount="0"/>
      <line num="49" count="5" type="stmt"/>
      <line num="50" count="5" type="stmt"/>
      <line num="53" count="5" type="stmt"/>
      <line num="54" count="4" type="cond" truecount="2" falsecount="0"/>
      <line num="56" count="3" type="stmt"/>
      <line num="57" count="3" type="stmt"/>
      <line num="60" count="1" type="stmt"/>
      <line num="61" count="1" type="stmt"/>
      <line num="62" count="1" type="stmt"/>
      <line num="65" count="9" type="stmt"/>
      <line num="66" count="9" type="stmt"/>
      <line num="69" count="9" type="stmt"/>
      <line num="70" count="9" type="stmt"/>
      <line num="71" count="9" type="cond" truecount="5" falsecount="0"/>
      <line num="72" count="1" type="stmt"/>
      <line num="73" count="1" type="stmt"/>
      <line num="76" count="9" type="cond" truecount="2" falsecount="0"/>
      <line num="77" count="2" type="stmt"/>
      <line num="82" count="9" type="cond" truecount="4" falsecount="0"/>
      <line num="83" count="8" type="stmt"/>
      <line num="85" count="1" type="stmt"/>
      <line num="92" count="5" type="stmt"/>
      <line num="93" count="5" type="stmt"/>
      <line num="94" count="5" type="stmt"/>
      <line num="95" count="5" type="stmt"/>
      <line num="97" count="5" type="stmt"/>
      <line num="101" count="5" type="cond" truecount="2" falsecount="0"/>
      <line num="104" count="1" type="stmt"/>
      <line num="105" count="1" type="stmt"/>
      <line num="107" count="1" type="stmt"/>
      <line num="108" count="1" type="stmt"/>
      <line num="110" count="1" type="stmt"/>
      <line num="112" count="1" type="cond" truecount="1" falsecount="1"/>
      <line num="113" count="1" type="stmt"/>
      <line num="115" count="1" type="stmt"/>
      <line num="117" count="1" type="cond" truecount="1" falsecount="1"/>
      <line num="118" count="1" type="stmt"/>
      <line num="121" count="0" type="stmt"/>
      <line num="125" count="4" type="stmt"/>
    </file>
    <file name="terrain.js" path="/home/tomc/github/tank-wars/src/simulation/terrain.js">
      <metrics statements="34" coveredstatements="34" conditionals="6" coveredconditionals="5" methods="4" coveredmethods="4"/>
      <line num="9" count="31" type="stmt"/>
      <line num="13" count="14" type="stmt"/>
      <line num="18" count="14" type="stmt"/>
      <line num="19" count="14" type="stmt"/>
      <line num="20" count="14" type="stmt"/>
      <line num="21" count="14" type="stmt"/>
      <line num="29" count="14" type="stmt"/>
      <line num="30" count="5600" type="stmt"/>
      <line num="34" count="5600" type="stmt"/>
      <line num="38" count="14" type="stmt"/>
      <line num="39" count="14" type="stmt"/>
      <line num="40" count="14" type="stmt"/>
      <line num="41" count="5600" type="stmt"/>
      <line num="42" count="5600" type="stmt"/>
      <line num="43" count="5600" type="stmt"/>
      <line num="44" count="5600" type="stmt"/>
      <line num="45" count="5600" type="stmt"/>
      <line num="49" count="14" type="stmt"/>
      <line num="50" count="42" type="stmt"/>
      <line num="51" count="16716" type="stmt"/>
      <line num="57" count="181" type="stmt"/>
      <line num="58" count="181" type="cond" truecount="2" falsecount="0"/>
      <line num="59" count="180" type="cond" truecount="1" falsecount="1"/>
      <line num="61" count="180" type="stmt"/>
      <line num="62" count="180" type="stmt"/>
      <line num="66" count="5" type="stmt"/>
      <line num="67" count="5" type="stmt"/>
      <line num="68" count="5" type="stmt"/>
      <line num="70" count="5" type="stmt"/>
      <line num="71" count="195" type="stmt"/>
      <line num="72" count="195" type="stmt"/>
      <line num="73" count="195" type="cond" truecount="2" falsecount="0"/>
      <line num="74" count="192" type="stmt"/>
      <line num="79" count="192" type="stmt"/>
    </file>
    <file name="trigLUT.js" path="/home/tomc/github/tank-wars/src/simulation/trigLUT.js">
      <metrics statements="9" coveredstatements="9" conditionals="2" coveredconditionals="1" methods="2" coveredmethods="2"/>
      <line num="9" count="5" type="stmt"/>
      <line num="10" count="5" type="stmt"/>
      <line num="12" count="5" type="stmt"/>
      <line num="13" count="905" type="stmt"/>
      <line num="14" count="905" type="stmt"/>
      <line num="15" count="905" type="stmt"/>
      <line num="19" count="12" type="cond" truecount="1" falsecount="1"/>
      <line num="20" count="12" type="stmt"/>
      <line num="26" count="12" type="stmt"/>
    </file>
  </project>
</coverage>
