<?xml version="1.0" encoding="UTF-8"?>
<coverage generated="1771023405891" clover="3.2.0">
  <project timestamp="1771023405891" name="All files">
    <metrics statements="342" coveredstatements="342" conditionals="135" coveredconditionals="133" methods="37" coveredmethods="37" elements="514" coveredelements="512" complexity="0" loc="342" ncloc="342" packages="1" files="11" classes="11"/>
    <file name="constants.js" path="/home/tomc/github/tank-wars/src/simulation/constants.js">
      <metrics statements="23" coveredstatements="23" conditionals="0" coveredconditionals="0" methods="0" coveredmethods="0"/>
      <line num="4" count="7" type="stmt"/>
      <line num="6" count="7" type="stmt"/>
      <line num="7" count="7" type="stmt"/>
      <line num="9" count="7" type="stmt"/>
      <line num="10" count="7" type="stmt"/>
      <line num="13" count="7" type="stmt"/>
      <line num="16" count="7" type="stmt"/>
      <line num="17" count="7" type="stmt"/>
      <line num="18" count="7" type="stmt"/>
      <line num="19" count="7" type="stmt"/>
      <line num="22" count="7" type="stmt"/>
      <line num="23" count="7" type="stmt"/>
      <line num="24" count="7" type="stmt"/>
      <line num="25" count="7" type="stmt"/>
      <line num="26" count="7" type="stmt"/>
      <line num="27" count="7" type="stmt"/>
      <line num="30" count="7" type="stmt"/>
      <line num="31" count="7" type="stmt"/>
      <line num="32" count="7" type="stmt"/>
      <line num="35" count="7" type="stmt"/>
      <line num="36" count="7" type="stmt"/>
      <line num="39" count="7" type="stmt"/>
      <line num="40" count="7" type="stmt"/>
    </file>
    <file name="explosion.js" path="/home/tomc/github/tank-wars/src/simulation/explosion.js">
      <metrics statements="15" coveredstatements="15" conditionals="6" coveredconditionals="6" methods="1" coveredmethods="1"/>
      <line num="5" count="6" type="stmt"/>
      <line num="8" count="6" type="stmt"/>
      <line num="9" count="6" type="stmt"/>
      <line num="11" count="6" type="stmt"/>
      <line num="12" count="6" type="cond" truecount="2" falsecount="0"/>
      <line num="14" count="5" type="stmt"/>
      <line num="15" count="5" type="stmt"/>
      <line num="17" count="5" type="stmt"/>
      <line num="18" count="5" type="stmt"/>
      <line num="19" count="5" type="stmt"/>
      <line num="21" count="5" type="cond" truecount="2" falsecount="0"/>
      <line num="24" count="4" type="stmt"/>
      <line num="25" count="4" type="stmt"/>
      <line num="26" count="4" type="cond" truecount="2" falsecount="0"/>
      <line num="27" count="1" type="stmt"/>
    </file>
    <file name="fixed.js" path="/home/tomc/github/tank-wars/src/simulation/fixed.js">
      <metrics statements="6" coveredstatements="6" conditionals="12" coveredconditionals="12" methods="5" coveredmethods="5"/>
      <line num="8" count="4" type="stmt"/>
      <line num="16" count="4" type="cond" truecount="2" falsecount="0"/>
      <line num="17" count="3" type="stmt"/>
      <line num="21" count="3" type="cond" truecount="4" falsecount="0"/>
      <line num="25" count="3" type="cond" truecount="2" falsecount="0"/>
      <line num="29" count="3" type="cond" truecount="4" falsecount="0"/>
    </file>
    <file name="isqrt.js" path="/home/tomc/github/tank-wars/src/simulation/isqrt.js">
      <metrics statements="8" coveredstatements="8" conditionals="4" coveredconditionals="4" methods="1" coveredmethods="1"/>
      <line num="5" count="295" type="cond" truecount="2" falsecount="0"/>
      <line num="6" count="293" type="cond" truecount="2" falsecount="0"/>
      <line num="8" count="285" type="stmt"/>
      <line num="9" count="285" type="stmt"/>
      <line num="10" count="285" type="stmt"/>
      <line num="11" count="1918" type="stmt"/>
      <line num="12" count="1918" type="stmt"/>
      <line num="14" count="285" type="stmt"/>
    </file>
    <file name="projectile.js" path="/home/tomc/github/tank-wars/src/simulation/projectile.js">
      <metrics statements="40" coveredstatements="40" conditionals="25" coveredconditionals="24" methods="2" coveredmethods="2"/>
      <line num="7" count="13" type="stmt"/>
      <line num="8" count="13" type="stmt"/>
      <line num="9" count="13" type="stmt"/>
      <line num="12" count="13" type="stmt"/>
      <line num="13" count="13" type="stmt"/>
      <line num="18" count="13" type="stmt"/>
      <line num="19" count="13" type="stmt"/>
      <line num="21" count="13" type="stmt"/>
      <line num="22" count="13" type="stmt"/>
      <line num="24" count="13" type="stmt"/>
      <line num="28" count="13" type="stmt"/>
      <line num="32" count="158" type="cond" truecount="2" falsecount="0"/>
      <line num="34" count="157" type="stmt"/>
      <line num="35" count="157" type="stmt"/>
      <line num="37" count="157" type="stmt"/>
      <line num="38" count="157" type="stmt"/>
      <line num="39" count="157" type="stmt"/>
      <line num="41" count="157" type="stmt"/>
      <line num="42" count="157" type="stmt"/>
      <line num="45" count="157" type="cond" truecount="6" falsecount="0"/>
      <line num="46" count="2" type="stmt"/>
      <line num="47" count="2" type="stmt"/>
      <line num="51" count="155" type="cond" truecount="2" falsecount="0"/>
      <line num="52" count="1" type="stmt"/>
      <line num="53" count="1" type="stmt"/>
      <line num="57" count="154" type="stmt"/>
      <line num="58" count="302" type="cond" truecount="1" falsecount="1"/>
      <line num="61" count="302" type="cond" truecount="2" falsecount="0"/>
      <line num="62" count="151" type="cond" truecount="2" falsecount="0"/>
      <line num="65" count="290" type="stmt"/>
      <line num="66" count="290" type="stmt"/>
      <line num="68" count="290" type="stmt"/>
      <line num="69" count="290" type="stmt"/>
      <line num="71" count="290" type="cond" truecount="6" falsecount="0"/>
      <line num="72" count="3" type="stmt"/>
      <line num="73" count="3" type="stmt"/>
      <line num="78" count="151" type="cond" truecount="2" falsecount="0"/>
      <line num="79" count="1" type="stmt"/>
      <line num="80" count="1" type="stmt"/>
      <line num="83" count="150" type="stmt"/>
    </file>
    <file name="rng.js" path="/home/tomc/github/tank-wars/src/simulation/rng.js">
      <metrics statements="10" coveredstatements="10" conditionals="3" coveredconditionals="3" methods="3" coveredmethods="3"/>
      <line num="6" count="50" type="stmt"/>
      <line num="7" count="50" type="cond" truecount="2" falsecount="0"/>
      <line num="14" count="10693" type="stmt"/>
      <line num="15" count="10693" type="stmt"/>
      <line num="16" count="10693" type="stmt"/>
      <line num="17" count="10693" type="stmt"/>
      <line num="18" count="10693" type="stmt"/>
      <line num="19" count="10693" type="stmt"/>
      <line num="26" count="10293" type="stmt"/>
      <line num="27" count="10293" type="stmt"/>
    </file>
    <file name="rules.js" path="/home/tomc/github/tank-wars/src/simulation/rules.js">
      <metrics statements="20" coveredstatements="20" conditionals="0" coveredconditionals="0" methods="4" coveredmethods="4"/>
      <line num="1" count="2" type="stmt"/>
      <line num="11" count="21" type="stmt"/>
      <line num="12" count="21" type="stmt"/>
      <line num="13" count="21" type="stmt"/>
      <line num="14" count="21" type="stmt"/>
      <line num="15" count="21" type="stmt"/>
      <line num="16" count="21" type="stmt"/>
      <line num="17" count="21" type="stmt"/>
      <line num="21" count="12" type="stmt"/>
      <line num="22" count="12" type="stmt"/>
      <line num="23" count="12" type="stmt"/>
      <line num="24" count="12" type="stmt"/>
      <line num="28" count="16" type="stmt"/>
      <line num="31" count="16" type="stmt"/>
      <line num="32" count="16" type="stmt"/>
      <line num="33" count="16" type="stmt"/>
      <line num="37" count="4" type="stmt"/>
      <line num="38" count="4" type="stmt"/>
      <line num="39" count="4" type="stmt"/>
      <line num="40" count="4" type="stmt"/>
    </file>
    <file name="sim.js" path="/home/tomc/github/tank-wars/src/simulation/sim.js">
      <metrics statements="117" coveredstatements="117" conditionals="52" coveredconditionals="51" methods="12" coveredmethods="12"/>
      <line num="13" count="18" type="stmt"/>
      <line num="14" count="18" type="stmt"/>
      <line num="15" count="18" type="stmt"/>
      <line num="16" count="18" type="stmt"/>
      <line num="18" count="18" type="stmt"/>
      <line num="23" count="18" type="stmt"/>
      <line num="24" count="18" type="stmt"/>
      <line num="25" count="18" type="stmt"/>
      <line num="26" count="18" type="stmt"/>
      <line num="30" count="36" type="stmt"/>
      <line num="31" count="36" type="stmt"/>
      <line num="32" count="36" type="stmt"/>
      <line num="36" count="10" type="stmt"/>
      <line num="40" count="159" type="stmt"/>
      <line num="41" count="159" type="stmt"/>
      <line num="43" count="159" type="cond" truecount="3" falsecount="0"/>
      <line num="46" count="8" type="cond" truecount="2" falsecount="0"/>
      <line num="47" count="7" type="stmt"/>
      <line num="51" count="8" type="stmt"/>
      <line num="53" count="8" type="cond" truecount="2" falsecount="0"/>
      <line num="54" count="8" type="cond" truecount="2" falsecount="0"/>
      <line num="55" count="8" type="cond" truecount="2" falsecount="0"/>
      <line num="56" count="8" type="cond" truecount="2" falsecount="0"/>
      <line num="59" count="8" type="cond" truecount="2" falsecount="0"/>
      <line num="60" count="8" type="cond" truecount="2" falsecount="0"/>
      <line num="61" count="8" type="cond" truecount="2" falsecount="0"/>
      <line num="62" count="8" type="cond" truecount="2" falsecount="0"/>
      <line num="65" count="8" type="cond" truecount="2" falsecount="0"/>
      <line num="66" count="2" type="stmt"/>
      <line num="68" count="8" type="stmt"/>
      <line num="71" count="148" type="cond" truecount="2" falsecount="0"/>
      <line num="72" count="147" type="stmt"/>
      <line num="73" count="147" type="cond" truecount="2" falsecount="0"/>
      <line num="74" count="2" type="cond" truecount="2" falsecount="0"/>
      <line num="75" count="1" type="stmt"/>
      <line num="76" count="1" type="stmt"/>
      <line num="78" count="2" type="stmt"/>
      <line num="79" count="2" type="stmt"/>
      <line num="80" count="2" type="stmt"/>
      <line num="83" count="148" type="stmt"/>
      <line num="86" count="3" type="stmt"/>
      <line num="87" count="3" type="stmt"/>
      <line num="88" count="6" type="stmt"/>
      <line num="89" count="6" type="cond" truecount="2" falsecount="0"/>
      <line num="92" count="3" type="stmt"/>
      <line num="94" count="3" type="cond" truecount="3" falsecount="1"/>
      <line num="95" count="3" type="stmt"/>
      <line num="96" count="3" type="cond" truecount="2" falsecount="0"/>
      <line num="97" count="2" type="stmt"/>
      <line num="100" count="3" type="stmt"/>
      <line num="105" count="8" type="cond" truecount="2" falsecount="0"/>
      <line num="108" count="7" type="cond" truecount="4" falsecount="0"/>
      <line num="109" count="1" type="stmt"/>
      <line num="110" count="1" type="stmt"/>
      <line num="113" count="6" type="stmt"/>
      <line num="114" count="6" type="stmt"/>
      <line num="115" count="6" type="stmt"/>
      <line num="117" count="6" type="stmt"/>
      <line num="125" count="6" type="stmt"/>
      <line num="129" count="10" type="stmt"/>
      <line num="130" count="5" type="cond" truecount="2" falsecount="0"/>
      <line num="131" count="2" type="stmt"/>
      <line num="132" count="2" type="stmt"/>
      <line num="133" count="3" type="cond" truecount="2" falsecount="0"/>
      <line num="134" count="1" type="stmt"/>
      <line num="135" count="1" type="stmt"/>
      <line num="140" count="2" type="stmt"/>
      <line num="142" count="4" type="stmt"/>
      <line num="169" count="2" type="stmt"/>
      <line num="170" count="800" type="stmt"/>
      <line num="174" count="2" type="stmt"/>
      <line num="175" count="4" type="stmt"/>
      <line num="176" count="4" type="stmt"/>
      <line num="177" count="4" type="stmt"/>
      <line num="178" count="4" type="stmt"/>
      <line num="179" count="4" type="stmt"/>
      <line num="180" count="4" type="stmt"/>
      <line num="181" count="4" type="stmt"/>
      <line num="182" count="4" type="stmt"/>
      <line num="183" count="4" type="stmt"/>
      <line num="184" count="4" type="stmt"/>
      <line num="188" count="2" type="stmt"/>
      <line num="189" count="2" type="stmt"/>
      <line num="190" count="2" type="stmt"/>
      <line num="191" count="2" type="stmt"/>
      <line num="192" count="2" type="stmt"/>
      <line num="193" count="2" type="stmt"/>
      <line num="194" count="2" type="stmt"/>
      <line num="197" count="2" type="stmt"/>
      <line num="198" count="2" type="stmt"/>
      <line num="203" count="3" type="stmt"/>
      <line num="204" count="3" type="stmt"/>
      <line num="205" count="1270" type="stmt"/>
      <line num="209" count="3" type="stmt"/>
      <line num="210" count="1200" type="stmt"/>
      <line num="214" count="3" type="stmt"/>
      <line num="215" count="6" type="stmt"/>
      <line num="216" count="6" type="stmt"/>
      <line num="217" count="6" type="stmt"/>
      <line num="218" count="6" type="stmt"/>
      <line num="219" count="6" type="stmt"/>
      <line num="220" count="6" type="stmt"/>
      <line num="221" count="6" type="stmt"/>
      <line num="222" count="6" type="cond" truecount="2" falsecount="0"/>
      <line num="226" count="3" type="cond" truecount="2" falsecount="0"/>
      <line num="227" count="1" type="stmt"/>
      <line num="228" count="1" type="stmt"/>
      <line num="229" count="1" type="stmt"/>
      <line num="230" count="1" type="stmt"/>
      <line num="231" count="1" type="stmt"/>
      <line num="233" count="2" type="stmt"/>
      <line num="237" count="3" type="stmt"/>
      <line num="238" count="3" type="stmt"/>
      <line num="239" count="3" type="stmt"/>
      <line num="240" count="3" type="stmt"/>
      <line num="244" count="3" type="stmt"/>
      <line num="246" count="3" type="stmt"/>
    </file>
    <file name="tank.js" path="/home/tomc/github/tank-wars/src/simulation/tank.js">
      <metrics statements="60" coveredstatements="60" conditionals="25" coveredconditionals="25" methods="3" coveredmethods="3"/>
      <line num="8" count="52" type="stmt"/>
      <line num="9" count="52" type="stmt"/>
      <line num="10" count="52" type="stmt"/>
      <line num="11" count="52" type="stmt"/>
      <line num="12" count="52" type="stmt"/>
      <line num="13" count="52" type="stmt"/>
      <line num="14" count="52" type="stmt"/>
      <line num="15" count="52" type="stmt"/>
      <line num="16" count="52" type="stmt"/>
      <line num="19" count="52" type="stmt"/>
      <line num="20" count="52" type="stmt"/>
      <line num="26" count="52" type="stmt"/>
      <line num="30" count="16" type="cond" truecount="2" falsecount="0"/>
      <line num="32" count="13" type="stmt"/>
      <line num="33" count="13" type="stmt"/>
      <line num="34" count="13" type="stmt"/>
      <line num="35" count="13" type="stmt"/>
      <line num="38" count="13" type="cond" truecount="2" falsecount="0"/>
      <line num="39" count="1" type="stmt"/>
      <line num="40" count="1" type="stmt"/>
      <line num="41" count="1" type="stmt"/>
      <line num="45" count="12" type="stmt"/>
      <line num="47" count="12" type="cond" truecount="4" falsecount="0"/>
      <line num="49" count="8" type="stmt"/>
      <line num="50" count="8" type="stmt"/>
      <line num="53" count="8" type="stmt"/>
      <line num="54" count="4" type="cond" truecount="2" falsecount="0"/>
      <line num="56" count="3" type="stmt"/>
      <line num="57" count="3" type="stmt"/>
      <line num="60" count="1" type="stmt"/>
      <line num="61" count="1" type="stmt"/>
      <line num="62" count="1" type="stmt"/>
      <line num="65" count="12" type="stmt"/>
      <line num="66" count="12" type="stmt"/>
      <line num="69" count="12" type="stmt"/>
      <line num="70" count="12" type="stmt"/>
      <line num="71" count="12" type="cond" truecount="5" falsecount="0"/>
      <line num="72" count="1" type="stmt"/>
      <line num="73" count="1" type="stmt"/>
      <line num="76" count="12" type="cond" truecount="2" falsecount="0"/>
      <line num="77" count="2" type="stmt"/>
      <line num="82" count="12" type="cond" truecount="4" falsecount="0"/>
      <line num="83" count="10" type="stmt"/>
      <line num="85" count="2" type="stmt"/>
      <line num="92" count="8" type="stmt"/>
      <line num="93" count="8" type="stmt"/>
      <line num="94" count="8" type="stmt"/>
      <line num="95" count="8" type="stmt"/>
      <line num="97" count="8" type="stmt"/>
      <line num="101" count="8" type="cond" truecount="2" falsecount="0"/>
      <line num="104" count="2" type="stmt"/>
      <line num="105" count="2" type="stmt"/>
      <line num="107" count="2" type="stmt"/>
      <line num="108" count="2" type="stmt"/>
      <line num="110" count="2" type="stmt"/>
      <line num="112" count="2" type="stmt"/>
      <line num="114" count="2" type="stmt"/>
      <line num="116" count="2" type="cond" truecount="2" falsecount="0"/>
      <line num="117" count="2" type="stmt"/>
      <line num="120" count="6" type="stmt"/>
    </file>
    <file name="terrain.js" path="/home/tomc/github/tank-wars/src/simulation/terrain.js">
      <metrics statements="34" coveredstatements="34" conditionals="6" coveredconditionals="6" methods="4" coveredmethods="4"/>
      <line num="9" count="48" type="stmt"/>
      <line num="13" count="23" type="stmt"/>
      <line num="18" count="23" type="stmt"/>
      <line num="19" count="23" type="stmt"/>
      <line num="20" count="23" type="stmt"/>
      <line num="21" count="23" type="stmt"/>
      <line num="29" count="23" type="stmt"/>
      <line num="30" count="9200" type="stmt"/>
      <line num="34" count="9200" type="stmt"/>
      <line num="38" count="23" type="stmt"/>
      <line num="39" count="23" type="stmt"/>
      <line num="40" count="23" type="stmt"/>
      <line num="41" count="9200" type="stmt"/>
      <line num="42" count="9200" type="stmt"/>
      <line num="43" count="9200" type="stmt"/>
      <line num="44" count="9200" type="stmt"/>
      <line num="45" count="9200" type="stmt"/>
      <line num="49" count="23" type="stmt"/>
      <line num="50" count="69" type="stmt"/>
      <line num="51" count="27462" type="stmt"/>
      <line num="57" count="227" type="stmt"/>
      <line num="58" count="227" type="cond" truecount="2" falsecount="0"/>
      <line num="59" count="225" type="cond" truecount="2" falsecount="0"/>
      <line num="61" count="224" type="stmt"/>
      <line num="62" count="224" type="stmt"/>
      <line num="66" count="7" type="stmt"/>
      <line num="67" count="7" type="stmt"/>
      <line num="68" count="7" type="stmt"/>
      <line num="70" count="7" type="stmt"/>
      <line num="71" count="287" type="stmt"/>
      <line num="72" count="287" type="stmt"/>
      <line num="73" count="287" type="cond" truecount="2" falsecount="0"/>
      <line num="74" count="283" type="stmt"/>
      <line num="79" count="283" type="stmt"/>
    </file>
    <file name="trigLUT.js" path="/home/tomc/github/tank-wars/src/simulation/trigLUT.js">
      <metrics statements="9" coveredstatements="9" conditionals="2" coveredconditionals="2" methods="2" coveredmethods="2"/>
      <line num="9" count="5" type="stmt"/>
      <line num="10" count="5" type="stmt"/>
      <line num="12" count="5" type="stmt"/>
      <line num="13" count="905" type="stmt"/>
      <line num="14" count="905" type="stmt"/>
      <line num="15" count="905" type="stmt"/>
      <line num="19" count="18" type="cond" truecount="2" falsecount="0"/>
      <line num="20" count="17" type="stmt"/>
      <line num="26" count="17" type="stmt"/>
    </file>
  </project>
</coverage>
