{"/home/tomc/github/tank-wars/src/simulation/constants.js": {"path":"/home/tomc/github/tank-wars/src/simulation/constants.js","statementMap":{"0":{"start":{"line":4,"column":18},"end":{"line":4,"column":23}},"1":{"start":{"line":6,"column":21},"end":{"line":6,"column":24}},"2":{"start":{"line":7,"column":22},"end":{"line":7,"column":25}},"3":{"start":{"line":9,"column":25},"end":{"line":9,"column":27}},"4":{"start":{"line":10,"column":32},"end":{"line":10,"column":48}},"5":{"start":{"line":13,"column":26},"end":{"line":13,"column":31}},"6":{"start":{"line":16,"column":28},"end":{"line":16,"column":29}},"7":{"start":{"line":17,"column":31},"end":{"line":17,"column":51}},"8":{"start":{"line":18,"column":34},"end":{"line":18,"column":36}},"9":{"start":{"line":19,"column":34},"end":{"line":19,"column":37}},"10":{"start":{"line":22,"column":26},"end":{"line":22,"column":28}},"11":{"start":{"line":23,"column":27},"end":{"line":23,"column":29}},"12":{"start":{"line":24,"column":41},"end":{"line":24,"column":43}},"13":{"start":{"line":25,"column":35},"end":{"line":25,"column":39}},"14":{"start":{"line":26,"column":37},"end":{"line":26,"column":46}},"15":{"start":{"line":27,"column":38},"end":{"line":27,"column":48}},"16":{"start":{"line":30,"column":36},"end":{"line":30,"column":39}},"17":{"start":{"line":31,"column":39},"end":{"line":31,"column":40}},"18":{"start":{"line":32,"column":41},"end":{"line":32,"column":44}},"19":{"start":{"line":35,"column":39},"end":{"line":35,"column":41}},"20":{"start":{"line":36,"column":39},"end":{"line":36,"column":41}},"21":{"start":{"line":39,"column":35},"end":{"line":39,"column":39}},"22":{"start":{"line":40,"column":39},"end":{"line":40,"column":42}}},"fnMap":{},"branchMap":{},"s":{"0":7,"1":7,"2":7,"3":7,"4":7,"5":7,"6":7,"7":7,"8":7,"9":7,"10":7,"11":7,"12":7,"13":7,"14":7,"15":7,"16":7,"17":7,"18":7,"19":7,"20":7,"21":7,"22":7},"f":{},"b":{},"meta":{"lastBranch":0,"lastFunction":0,"lastStatement":23,"seen":{"s:4:18:4:23":0,"s:6:21:6:24":1,"s:7:22:7:25":2,"s:9:25:9:27":3,"s:10:32:10:48":4,"s:13:26:13:31":5,"s:16:28:16:29":6,"s:17:31:17:51":7,"s:18:34:18:36":8,"s:19:34:19:37":9,"s:22:26:22:28":10,"s:23:27:23:29":11,"s:24:41:24:43":12,"s:25:35:25:39":13,"s:26:37:26:46":14,"s:27:38:27:48":15,"s:30:36:30:39":16,"s:31:39:31:40":17,"s:32:41:32:44":18,"s:35:39:35:41":19,"s:36:39:36:41":20,"s:39:35:39:39":21,"s:40:39:40:42":22}}}
,"/home/tomc/github/tank-wars/src/simulation/explosion.js": {"path":"/home/tomc/github/tank-wars/src/simulation/explosion.js","statementMap":{"0":{"start":{"line":5,"column":4},"end":{"line":5,"column":null}},"1":{"start":{"line":8,"column":14},"end":{"line":8,"column":37}},"2":{"start":{"line":9,"column":15},"end":{"line":9,"column":20}},"3":{"start":{"line":11,"column":4},"end":{"line":30,"column":null}},"4":{"start":{"line":12,"column":8},"end":{"line":12,"column":null}},"5":{"start":{"line":12,"column":25},"end":{"line":12,"column":null}},"6":{"start":{"line":14,"column":19},"end":{"line":14,"column":45}},"7":{"start":{"line":15,"column":19},"end":{"line":15,"column":45}},"8":{"start":{"line":17,"column":19},"end":{"line":17,"column":26}},"9":{"start":{"line":18,"column":19},"end":{"line":18,"column":26}},"10":{"start":{"line":19,"column":19},"end":{"line":19,"column":36}},"11":{"start":{"line":21,"column":8},"end":{"line":29,"column":null}},"12":{"start":{"line":24,"column":27},"end":{"line":24,"column":61}},"13":{"start":{"line":25,"column":12},"end":{"line":25,"column":null}},"14":{"start":{"line":26,"column":12},"end":{"line":28,"column":null}},"15":{"start":{"line":27,"column":16},"end":{"line":27,"column":null}}},"fnMap":{"0":{"name":"applyExplosion","decl":{"start":{"line":3,"column":16},"end":{"line":3,"column":30}},"loc":{"start":{"line":3,"column":55},"end":{"line":31,"column":null}},"line":3}},"branchMap":{"0":{"loc":{"start":{"line":12,"column":8},"end":{"line":12,"column":null}},"type":"if","locations":[{"start":{"line":12,"column":8},"end":{"line":12,"column":null}},{"start":{},"end":{}}],"line":12},"1":{"loc":{"start":{"line":21,"column":8},"end":{"line":29,"column":null}},"type":"if","locations":[{"start":{"line":21,"column":8},"end":{"line":29,"column":null}},{"start":{},"end":{}}],"line":21},"2":{"loc":{"start":{"line":26,"column":12},"end":{"line":28,"column":null}},"type":"if","locations":[{"start":{"line":26,"column":12},"end":{"line":28,"column":null}},{"start":{},"end":{}}],"line":26}},"s":{"0":6,"1":6,"2":6,"3":6,"4":6,"5":1,"6":5,"7":5,"8":5,"9":5,"10":5,"11":5,"12":4,"13":4,"14":4,"15":1},"f":{"0":6},"b":{"0":[1,5],"1":[4,1],"2":[1,3]},"meta":{"lastBranch":3,"lastFunction":1,"lastStatement":16,"seen":{"f:3:16:3:30":0,"s:5:4:5:Infinity":0,"s:8:14:8:37":1,"s:9:15:9:20":2,"s:11:4:30:Infinity":3,"b:12:8:12:Infinity:undefined:undefined:undefined:undefined":0,"s:12:8:12:Infinity":4,"s:12:25:12:Infinity":5,"s:14:19:14:45":6,"s:15:19:15:45":7,"s:17:19:17:26":8,"s:18:19:18:26":9,"s:19:19:19:36":10,"b:21:8:29:Infinity:undefined:undefined:undefined:undefined":1,"s:21:8:29:Infinity":11,"s:24:27:24:61":12,"s:25:12:25:Infinity":13,"b:26:12:28:Infinity:undefined:undefined:undefined:undefined":2,"s:26:12:28:Infinity":14,"s:27:16:27:Infinity":15}}}
,"/home/tomc/github/tank-wars/src/simulation/fixed.js": {"path":"/home/tomc/github/tank-wars/src/simulation/fixed.js","statementMap":{"0":{"start":{"line":8,"column":4},"end":{"line":8,"column":null}},"1":{"start":{"line":16,"column":4},"end":{"line":16,"column":null}},"2":{"start":{"line":16,"column":17},"end":{"line":16,"column":null}},"3":{"start":{"line":17,"column":4},"end":{"line":17,"column":null}},"4":{"start":{"line":21,"column":4},"end":{"line":21,"column":null}},"5":{"start":{"line":25,"column":4},"end":{"line":25,"column":null}},"6":{"start":{"line":29,"column":4},"end":{"line":29,"column":null}}},"fnMap":{"0":{"name":"mulFP","decl":{"start":{"line":6,"column":16},"end":{"line":6,"column":21}},"loc":{"start":{"line":6,"column":28},"end":{"line":9,"column":null}},"line":6},"1":{"name":"divFP","decl":{"start":{"line":15,"column":16},"end":{"line":15,"column":21}},"loc":{"start":{"line":15,"column":28},"end":{"line":18,"column":null}},"line":15},"2":{"name":"clamp","decl":{"start":{"line":20,"column":16},"end":{"line":20,"column":21}},"loc":{"start":{"line":20,"column":37},"end":{"line":22,"column":null}},"line":20},"3":{"name":"abs","decl":{"start":{"line":24,"column":16},"end":{"line":24,"column":19}},"loc":{"start":{"line":24,"column":25},"end":{"line":26,"column":null}},"line":24},"4":{"name":"sign","decl":{"start":{"line":28,"column":16},"end":{"line":28,"column":20}},"loc":{"start":{"line":28,"column":26},"end":{"line":30,"column":null}},"line":28}},"branchMap":{"0":{"loc":{"start":{"line":16,"column":4},"end":{"line":16,"column":null}},"type":"if","locations":[{"start":{"line":16,"column":4},"end":{"line":16,"column":null}},{"start":{},"end":{}}],"line":16},"1":{"loc":{"start":{"line":21,"column":11},"end":{"line":21,"column":52}},"type":"cond-expr","locations":[{"start":{"line":21,"column":23},"end":{"line":21,"column":26}},{"start":{"line":21,"column":30},"end":{"line":21,"column":51}}],"line":21},"2":{"loc":{"start":{"line":21,"column":30},"end":{"line":21,"column":51}},"type":"cond-expr","locations":[{"start":{"line":21,"column":42},"end":{"line":21,"column":45}},{"start":{"line":21,"column":48},"end":{"line":21,"column":51}}],"line":21},"3":{"loc":{"start":{"line":25,"column":11},"end":{"line":25,"column":31}},"type":"cond-expr","locations":[{"start":{"line":25,"column":21},"end":{"line":25,"column":25}},{"start":{"line":25,"column":28},"end":{"line":25,"column":31}}],"line":25},"4":{"loc":{"start":{"line":29,"column":11},"end":{"line":29,"column":43}},"type":"cond-expr","locations":[{"start":{"line":29,"column":21},"end":{"line":29,"column":23}},{"start":{"line":29,"column":27},"end":{"line":29,"column":42}}],"line":29},"5":{"loc":{"start":{"line":29,"column":27},"end":{"line":29,"column":42}},"type":"cond-expr","locations":[{"start":{"line":29,"column":37},"end":{"line":29,"column":38}},{"start":{"line":29,"column":41},"end":{"line":29,"column":42}}],"line":29}},"s":{"0":4,"1":4,"2":1,"3":3,"4":3,"5":3,"6":3},"f":{"0":4,"1":4,"2":3,"3":3,"4":3},"b":{"0":[1,3],"1":[1,2],"2":[1,1],"3":[1,2],"4":[1,2],"5":[1,1]},"meta":{"lastBranch":6,"lastFunction":5,"lastStatement":7,"seen":{"f:6:16:6:21":0,"s:8:4:8:Infinity":0,"f:15:16:15:21":1,"b:16:4:16:Infinity:undefined:undefined:undefined:undefined":0,"s:16:4:16:Infinity":1,"s:16:17:16:Infinity":2,"s:17:4:17:Infinity":3,"f:20:16:20:21":2,"s:21:4:21:Infinity":4,"b:21:23:21:26:21:30:21:51":1,"b:21:42:21:45:21:48:21:51":2,"f:24:16:24:19":3,"s:25:4:25:Infinity":5,"b:25:21:25:25:25:28:25:31":3,"f:28:16:28:20":4,"s:29:4:29:Infinity":6,"b:29:21:29:23:29:27:29:42":4,"b:29:37:29:38:29:41:29:42":5}}}
,"/home/tomc/github/tank-wars/src/simulation/isqrt.js": {"path":"/home/tomc/github/tank-wars/src/simulation/isqrt.js","statementMap":{"0":{"start":{"line":5,"column":4},"end":{"line":5,"column":null}},"1":{"start":{"line":5,"column":15},"end":{"line":5,"column":null}},"2":{"start":{"line":6,"column":4},"end":{"line":6,"column":null}},"3":{"start":{"line":6,"column":15},"end":{"line":6,"column":null}},"4":{"start":{"line":8,"column":12},"end":{"line":8,"column":13}},"5":{"start":{"line":9,"column":12},"end":{"line":9,"column":35}},"6":{"start":{"line":10,"column":4},"end":{"line":13,"column":null}},"7":{"start":{"line":11,"column":8},"end":{"line":11,"column":null}},"8":{"start":{"line":12,"column":8},"end":{"line":12,"column":null}},"9":{"start":{"line":14,"column":4},"end":{"line":14,"column":null}}},"fnMap":{"0":{"name":"isqrt","decl":{"start":{"line":4,"column":16},"end":{"line":4,"column":21}},"loc":{"start":{"line":4,"column":25},"end":{"line":15,"column":null}},"line":4}},"branchMap":{"0":{"loc":{"start":{"line":5,"column":4},"end":{"line":5,"column":null}},"type":"if","locations":[{"start":{"line":5,"column":4},"end":{"line":5,"column":null}},{"start":{},"end":{}}],"line":5},"1":{"loc":{"start":{"line":6,"column":4},"end":{"line":6,"column":null}},"type":"if","locations":[{"start":{"line":6,"column":4},"end":{"line":6,"column":null}},{"start":{},"end":{}}],"line":6}},"s":{"0":295,"1":2,"2":293,"3":8,"4":285,"5":285,"6":285,"7":1918,"8":1918,"9":285},"f":{"0":295},"b":{"0":[2,293],"1":[8,285]},"meta":{"lastBranch":2,"lastFunction":1,"lastStatement":10,"seen":{"f:4:16:4:21":0,"b:5:4:5:Infinity:undefined:undefined:undefined:undefined":0,"s:5:4:5:Infinity":0,"s:5:15:5:Infinity":1,"b:6:4:6:Infinity:undefined:undefined:undefined:undefined":1,"s:6:4:6:Infinity":2,"s:6:15:6:Infinity":3,"s:8:12:8:13":4,"s:9:12:9:35":5,"s:10:4:13:Infinity":6,"s:11:8:11:Infinity":7,"s:12:8:12:Infinity":8,"s:14:4:14:Infinity":9}}}
,"/home/tomc/github/tank-wars/src/simulation/projectile.js": {"path":"/home/tomc/github/tank-wars/src/simulation/projectile.js","statementMap":{"0":{"start":{"line":7,"column":8},"end":{"line":7,"column":null}},"1":{"start":{"line":8,"column":8},"end":{"line":8,"column":null}},"2":{"start":{"line":9,"column":8},"end":{"line":9,"column":null}},"3":{"start":{"line":12,"column":19},"end":{"line":12,"column":28}},"4":{"start":{"line":13,"column":22},"end":{"line":13,"column":29}},"5":{"start":{"line":18,"column":8},"end":{"line":18,"column":null}},"6":{"start":{"line":19,"column":8},"end":{"line":19,"column":null}},"7":{"start":{"line":21,"column":8},"end":{"line":21,"column":null}},"8":{"start":{"line":22,"column":8},"end":{"line":22,"column":null}},"9":{"start":{"line":24,"column":8},"end":{"line":24,"column":null}},"10":{"start":{"line":28,"column":8},"end":{"line":28,"column":null}},"11":{"start":{"line":32,"column":8},"end":{"line":32,"column":null}},"12":{"start":{"line":32,"column":26},"end":{"line":32,"column":null}},"13":{"start":{"line":34,"column":8},"end":{"line":34,"column":null}},"14":{"start":{"line":35,"column":8},"end":{"line":35,"column":null}},"15":{"start":{"line":37,"column":8},"end":{"line":37,"column":null}},"16":{"start":{"line":38,"column":8},"end":{"line":38,"column":null}},"17":{"start":{"line":39,"column":8},"end":{"line":39,"column":null}},"18":{"start":{"line":41,"column":18},"end":{"line":41,"column":44}},"19":{"start":{"line":42,"column":18},"end":{"line":42,"column":44}},"20":{"start":{"line":45,"column":8},"end":{"line":48,"column":null}},"21":{"start":{"line":46,"column":12},"end":{"line":46,"column":null}},"22":{"start":{"line":47,"column":12},"end":{"line":47,"column":null}},"23":{"start":{"line":51,"column":8},"end":{"line":54,"column":null}},"24":{"start":{"line":52,"column":12},"end":{"line":52,"column":null}},"25":{"start":{"line":53,"column":12},"end":{"line":53,"column":null}},"26":{"start":{"line":57,"column":8},"end":{"line":75,"column":null}},"27":{"start":{"line":58,"column":12},"end":{"line":58,"column":null}},"28":{"start":{"line":58,"column":29},"end":{"line":58,"column":null}},"29":{"start":{"line":61,"column":12},"end":{"line":63,"column":null}},"30":{"start":{"line":62,"column":16},"end":{"line":62,"column":null}},"31":{"start":{"line":62,"column":41},"end":{"line":62,"column":null}},"32":{"start":{"line":65,"column":23},"end":{"line":65,"column":49}},"33":{"start":{"line":66,"column":23},"end":{"line":66,"column":49}},"34":{"start":{"line":68,"column":26},"end":{"line":68,"column":28}},"35":{"start":{"line":69,"column":26},"end":{"line":69,"column":27}},"36":{"start":{"line":71,"column":12},"end":{"line":74,"column":null}},"37":{"start":{"line":72,"column":16},"end":{"line":72,"column":null}},"38":{"start":{"line":73,"column":16},"end":{"line":73,"column":null}},"39":{"start":{"line":78,"column":8},"end":{"line":81,"column":null}},"40":{"start":{"line":79,"column":12},"end":{"line":79,"column":null}},"41":{"start":{"line":80,"column":12},"end":{"line":80,"column":null}},"42":{"start":{"line":83,"column":8},"end":{"line":83,"column":null}}},"fnMap":{"0":{"name":"(anonymous_0)","decl":{"start":{"line":6,"column":4},"end":{"line":6,"column":15}},"loc":{"start":{"line":6,"column":67},"end":{"line":29,"column":null}},"line":6},"1":{"name":"(anonymous_1)","decl":{"start":{"line":31,"column":4},"end":{"line":31,"column":8}},"loc":{"start":{"line":31,"column":25},"end":{"line":84,"column":null}},"line":31}},"branchMap":{"0":{"loc":{"start":{"line":6,"column":51},"end":{"line":6,"column":65}},"type":"default-arg","locations":[{"start":{"line":6,"column":63},"end":{"line":6,"column":65}}],"line":6},"1":{"loc":{"start":{"line":32,"column":8},"end":{"line":32,"column":null}},"type":"if","locations":[{"start":{"line":32,"column":8},"end":{"line":32,"column":null}},{"start":{},"end":{}}],"line":32},"2":{"loc":{"start":{"line":45,"column":8},"end":{"line":48,"column":null}},"type":"if","locations":[{"start":{"line":45,"column":8},"end":{"line":48,"column":null}},{"start":{},"end":{}}],"line":45},"3":{"loc":{"start":{"line":45,"column":12},"end":{"line":45,"column":50}},"type":"binary-expr","locations":[{"start":{"line":45,"column":12},"end":{"line":45,"column":17}},{"start":{"line":45,"column":21},"end":{"line":45,"column":29}},{"start":{"line":45,"column":33},"end":{"line":45,"column":38}},{"start":{"line":45,"column":42},"end":{"line":45,"column":50}}],"line":45},"4":{"loc":{"start":{"line":51,"column":8},"end":{"line":54,"column":null}},"type":"if","locations":[{"start":{"line":51,"column":8},"end":{"line":54,"column":null}},{"start":{},"end":{}}],"line":51},"5":{"loc":{"start":{"line":58,"column":12},"end":{"line":58,"column":null}},"type":"if","locations":[{"start":{"line":58,"column":12},"end":{"line":58,"column":null}},{"start":{},"end":{}}],"line":58},"6":{"loc":{"start":{"line":61,"column":12},"end":{"line":63,"column":null}},"type":"if","locations":[{"start":{"line":61,"column":12},"end":{"line":63,"column":null}},{"start":{},"end":{}}],"line":61},"7":{"loc":{"start":{"line":62,"column":16},"end":{"line":62,"column":null}},"type":"if","locations":[{"start":{"line":62,"column":16},"end":{"line":62,"column":null}},{"start":{},"end":{}}],"line":62},"8":{"loc":{"start":{"line":71,"column":12},"end":{"line":74,"column":null}},"type":"if","locations":[{"start":{"line":71,"column":12},"end":{"line":74,"column":null}},{"start":{},"end":{}}],"line":71},"9":{"loc":{"start":{"line":71,"column":16},"end":{"line":71,"column":88}},"type":"binary-expr","locations":[{"start":{"line":71,"column":16},"end":{"line":71,"column":31}},{"start":{"line":71,"column":35},"end":{"line":71,"column":50}},{"start":{"line":71,"column":54},"end":{"line":71,"column":69}},{"start":{"line":71,"column":73},"end":{"line":71,"column":88}}],"line":71},"10":{"loc":{"start":{"line":78,"column":8},"end":{"line":81,"column":null}},"type":"if","locations":[{"start":{"line":78,"column":8},"end":{"line":81,"column":null}},{"start":{},"end":{}}],"line":78}},"s":{"0":13,"1":13,"2":13,"3":13,"4":13,"5":13,"6":13,"7":13,"8":13,"9":13,"10":13,"11":158,"12":1,"13":157,"14":157,"15":157,"16":157,"17":157,"18":157,"19":157,"20":157,"21":2,"22":2,"23":155,"24":1,"25":1,"26":154,"27":302,"28":0,"29":302,"30":151,"31":12,"32":290,"33":290,"34":290,"35":290,"36":290,"37":3,"38":3,"39":151,"40":1,"41":1,"42":150},"f":{"0":13,"1":158},"b":{"0":[13],"1":[1,157],"2":[2,155],"3":[157,157,156,156],"4":[1,154],"5":[0,302],"6":[151,151],"7":[12,139],"8":[3,287],"9":[290,141,133,133],"10":[1,150]},"meta":{"lastBranch":11,"lastFunction":2,"lastStatement":43,"seen":{"f:6:4:6:15":0,"b:6:63:6:65":0,"s:7:8:7:Infinity":0,"s:8:8:8:Infinity":1,"s:9:8:9:Infinity":2,"s:12:19:12:28":3,"s:13:22:13:29":4,"s:18:8:18:Infinity":5,"s:19:8:19:Infinity":6,"s:21:8:21:Infinity":7,"s:22:8:22:Infinity":8,"s:24:8:24:Infinity":9,"s:28:8:28:Infinity":10,"f:31:4:31:8":1,"b:32:8:32:Infinity:undefined:undefined:undefined:undefined":1,"s:32:8:32:Infinity":11,"s:32:26:32:Infinity":12,"s:34:8:34:Infinity":13,"s:35:8:35:Infinity":14,"s:37:8:37:Infinity":15,"s:38:8:38:Infinity":16,"s:39:8:39:Infinity":17,"s:41:18:41:44":18,"s:42:18:42:44":19,"b:45:8:48:Infinity:undefined:undefined:undefined:undefined":2,"s:45:8:48:Infinity":20,"b:45:12:45:17:45:21:45:29:45:33:45:38:45:42:45:50":3,"s:46:12:46:Infinity":21,"s:47:12:47:Infinity":22,"b:51:8:54:Infinity:undefined:undefined:undefined:undefined":4,"s:51:8:54:Infinity":23,"s:52:12:52:Infinity":24,"s:53:12:53:Infinity":25,"s:57:8:75:Infinity":26,"b:58:12:58:Infinity:undefined:undefined:undefined:undefined":5,"s:58:12:58:Infinity":27,"s:58:29:58:Infinity":28,"b:61:12:63:Infinity:undefined:undefined:undefined:undefined":6,"s:61:12:63:Infinity":29,"b:62:16:62:Infinity:undefined:undefined:undefined:undefined":7,"s:62:16:62:Infinity":30,"s:62:41:62:Infinity":31,"s:65:23:65:49":32,"s:66:23:66:49":33,"s:68:26:68:28":34,"s:69:26:69:27":35,"b:71:12:74:Infinity:undefined:undefined:undefined:undefined":8,"s:71:12:74:Infinity":36,"b:71:16:71:31:71:35:71:50:71:54:71:69:71:73:71:88":9,"s:72:16:72:Infinity":37,"s:73:16:73:Infinity":38,"b:78:8:81:Infinity:undefined:undefined:undefined:undefined":10,"s:78:8:81:Infinity":39,"s:79:12:79:Infinity":40,"s:80:12:80:Infinity":41,"s:83:8:83:Infinity":42}}}
,"/home/tomc/github/tank-wars/src/simulation/rng.js": {"path":"/home/tomc/github/tank-wars/src/simulation/rng.js","statementMap":{"0":{"start":{"line":6,"column":8},"end":{"line":6,"column":null}},"1":{"start":{"line":7,"column":8},"end":{"line":7,"column":null}},"2":{"start":{"line":7,"column":30},"end":{"line":7,"column":null}},"3":{"start":{"line":14,"column":16},"end":{"line":14,"column":26}},"4":{"start":{"line":15,"column":8},"end":{"line":15,"column":null}},"5":{"start":{"line":16,"column":8},"end":{"line":16,"column":null}},"6":{"start":{"line":17,"column":8},"end":{"line":17,"column":null}},"7":{"start":{"line":18,"column":8},"end":{"line":18,"column":null}},"8":{"start":{"line":19,"column":8},"end":{"line":19,"column":null}},"9":{"start":{"line":26,"column":22},"end":{"line":26,"column":35}},"10":{"start":{"line":27,"column":8},"end":{"line":27,"column":null}}},"fnMap":{"0":{"name":"(anonymous_0)","decl":{"start":{"line":5,"column":4},"end":{"line":5,"column":15}},"loc":{"start":{"line":5,"column":26},"end":{"line":8,"column":null}},"line":5},"1":{"name":"(anonymous_1)","decl":{"start":{"line":13,"column":4},"end":{"line":13,"column":11}},"loc":{"start":{"line":13,"column":14},"end":{"line":20,"column":null}},"line":13},"2":{"name":"(anonymous_2)","decl":{"start":{"line":25,"column":4},"end":{"line":25,"column":11}},"loc":{"start":{"line":25,"column":22},"end":{"line":28,"column":null}},"line":25}},"branchMap":{"0":{"loc":{"start":{"line":5,"column":16},"end":{"line":5,"column":24}},"type":"default-arg","locations":[{"start":{"line":5,"column":23},"end":{"line":5,"column":24}}],"line":5},"1":{"loc":{"start":{"line":7,"column":8},"end":{"line":7,"column":null}},"type":"if","locations":[{"start":{"line":7,"column":8},"end":{"line":7,"column":null}},{"start":{},"end":{}}],"line":7}},"s":{"0":50,"1":50,"2":1,"3":10693,"4":10693,"5":10693,"6":10693,"7":10693,"8":10693,"9":10293,"10":10293},"f":{"0":50,"1":10693,"2":10293},"b":{"0":[50],"1":[1,49]},"meta":{"lastBranch":2,"lastFunction":3,"lastStatement":11,"seen":{"f:5:4:5:15":0,"b:5:23:5:24":0,"s:6:8:6:Infinity":0,"b:7:8:7:Infinity:undefined:undefined:undefined:undefined":1,"s:7:8:7:Infinity":1,"s:7:30:7:Infinity":2,"f:13:4:13:11":1,"s:14:16:14:26":3,"s:15:8:15:Infinity":4,"s:16:8:16:Infinity":5,"s:17:8:17:Infinity":6,"s:18:8:18:Infinity":7,"s:19:8:19:Infinity":8,"f:25:4:25:11":2,"s:26:22:26:35":9,"s:27:8:27:Infinity":10}}}
,"/home/tomc/github/tank-wars/src/simulation/rules.js": {"path":"/home/tomc/github/tank-wars/src/simulation/rules.js","statementMap":{"0":{"start":{"line":1,"column":25},"end":{"line":7,"column":1}},"1":{"start":{"line":11,"column":8},"end":{"line":11,"column":null}},"2":{"start":{"line":12,"column":8},"end":{"line":12,"column":null}},"3":{"start":{"line":13,"column":8},"end":{"line":13,"column":null}},"4":{"start":{"line":14,"column":8},"end":{"line":14,"column":null}},"5":{"start":{"line":15,"column":8},"end":{"line":15,"column":null}},"6":{"start":{"line":16,"column":8},"end":{"line":16,"column":null}},"7":{"start":{"line":17,"column":8},"end":{"line":17,"column":null}},"8":{"start":{"line":21,"column":8},"end":{"line":21,"column":null}},"9":{"start":{"line":22,"column":8},"end":{"line":22,"column":null}},"10":{"start":{"line":23,"column":8},"end":{"line":23,"column":null}},"11":{"start":{"line":24,"column":8},"end":{"line":24,"column":null}},"12":{"start":{"line":28,"column":8},"end":{"line":28,"column":30}},"13":{"start":{"line":31,"column":19},"end":{"line":31,"column":39}},"14":{"start":{"line":32,"column":19},"end":{"line":32,"column":39}},"15":{"start":{"line":33,"column":8},"end":{"line":33,"column":null}},"16":{"start":{"line":37,"column":8},"end":{"line":37,"column":null}},"17":{"start":{"line":38,"column":8},"end":{"line":38,"column":null}},"18":{"start":{"line":39,"column":8},"end":{"line":39,"column":null}},"19":{"start":{"line":40,"column":8},"end":{"line":40,"column":null}}},"fnMap":{"0":{"name":"(anonymous_0)","decl":{"start":{"line":10,"column":4},"end":{"line":10,"column":15}},"loc":{"start":{"line":10,"column":18},"end":{"line":18,"column":null}},"line":10},"1":{"name":"(anonymous_1)","decl":{"start":{"line":20,"column":4},"end":{"line":20,"column":14}},"loc":{"start":{"line":20,"column":20},"end":{"line":25,"column":null}},"line":20},"2":{"name":"(anonymous_2)","decl":{"start":{"line":27,"column":4},"end":{"line":27,"column":13}},"loc":{"start":{"line":27,"column":19},"end":{"line":34,"column":null}},"line":27},"3":{"name":"(anonymous_3)","decl":{"start":{"line":36,"column":4},"end":{"line":36,"column":12}},"loc":{"start":{"line":36,"column":18},"end":{"line":41,"column":null}},"line":36}},"branchMap":{},"s":{"0":2,"1":21,"2":21,"3":21,"4":21,"5":21,"6":21,"7":21,"8":12,"9":12,"10":12,"11":12,"12":16,"13":16,"14":16,"15":16,"16":4,"17":4,"18":4,"19":4},"f":{"0":21,"1":12,"2":16,"3":4},"b":{},"meta":{"lastBranch":0,"lastFunction":4,"lastStatement":20,"seen":{"s:1:25:7:1":0,"f:10:4:10:15":0,"s:11:8:11:Infinity":1,"s:12:8:12:Infinity":2,"s:13:8:13:Infinity":3,"s:14:8:14:Infinity":4,"s:15:8:15:Infinity":5,"s:16:8:16:Infinity":6,"s:17:8:17:Infinity":7,"f:20:4:20:14":1,"s:21:8:21:Infinity":8,"s:22:8:22:Infinity":9,"s:23:8:23:Infinity":10,"s:24:8:24:Infinity":11,"f:27:4:27:13":2,"s:28:8:28:30":12,"s:31:19:31:39":13,"s:32:19:32:39":14,"s:33:8:33:Infinity":15,"f:36:4:36:12":3,"s:37:8:37:Infinity":16,"s:38:8:38:Infinity":17,"s:39:8:39:Infinity":18,"s:40:8:40:Infinity":19}}}
,"/home/tomc/github/tank-wars/src/simulation/sim.js": {"path":"/home/tomc/github/tank-wars/src/simulation/sim.js","statementMap":{"0":{"start":{"line":13,"column":8},"end":{"line":13,"column":null}},"1":{"start":{"line":14,"column":8},"end":{"line":14,"column":null}},"2":{"start":{"line":15,"column":8},"end":{"line":15,"column":null}},"3":{"start":{"line":16,"column":8},"end":{"line":16,"column":null}},"4":{"start":{"line":18,"column":8},"end":{"line":21,"column":null}},"5":{"start":{"line":23,"column":8},"end":{"line":23,"column":null}},"6":{"start":{"line":24,"column":8},"end":{"line":24,"column":null}},"7":{"start":{"line":25,"column":8},"end":{"line":25,"column":null}},"8":{"start":{"line":26,"column":8},"end":{"line":26,"column":null}},"9":{"start":{"line":30,"column":18},"end":{"line":30,"column":54}},"10":{"start":{"line":31,"column":18},"end":{"line":31,"column":46}},"11":{"start":{"line":32,"column":8},"end":{"line":32,"column":50}},"12":{"start":{"line":36,"column":8},"end":{"line":36,"column":null}},"13":{"start":{"line":40,"column":8},"end":{"line":40,"column":null}},"14":{"start":{"line":41,"column":8},"end":{"line":41,"column":null}},"15":{"start":{"line":43,"column":8},"end":{"line":101,"column":null}},"16":{"start":{"line":46,"column":16},"end":{"line":48,"column":null}},"17":{"start":{"line":47,"column":20},"end":{"line":47,"column":null}},"18":{"start":{"line":51,"column":35},"end":{"line":51,"column":75}},"19":{"start":{"line":53,"column":16},"end":{"line":53,"column":null}},"20":{"start":{"line":53,"column":33},"end":{"line":53,"column":null}},"21":{"start":{"line":54,"column":16},"end":{"line":54,"column":null}},"22":{"start":{"line":54,"column":34},"end":{"line":54,"column":null}},"23":{"start":{"line":55,"column":16},"end":{"line":55,"column":null}},"24":{"start":{"line":55,"column":31},"end":{"line":55,"column":null}},"25":{"start":{"line":56,"column":16},"end":{"line":56,"column":null}},"26":{"start":{"line":56,"column":33},"end":{"line":56,"column":null}},"27":{"start":{"line":59,"column":16},"end":{"line":59,"column":null}},"28":{"start":{"line":59,"column":45},"end":{"line":59,"column":null}},"29":{"start":{"line":60,"column":16},"end":{"line":60,"column":null}},"30":{"start":{"line":60,"column":47},"end":{"line":60,"column":null}},"31":{"start":{"line":61,"column":16},"end":{"line":61,"column":null}},"32":{"start":{"line":61,"column":45},"end":{"line":61,"column":null}},"33":{"start":{"line":62,"column":16},"end":{"line":62,"column":null}},"34":{"start":{"line":62,"column":47},"end":{"line":62,"column":null}},"35":{"start":{"line":65,"column":16},"end":{"line":67,"column":null}},"36":{"start":{"line":66,"column":20},"end":{"line":66,"column":null}},"37":{"start":{"line":68,"column":16},"end":{"line":68,"column":null}},"38":{"start":{"line":71,"column":16},"end":{"line":82,"column":null}},"39":{"start":{"line":72,"column":35},"end":{"line":72,"column":81}},"40":{"start":{"line":73,"column":20},"end":{"line":81,"column":null}},"41":{"start":{"line":74,"column":24},"end":{"line":77,"column":null}},"42":{"start":{"line":75,"column":27},"end":{"line":75,"column":null}},"43":{"start":{"line":76,"column":28},"end":{"line":76,"column":null}},"44":{"start":{"line":78,"column":24},"end":{"line":78,"column":null}},"45":{"start":{"line":79,"column":24},"end":{"line":79,"column":null}},"46":{"start":{"line":80,"column":24},"end":{"line":80,"column":null}},"47":{"start":{"line":83,"column":16},"end":{"line":83,"column":null}},"48":{"start":{"line":86,"column":32},"end":{"line":86,"column":36}},"49":{"start":{"line":87,"column":16},"end":{"line":90,"column":null}},"50":{"start":{"line":88,"column":20},"end":{"line":88,"column":null}},"51":{"start":{"line":89,"column":20},"end":{"line":89,"column":null}},"52":{"start":{"line":89,"column":38},"end":{"line":89,"column":null}},"53":{"start":{"line":92,"column":16},"end":{"line":92,"column":null}},"54":{"start":{"line":94,"column":16},"end":{"line":99,"column":null}},"55":{"start":{"line":95,"column":20},"end":{"line":95,"column":null}},"56":{"start":{"line":96,"column":20},"end":{"line":98,"column":null}},"57":{"start":{"line":97,"column":24},"end":{"line":97,"column":null}},"58":{"start":{"line":100,"column":16},"end":{"line":100,"column":null}},"59":{"start":{"line":105,"column":8},"end":{"line":105,"column":null}},"60":{"start":{"line":105,"column":53},"end":{"line":105,"column":null}},"61":{"start":{"line":108,"column":8},"end":{"line":111,"column":null}},"62":{"start":{"line":109,"column":12},"end":{"line":109,"column":null}},"63":{"start":{"line":110,"column":12},"end":{"line":110,"column":null}},"64":{"start":{"line":113,"column":27},"end":{"line":113,"column":67}},"65":{"start":{"line":114,"column":8},"end":{"line":114,"column":null}},"66":{"start":{"line":115,"column":8},"end":{"line":115,"column":null}},"67":{"start":{"line":117,"column":8},"end":{"line":124,"column":null}},"68":{"start":{"line":125,"column":8},"end":{"line":125,"column":null}},"69":{"start":{"line":129,"column":27},"end":{"line":129,"column":58}},"70":{"start":{"line":129,"column":50},"end":{"line":129,"column":57}},"71":{"start":{"line":130,"column":8},"end":{"line":136,"column":null}},"72":{"start":{"line":131,"column":12},"end":{"line":131,"column":null}},"73":{"start":{"line":132,"column":12},"end":{"line":132,"column":35}},"74":{"start":{"line":133,"column":15},"end":{"line":136,"column":null}},"75":{"start":{"line":134,"column":12},"end":{"line":134,"column":null}},"76":{"start":{"line":135,"column":12},"end":{"line":135,"column":null}},"77":{"start":{"line":140,"column":8},"end":{"line":164,"column":null}},"78":{"start":{"line":142,"column":40},"end":{"line":152,"column":13}},"79":{"start":{"line":169,"column":8},"end":{"line":171,"column":null}},"80":{"start":{"line":169,"column":21},"end":{"line":169,"column":22}},"81":{"start":{"line":170,"column":12},"end":{"line":170,"column":null}},"82":{"start":{"line":174,"column":8},"end":{"line":185,"column":null}},"83":{"start":{"line":174,"column":21},"end":{"line":174,"column":22}},"84":{"start":{"line":175,"column":22},"end":{"line":175,"column":36}},"85":{"start":{"line":176,"column":22},"end":{"line":176,"column":35}},"86":{"start":{"line":177,"column":12},"end":{"line":177,"column":null}},"87":{"start":{"line":178,"column":12},"end":{"line":178,"column":null}},"88":{"start":{"line":179,"column":12},"end":{"line":179,"column":null}},"89":{"start":{"line":180,"column":12},"end":{"line":180,"column":null}},"90":{"start":{"line":181,"column":12},"end":{"line":181,"column":null}},"91":{"start":{"line":182,"column":12},"end":{"line":182,"column":null}},"92":{"start":{"line":183,"column":12},"end":{"line":183,"column":null}},"93":{"start":{"line":184,"column":12},"end":{"line":184,"column":null}},"94":{"start":{"line":188,"column":8},"end":{"line":188,"column":null}},"95":{"start":{"line":189,"column":8},"end":{"line":189,"column":null}},"96":{"start":{"line":190,"column":8},"end":{"line":190,"column":null}},"97":{"start":{"line":191,"column":8},"end":{"line":191,"column":null}},"98":{"start":{"line":192,"column":8},"end":{"line":192,"column":null}},"99":{"start":{"line":193,"column":8},"end":{"line":193,"column":null}},"100":{"start":{"line":194,"column":8},"end":{"line":194,"column":null}},"101":{"start":{"line":197,"column":8},"end":{"line":197,"column":null}},"102":{"start":{"line":198,"column":8},"end":{"line":198,"column":null}},"103":{"start":{"line":203,"column":16},"end":{"line":203,"column":17}},"104":{"start":{"line":204,"column":24},"end":{"line":206,"column":9}},"105":{"start":{"line":205,"column":12},"end":{"line":205,"column":null}},"106":{"start":{"line":209,"column":8},"end":{"line":211,"column":null}},"107":{"start":{"line":209,"column":21},"end":{"line":209,"column":22}},"108":{"start":{"line":210,"column":12},"end":{"line":210,"column":null}},"109":{"start":{"line":214,"column":8},"end":{"line":223,"column":null}},"110":{"start":{"line":215,"column":12},"end":{"line":215,"column":null}},"111":{"start":{"line":216,"column":12},"end":{"line":216,"column":null}},"112":{"start":{"line":217,"column":12},"end":{"line":217,"column":null}},"113":{"start":{"line":218,"column":12},"end":{"line":218,"column":null}},"114":{"start":{"line":219,"column":12},"end":{"line":219,"column":null}},"115":{"start":{"line":220,"column":12},"end":{"line":220,"column":null}},"116":{"start":{"line":221,"column":12},"end":{"line":221,"column":null}},"117":{"start":{"line":222,"column":12},"end":{"line":222,"column":null}},"118":{"start":{"line":226,"column":8},"end":{"line":234,"column":null}},"119":{"start":{"line":227,"column":12},"end":{"line":227,"column":null}},"120":{"start":{"line":228,"column":12},"end":{"line":228,"column":null}},"121":{"start":{"line":229,"column":12},"end":{"line":229,"column":null}},"122":{"start":{"line":230,"column":12},"end":{"line":230,"column":null}},"123":{"start":{"line":231,"column":12},"end":{"line":231,"column":null}},"124":{"start":{"line":233,"column":12},"end":{"line":233,"column":null}},"125":{"start":{"line":237,"column":8},"end":{"line":237,"column":null}},"126":{"start":{"line":238,"column":8},"end":{"line":238,"column":null}},"127":{"start":{"line":239,"column":8},"end":{"line":239,"column":null}},"128":{"start":{"line":240,"column":8},"end":{"line":240,"column":null}},"129":{"start":{"line":244,"column":8},"end":{"line":244,"column":null}},"130":{"start":{"line":246,"column":8},"end":{"line":246,"column":null}}},"fnMap":{"0":{"name":"(anonymous_0)","decl":{"start":{"line":12,"column":4},"end":{"line":12,"column":15}},"loc":{"start":{"line":12,"column":22},"end":{"line":27,"column":null}},"line":12},"1":{"name":"(anonymous_1)","decl":{"start":{"line":29,"column":4},"end":{"line":29,"column":14}},"loc":{"start":{"line":29,"column":26},"end":{"line":33,"column":null}},"line":29},"2":{"name":"(anonymous_2)","decl":{"start":{"line":35,"column":4},"end":{"line":35,"column":9}},"loc":{"start":{"line":35,"column":12},"end":{"line":37,"column":null}},"line":35},"3":{"name":"(anonymous_3)","decl":{"start":{"line":39,"column":4},"end":{"line":39,"column":8}},"loc":{"start":{"line":39,"column":22},"end":{"line":102,"column":null}},"line":39},"4":{"name":"(anonymous_4)","decl":{"start":{"line":104,"column":4},"end":{"line":104,"column":8}},"loc":{"start":{"line":104,"column":36},"end":{"line":126,"column":null}},"line":104},"5":{"name":"(anonymous_5)","decl":{"start":{"line":128,"column":4},"end":{"line":128,"column":22}},"loc":{"start":{"line":128,"column":25},"end":{"line":137,"column":null}},"line":128},"6":{"name":"(anonymous_6)","decl":{"start":{"line":129,"column":45},"end":{"line":129,"column":46}},"loc":{"start":{"line":129,"column":50},"end":{"line":129,"column":57}},"line":129},"7":{"name":"(anonymous_7)","decl":{"start":{"line":139,"column":4},"end":{"line":139,"column":12}},"loc":{"start":{"line":139,"column":15},"end":{"line":165,"column":null}},"line":139},"8":{"name":"(anonymous_8)","decl":{"start":{"line":142,"column":34},"end":{"line":142,"column":35}},"loc":{"start":{"line":142,"column":40},"end":{"line":152,"column":13}},"line":142},"9":{"name":"(anonymous_9)","decl":{"start":{"line":167,"column":4},"end":{"line":167,"column":12}},"loc":{"start":{"line":167,"column":20},"end":{"line":199,"column":null}},"line":167},"10":{"name":"(anonymous_10)","decl":{"start":{"line":201,"column":4},"end":{"line":201,"column":16}},"loc":{"start":{"line":201,"column":19},"end":{"line":247,"column":null}},"line":201},"11":{"name":"(anonymous_11)","decl":{"start":{"line":204,"column":24},"end":{"line":204,"column":25}},"loc":{"start":{"line":204,"column":33},"end":{"line":206,"column":9}},"line":204}},"branchMap":{"0":{"loc":{"start":{"line":39,"column":9},"end":{"line":39,"column":20}},"type":"default-arg","locations":[{"start":{"line":39,"column":18},"end":{"line":39,"column":20}}],"line":39},"1":{"loc":{"start":{"line":43,"column":8},"end":{"line":101,"column":null}},"type":"switch","locations":[{"start":{"line":44,"column":12},"end":{"line":68,"column":null}},{"start":{"line":70,"column":12},"end":{"line":83,"column":null}},{"start":{"line":85,"column":12},"end":{"line":100,"column":null}}],"line":43},"2":{"loc":{"start":{"line":46,"column":16},"end":{"line":48,"column":null}},"type":"if","locations":[{"start":{"line":46,"column":16},"end":{"line":48,"column":null}},{"start":{},"end":{}}],"line":46},"3":{"loc":{"start":{"line":53,"column":16},"end":{"line":53,"column":null}},"type":"if","locations":[{"start":{"line":53,"column":16},"end":{"line":53,"column":null}},{"start":{},"end":{}}],"line":53},"4":{"loc":{"start":{"line":54,"column":16},"end":{"line":54,"column":null}},"type":"if","locations":[{"start":{"line":54,"column":16},"end":{"line":54,"column":null}},{"start":{},"end":{}}],"line":54},"5":{"loc":{"start":{"line":55,"column":16},"end":{"line":55,"column":null}},"type":"if","locations":[{"start":{"line":55,"column":16},"end":{"line":55,"column":null}},{"start":{},"end":{}}],"line":55},"6":{"loc":{"start":{"line":56,"column":16},"end":{"line":56,"column":null}},"type":"if","locations":[{"start":{"line":56,"column":16},"end":{"line":56,"column":null}},{"start":{},"end":{}}],"line":56},"7":{"loc":{"start":{"line":59,"column":16},"end":{"line":59,"column":null}},"type":"if","locations":[{"start":{"line":59,"column":16},"end":{"line":59,"column":null}},{"start":{},"end":{}}],"line":59},"8":{"loc":{"start":{"line":60,"column":16},"end":{"line":60,"column":null}},"type":"if","locations":[{"start":{"line":60,"column":16},"end":{"line":60,"column":null}},{"start":{},"end":{}}],"line":60},"9":{"loc":{"start":{"line":61,"column":16},"end":{"line":61,"column":null}},"type":"if","locations":[{"start":{"line":61,"column":16},"end":{"line":61,"column":null}},{"start":{},"end":{}}],"line":61},"10":{"loc":{"start":{"line":62,"column":16},"end":{"line":62,"column":null}},"type":"if","locations":[{"start":{"line":62,"column":16},"end":{"line":62,"column":null}},{"start":{},"end":{}}],"line":62},"11":{"loc":{"start":{"line":65,"column":16},"end":{"line":67,"column":null}},"type":"if","locations":[{"start":{"line":65,"column":16},"end":{"line":67,"column":null}},{"start":{},"end":{}}],"line":65},"12":{"loc":{"start":{"line":71,"column":16},"end":{"line":82,"column":null}},"type":"if","locations":[{"start":{"line":71,"column":16},"end":{"line":82,"column":null}},{"start":{},"end":{}}],"line":71},"13":{"loc":{"start":{"line":73,"column":20},"end":{"line":81,"column":null}},"type":"if","locations":[{"start":{"line":73,"column":20},"end":{"line":81,"column":null}},{"start":{},"end":{}}],"line":73},"14":{"loc":{"start":{"line":74,"column":24},"end":{"line":77,"column":null}},"type":"if","locations":[{"start":{"line":74,"column":24},"end":{"line":77,"column":null}},{"start":{},"end":{}}],"line":74},"15":{"loc":{"start":{"line":89,"column":20},"end":{"line":89,"column":null}},"type":"if","locations":[{"start":{"line":89,"column":20},"end":{"line":89,"column":null}},{"start":{},"end":{}}],"line":89},"16":{"loc":{"start":{"line":94,"column":16},"end":{"line":99,"column":null}},"type":"if","locations":[{"start":{"line":94,"column":16},"end":{"line":99,"column":null}},{"start":{},"end":{}}],"line":94},"17":{"loc":{"start":{"line":94,"column":20},"end":{"line":94,"column":67}},"type":"binary-expr","locations":[{"start":{"line":94,"column":20},"end":{"line":94,"column":29}},{"start":{"line":94,"column":33},"end":{"line":94,"column":67}}],"line":94},"18":{"loc":{"start":{"line":96,"column":20},"end":{"line":98,"column":null}},"type":"if","locations":[{"start":{"line":96,"column":20},"end":{"line":98,"column":null}},{"start":{},"end":{}}],"line":96},"19":{"loc":{"start":{"line":105,"column":8},"end":{"line":105,"column":null}},"type":"if","locations":[{"start":{"line":105,"column":8},"end":{"line":105,"column":null}},{"start":{},"end":{}}],"line":105},"20":{"loc":{"start":{"line":108,"column":8},"end":{"line":111,"column":null}},"type":"if","locations":[{"start":{"line":108,"column":8},"end":{"line":111,"column":null}},{"start":{},"end":{}}],"line":108},"21":{"loc":{"start":{"line":108,"column":12},"end":{"line":108,"column":85}},"type":"binary-expr","locations":[{"start":{"line":108,"column":12},"end":{"line":108,"column":37}},{"start":{"line":108,"column":41},"end":{"line":108,"column":85}}],"line":108},"22":{"loc":{"start":{"line":130,"column":8},"end":{"line":136,"column":null}},"type":"if","locations":[{"start":{"line":130,"column":8},"end":{"line":136,"column":null}},{"start":{"line":133,"column":15},"end":{"line":136,"column":null}}],"line":130},"23":{"loc":{"start":{"line":133,"column":15},"end":{"line":136,"column":null}},"type":"if","locations":[{"start":{"line":133,"column":15},"end":{"line":136,"column":null}},{"start":{},"end":{}}],"line":133},"24":{"loc":{"start":{"line":222,"column":20},"end":{"line":222,"column":38}},"type":"cond-expr","locations":[{"start":{"line":222,"column":33},"end":{"line":222,"column":34}},{"start":{"line":222,"column":37},"end":{"line":222,"column":38}}],"line":222},"25":{"loc":{"start":{"line":226,"column":8},"end":{"line":234,"column":null}},"type":"if","locations":[{"start":{"line":226,"column":8},"end":{"line":234,"column":null}},{"start":{"line":232,"column":15},"end":{"line":234,"column":null}}],"line":226}},"s":{"0":18,"1":18,"2":18,"3":18,"4":18,"5":18,"6":18,"7":18,"8":18,"9":36,"10":36,"11":36,"12":10,"13":159,"14":159,"15":159,"16":8,"17":7,"18":8,"19":8,"20":2,"21":8,"22":3,"23":8,"24":3,"25":8,"26":3,"27":8,"28":1,"29":8,"30":1,"31":8,"32":1,"33":8,"34":1,"35":8,"36":2,"37":8,"38":148,"39":147,"40":147,"41":2,"42":1,"43":1,"44":2,"45":2,"46":2,"47":148,"48":3,"49":3,"50":6,"51":6,"52":3,"53":3,"54":3,"55":3,"56":3,"57":2,"58":3,"59":8,"60":1,"61":7,"62":1,"63":1,"64":6,"65":6,"66":6,"67":6,"68":6,"69":5,"70":10,"71":5,"72":2,"73":2,"74":3,"75":1,"76":1,"77":2,"78":4,"79":2,"80":2,"81":800,"82":2,"83":2,"84":4,"85":4,"86":4,"87":4,"88":4,"89":4,"90":4,"91":4,"92":4,"93":4,"94":2,"95":2,"96":2,"97":2,"98":2,"99":2,"100":2,"101":2,"102":2,"103":3,"104":3,"105":1270,"106":3,"107":3,"108":1200,"109":3,"110":6,"111":6,"112":6,"113":6,"114":6,"115":6,"116":6,"117":6,"118":3,"119":1,"120":1,"121":1,"122":1,"123":1,"124":2,"125":3,"126":3,"127":3,"128":3,"129":3,"130":3},"f":{"0":18,"1":36,"2":10,"3":159,"4":8,"5":5,"6":10,"7":2,"8":4,"9":2,"10":3,"11":1270},"b":{"0":[159],"1":[8,148,3],"2":[7,1],"3":[2,6],"4":[3,5],"5":[3,5],"6":[3,5],"7":[1,7],"8":[1,7],"9":[1,7],"10":[1,7],"11":[2,6],"12":[147,1],"13":[2,145],"14":[1,1],"15":[3,3],"16":[3,0],"17":[3,2],"18":[2,1],"19":[1,7],"20":[1,6],"21":[7,7],"22":[2,3],"23":[1,2],"24":[5,1],"25":[1,2]},"meta":{"lastBranch":26,"lastFunction":12,"lastStatement":131,"seen":{"f:12:4:12:15":0,"s:13:8:13:Infinity":0,"s:14:8:14:Infinity":1,"s:15:8:15:Infinity":2,"s:16:8:16:Infinity":3,"s:18:8:21:Infinity":4,"s:23:8:23:Infinity":5,"s:24:8:24:Infinity":6,"s:25:8:25:Infinity":7,"s:26:8:26:Infinity":8,"f:29:4:29:14":1,"s:30:18:30:54":9,"s:31:18:31:46":10,"s:32:8:32:50":11,"f:35:4:35:9":2,"s:36:8:36:Infinity":12,"f:39:4:39:8":3,"b:39:18:39:20":0,"s:40:8:40:Infinity":13,"s:41:8:41:Infinity":14,"b:44:12:68:Infinity:70:12:83:Infinity:85:12:100:Infinity":1,"s:43:8:101:Infinity":15,"b:46:16:48:Infinity:undefined:undefined:undefined:undefined":2,"s:46:16:48:Infinity":16,"s:47:20:47:Infinity":17,"s:51:35:51:75":18,"b:53:16:53:Infinity:undefined:undefined:undefined:undefined":3,"s:53:16:53:Infinity":19,"s:53:33:53:Infinity":20,"b:54:16:54:Infinity:undefined:undefined:undefined:undefined":4,"s:54:16:54:Infinity":21,"s:54:34:54:Infinity":22,"b:55:16:55:Infinity:undefined:undefined:undefined:undefined":5,"s:55:16:55:Infinity":23,"s:55:31:55:Infinity":24,"b:56:16:56:Infinity:undefined:undefined:undefined:undefined":6,"s:56:16:56:Infinity":25,"s:56:33:56:Infinity":26,"b:59:16:59:Infinity:undefined:undefined:undefined:undefined":7,"s:59:16:59:Infinity":27,"s:59:45:59:Infinity":28,"b:60:16:60:Infinity:undefined:undefined:undefined:undefined":8,"s:60:16:60:Infinity":29,"s:60:47:60:Infinity":30,"b:61:16:61:Infinity:undefined:undefined:undefined:undefined":9,"s:61:16:61:Infinity":31,"s:61:45:61:Infinity":32,"b:62:16:62:Infinity:undefined:undefined:undefined:undefined":10,"s:62:16:62:Infinity":33,"s:62:47:62:Infinity":34,"b:65:16:67:Infinity:undefined:undefined:undefined:undefined":11,"s:65:16:67:Infinity":35,"s:66:20:66:Infinity":36,"s:68:16:68:Infinity":37,"b:71:16:82:Infinity:undefined:undefined:undefined:undefined":12,"s:71:16:82:Infinity":38,"s:72:35:72:81":39,"b:73:20:81:Infinity:undefined:undefined:undefined:undefined":13,"s:73:20:81:Infinity":40,"b:74:24:77:Infinity:undefined:undefined:undefined:undefined":14,"s:74:24:77:Infinity":41,"s:75:27:75:Infinity":42,"s:76:28:76:Infinity":43,"s:78:24:78:Infinity":44,"s:79:24:79:Infinity":45,"s:80:24:80:Infinity":46,"s:83:16:83:Infinity":47,"s:86:32:86:36":48,"s:87:16:90:Infinity":49,"s:88:20:88:Infinity":50,"b:89:20:89:Infinity:undefined:undefined:undefined:undefined":15,"s:89:20:89:Infinity":51,"s:89:38:89:Infinity":52,"s:92:16:92:Infinity":53,"b:94:16:99:Infinity:undefined:undefined:undefined:undefined":16,"s:94:16:99:Infinity":54,"b:94:20:94:29:94:33:94:67":17,"s:95:20:95:Infinity":55,"b:96:20:98:Infinity:undefined:undefined:undefined:undefined":18,"s:96:20:98:Infinity":56,"s:97:24:97:Infinity":57,"s:100:16:100:Infinity":58,"f:104:4:104:8":4,"b:105:8:105:Infinity:undefined:undefined:undefined:undefined":19,"s:105:8:105:Infinity":59,"s:105:53:105:Infinity":60,"b:108:8:111:Infinity:undefined:undefined:undefined:undefined":20,"s:108:8:111:Infinity":61,"b:108:12:108:37:108:41:108:85":21,"s:109:12:109:Infinity":62,"s:110:12:110:Infinity":63,"s:113:27:113:67":64,"s:114:8:114:Infinity":65,"s:115:8:115:Infinity":66,"s:117:8:124:Infinity":67,"s:125:8:125:Infinity":68,"f:128:4:128:22":5,"s:129:27:129:58":69,"f:129:45:129:46":6,"s:129:50:129:57":70,"b:130:8:136:Infinity:133:15:136:Infinity":22,"s:130:8:136:Infinity":71,"s:131:12:131:Infinity":72,"s:132:12:132:35":73,"b:133:15:136:Infinity:undefined:undefined:undefined:undefined":23,"s:133:15:136:Infinity":74,"s:134:12:134:Infinity":75,"s:135:12:135:Infinity":76,"f:139:4:139:12":7,"s:140:8:164:Infinity":77,"f:142:34:142:35":8,"s:142:40:152:13":78,"f:167:4:167:12":9,"s:169:8:171:Infinity":79,"s:169:21:169:22":80,"s:170:12:170:Infinity":81,"s:174:8:185:Infinity":82,"s:174:21:174:22":83,"s:175:22:175:36":84,"s:176:22:176:35":85,"s:177:12:177:Infinity":86,"s:178:12:178:Infinity":87,"s:179:12:179:Infinity":88,"s:180:12:180:Infinity":89,"s:181:12:181:Infinity":90,"s:182:12:182:Infinity":91,"s:183:12:183:Infinity":92,"s:184:12:184:Infinity":93,"s:188:8:188:Infinity":94,"s:189:8:189:Infinity":95,"s:190:8:190:Infinity":96,"s:191:8:191:Infinity":97,"s:192:8:192:Infinity":98,"s:193:8:193:Infinity":99,"s:194:8:194:Infinity":100,"s:197:8:197:Infinity":101,"s:198:8:198:Infinity":102,"f:201:4:201:16":10,"s:203:16:203:17":103,"s:204:24:206:9":104,"f:204:24:204:25":11,"s:205:12:205:Infinity":105,"s:209:8:211:Infinity":106,"s:209:21:209:22":107,"s:210:12:210:Infinity":108,"s:214:8:223:Infinity":109,"s:215:12:215:Infinity":110,"s:216:12:216:Infinity":111,"s:217:12:217:Infinity":112,"s:218:12:218:Infinity":113,"s:219:12:219:Infinity":114,"s:220:12:220:Infinity":115,"s:221:12:221:Infinity":116,"s:222:12:222:Infinity":117,"b:222:33:222:34:222:37:222:38":24,"b:226:8:234:Infinity:232:15:234:Infinity":25,"s:226:8:234:Infinity":118,"s:227:12:227:Infinity":119,"s:228:12:228:Infinity":120,"s:229:12:229:Infinity":121,"s:230:12:230:Infinity":122,"s:231:12:231:Infinity":123,"s:233:12:233:Infinity":124,"s:237:8:237:Infinity":125,"s:238:8:238:Infinity":126,"s:239:8:239:Infinity":127,"s:240:8:240:Infinity":128,"s:244:8:244:Infinity":129,"s:246:8:246:Infinity":130}}}
,"/home/tomc/github/tank-wars/src/simulation/tank.js": {"path":"/home/tomc/github/tank-wars/src/simulation/tank.js","statementMap":{"0":{"start":{"line":8,"column":8},"end":{"line":8,"column":null}},"1":{"start":{"line":9,"column":8},"end":{"line":9,"column":null}},"2":{"start":{"line":10,"column":8},"end":{"line":10,"column":null}},"3":{"start":{"line":11,"column":8},"end":{"line":11,"column":null}},"4":{"start":{"line":12,"column":8},"end":{"line":12,"column":null}},"5":{"start":{"line":13,"column":8},"end":{"line":13,"column":null}},"6":{"start":{"line":14,"column":8},"end":{"line":14,"column":null}},"7":{"start":{"line":15,"column":8},"end":{"line":15,"column":27}},"8":{"start":{"line":16,"column":8},"end":{"line":16,"column":null}},"9":{"start":{"line":19,"column":8},"end":{"line":19,"column":27}},"10":{"start":{"line":20,"column":8},"end":{"line":20,"column":27}},"11":{"start":{"line":26,"column":8},"end":{"line":26,"column":null}},"12":{"start":{"line":30,"column":8},"end":{"line":30,"column":null}},"13":{"start":{"line":30,"column":25},"end":{"line":30,"column":null}},"14":{"start":{"line":32,"column":18},"end":{"line":32,"column":44}},"15":{"start":{"line":33,"column":18},"end":{"line":33,"column":44}},"16":{"start":{"line":34,"column":24},"end":{"line":34,"column":47}},"17":{"start":{"line":35,"column":28},"end":{"line":35,"column":49}},"18":{"start":{"line":38,"column":8},"end":{"line":42,"column":null}},"19":{"start":{"line":39,"column":12},"end":{"line":39,"column":null}},"20":{"start":{"line":40,"column":12},"end":{"line":40,"column":null}},"21":{"start":{"line":41,"column":12},"end":{"line":41,"column":null}},"22":{"start":{"line":45,"column":24},"end":{"line":45,"column":25}},"23":{"start":{"line":47,"column":8},"end":{"line":63,"column":null}},"24":{"start":{"line":49,"column":12},"end":{"line":49,"column":null}},"25":{"start":{"line":50,"column":12},"end":{"line":50,"column":null}},"26":{"start":{"line":53,"column":12},"end":{"line":53,"column":null}},"27":{"start":{"line":54,"column":15},"end":{"line":63,"column":null}},"28":{"start":{"line":56,"column":12},"end":{"line":56,"column":null}},"29":{"start":{"line":57,"column":12},"end":{"line":57,"column":null}},"30":{"start":{"line":60,"column":12},"end":{"line":60,"column":null}},"31":{"start":{"line":61,"column":12},"end":{"line":61,"column":null}},"32":{"start":{"line":62,"column":12},"end":{"line":62,"column":null}},"33":{"start":{"line":65,"column":8},"end":{"line":65,"column":null}},"34":{"start":{"line":66,"column":8},"end":{"line":66,"column":null}},"35":{"start":{"line":69,"column":23},"end":{"line":69,"column":49}},"36":{"start":{"line":70,"column":23},"end":{"line":70,"column":49}},"37":{"start":{"line":71,"column":8},"end":{"line":74,"column":null}},"38":{"start":{"line":72,"column":12},"end":{"line":72,"column":null}},"39":{"start":{"line":73,"column":12},"end":{"line":73,"column":null}},"40":{"start":{"line":76,"column":8},"end":{"line":78,"column":null}},"41":{"start":{"line":77,"column":12},"end":{"line":77,"column":null}},"42":{"start":{"line":82,"column":8},"end":{"line":86,"column":null}},"43":{"start":{"line":83,"column":12},"end":{"line":83,"column":null}},"44":{"start":{"line":85,"column":12},"end":{"line":85,"column":null}},"45":{"start":{"line":92,"column":19},"end":{"line":92,"column":46}},"46":{"start":{"line":93,"column":19},"end":{"line":93,"column":46}},"47":{"start":{"line":94,"column":19},"end":{"line":94,"column":26}},"48":{"start":{"line":95,"column":19},"end":{"line":95,"column":20}},"49":{"start":{"line":97,"column":23},"end":{"line":97,"column":35}},"50":{"start":{"line":101,"column":8},"end":{"line":121,"column":null}},"51":{"start":{"line":104,"column":31},"end":{"line":104,"column":68}},"52":{"start":{"line":105,"column":27},"end":{"line":105,"column":45}},"53":{"start":{"line":107,"column":27},"end":{"line":107,"column":67}},"54":{"start":{"line":108,"column":27},"end":{"line":108,"column":63}},"55":{"start":{"line":110,"column":36},"end":{"line":110,"column":71}},"56":{"start":{"line":112,"column":27},"end":{"line":112,"column":74}},"57":{"start":{"line":114,"column":12},"end":{"line":114,"column":null}},"58":{"start":{"line":116,"column":29},"end":{"line":116,"column":44}},"59":{"start":{"line":117,"column":12},"end":{"line":117,"column":null}},"60":{"start":{"line":120,"column":12},"end":{"line":120,"column":61}}},"fnMap":{"0":{"name":"(anonymous_0)","decl":{"start":{"line":7,"column":4},"end":{"line":7,"column":15}},"loc":{"start":{"line":7,"column":32},"end":{"line":27,"column":null}},"line":7},"1":{"name":"(anonymous_1)","decl":{"start":{"line":29,"column":4},"end":{"line":29,"column":8}},"loc":{"start":{"line":29,"column":18},"end":{"line":87,"column":null}},"line":29},"2":{"name":"(anonymous_2)","decl":{"start":{"line":89,"column":4},"end":{"line":89,"column":16}},"loc":{"start":{"line":89,"column":29},"end":{"line":122,"column":null}},"line":89}},"branchMap":{"0":{"loc":{"start":{"line":30,"column":8},"end":{"line":30,"column":null}},"type":"if","locations":[{"start":{"line":30,"column":8},"end":{"line":30,"column":null}},{"start":{},"end":{}}],"line":30},"1":{"loc":{"start":{"line":38,"column":8},"end":{"line":42,"column":null}},"type":"if","locations":[{"start":{"line":38,"column":8},"end":{"line":42,"column":null}},{"start":{},"end":{}}],"line":38},"2":{"loc":{"start":{"line":47,"column":8},"end":{"line":63,"column":null}},"type":"if","locations":[{"start":{"line":47,"column":8},"end":{"line":63,"column":null}},{"start":{"line":54,"column":15},"end":{"line":63,"column":null}}],"line":47},"3":{"loc":{"start":{"line":47,"column":12},"end":{"line":47,"column":80}},"type":"binary-expr","locations":[{"start":{"line":47,"column":12},"end":{"line":47,"column":44}},{"start":{"line":47,"column":48},"end":{"line":47,"column":80}}],"line":47},"4":{"loc":{"start":{"line":54,"column":15},"end":{"line":63,"column":null}},"type":"if","locations":[{"start":{"line":54,"column":15},"end":{"line":63,"column":null}},{"start":{"line":58,"column":15},"end":{"line":63,"column":null}}],"line":54},"5":{"loc":{"start":{"line":71,"column":8},"end":{"line":74,"column":null}},"type":"if","locations":[{"start":{"line":71,"column":8},"end":{"line":74,"column":null}},{"start":{},"end":{}}],"line":71},"6":{"loc":{"start":{"line":71,"column":12},"end":{"line":71,"column":53}},"type":"binary-expr","locations":[{"start":{"line":71,"column":12},"end":{"line":71,"column":22}},{"start":{"line":71,"column":26},"end":{"line":71,"column":39}},{"start":{"line":71,"column":43},"end":{"line":71,"column":53}}],"line":71},"7":{"loc":{"start":{"line":76,"column":8},"end":{"line":78,"column":null}},"type":"if","locations":[{"start":{"line":76,"column":8},"end":{"line":78,"column":null}},{"start":{},"end":{}}],"line":76},"8":{"loc":{"start":{"line":82,"column":8},"end":{"line":86,"column":null}},"type":"if","locations":[{"start":{"line":82,"column":8},"end":{"line":86,"column":null}},{"start":{"line":84,"column":15},"end":{"line":86,"column":null}}],"line":82},"9":{"loc":{"start":{"line":82,"column":12},"end":{"line":82,"column":68}},"type":"binary-expr","locations":[{"start":{"line":82,"column":12},"end":{"line":82,"column":38}},{"start":{"line":82,"column":42},"end":{"line":82,"column":68}}],"line":82},"10":{"loc":{"start":{"line":101,"column":8},"end":{"line":121,"column":null}},"type":"if","locations":[{"start":{"line":101,"column":8},"end":{"line":121,"column":null}},{"start":{"line":118,"column":15},"end":{"line":121,"column":null}}],"line":101},"11":{"loc":{"start":{"line":116,"column":29},"end":{"line":116,"column":44}},"type":"cond-expr","locations":[{"start":{"line":116,"column":38},"end":{"line":116,"column":40}},{"start":{"line":116,"column":43},"end":{"line":116,"column":44}}],"line":116}},"s":{"0":52,"1":52,"2":52,"3":52,"4":52,"5":52,"6":52,"7":52,"8":52,"9":52,"10":52,"11":52,"12":16,"13":3,"14":13,"15":13,"16":13,"17":13,"18":13,"19":1,"20":1,"21":1,"22":12,"23":12,"24":8,"25":8,"26":8,"27":4,"28":3,"29":3,"30":1,"31":1,"32":1,"33":12,"34":12,"35":12,"36":12,"37":12,"38":1,"39":1,"40":12,"41":2,"42":12,"43":10,"44":2,"45":8,"46":8,"47":8,"48":8,"49":8,"50":8,"51":2,"52":2,"53":2,"54":2,"55":2,"56":2,"57":2,"58":2,"59":2,"60":6},"f":{"0":52,"1":16,"2":8},"b":{"0":[3,13],"1":[1,12],"2":[8,4],"3":[12,9],"4":[3,1],"5":[1,11],"6":[12,11,11],"7":[2,10],"8":[10,2],"9":[12,10],"10":[2,6],"11":[1,1]},"meta":{"lastBranch":12,"lastFunction":3,"lastStatement":61,"seen":{"f:7:4:7:15":0,"s:8:8:8:Infinity":0,"s:9:8:9:Infinity":1,"s:10:8:10:Infinity":2,"s:11:8:11:Infinity":3,"s:12:8:12:Infinity":4,"s:13:8:13:Infinity":5,"s:14:8:14:Infinity":6,"s:15:8:15:27":7,"s:16:8:16:Infinity":8,"s:19:8:19:27":9,"s:20:8:20:27":10,"s:26:8:26:Infinity":11,"f:29:4:29:8":1,"b:30:8:30:Infinity:undefined:undefined:undefined:undefined":0,"s:30:8:30:Infinity":12,"s:30:25:30:Infinity":13,"s:32:18:32:44":14,"s:33:18:33:44":15,"s:34:24:34:47":16,"s:35:28:35:49":17,"b:38:8:42:Infinity:undefined:undefined:undefined:undefined":1,"s:38:8:42:Infinity":18,"s:39:12:39:Infinity":19,"s:40:12:40:Infinity":20,"s:41:12:41:Infinity":21,"s:45:24:45:25":22,"b:47:8:63:Infinity:54:15:63:Infinity":2,"s:47:8:63:Infinity":23,"b:47:12:47:44:47:48:47:80":3,"s:49:12:49:Infinity":24,"s:50:12:50:Infinity":25,"s:53:12:53:Infinity":26,"b:54:15:63:Infinity:58:15:63:Infinity":4,"s:54:15:63:Infinity":27,"s:56:12:56:Infinity":28,"s:57:12:57:Infinity":29,"s:60:12:60:Infinity":30,"s:61:12:61:Infinity":31,"s:62:12:62:Infinity":32,"s:65:8:65:Infinity":33,"s:66:8:66:Infinity":34,"s:69:23:69:49":35,"s:70:23:70:49":36,"b:71:8:74:Infinity:undefined:undefined:undefined:undefined":5,"s:71:8:74:Infinity":37,"b:71:12:71:22:71:26:71:39:71:43:71:53":6,"s:72:12:72:Infinity":38,"s:73:12:73:Infinity":39,"b:76:8:78:Infinity:undefined:undefined:undefined:undefined":7,"s:76:8:78:Infinity":40,"s:77:12:77:Infinity":41,"b:82:8:86:Infinity:84:15:86:Infinity":8,"s:82:8:86:Infinity":42,"b:82:12:82:38:82:42:82:68":9,"s:83:12:83:Infinity":43,"s:85:12:85:Infinity":44,"f:89:4:89:16":2,"s:92:19:92:46":45,"s:93:19:93:46":46,"s:94:19:94:26":47,"s:95:19:95:20":48,"s:97:23:97:35":49,"b:101:8:121:Infinity:118:15:121:Infinity":10,"s:101:8:121:Infinity":50,"s:104:31:104:68":51,"s:105:27:105:45":52,"s:107:27:107:67":53,"s:108:27:108:63":54,"s:110:36:110:71":55,"s:112:27:112:74":56,"s:114:12:114:Infinity":57,"s:116:29:116:44":58,"b:116:38:116:40:116:43:116:44":11,"s:117:12:117:Infinity":59,"s:120:12:120:61":60}}}
,"/home/tomc/github/tank-wars/src/simulation/terrain.js": {"path":"/home/tomc/github/tank-wars/src/simulation/terrain.js","statementMap":{"0":{"start":{"line":9,"column":8},"end":{"line":9,"column":null}},"1":{"start":{"line":13,"column":20},"end":{"line":13,"column":33}},"2":{"start":{"line":18,"column":27},"end":{"line":18,"column":48}},"3":{"start":{"line":19,"column":25},"end":{"line":19,"column":26}},"4":{"start":{"line":20,"column":31},"end":{"line":20,"column":46}},"5":{"start":{"line":21,"column":32},"end":{"line":21,"column":56}},"6":{"start":{"line":29,"column":8},"end":{"line":35,"column":null}},"7":{"start":{"line":29,"column":21},"end":{"line":29,"column":22}},"8":{"start":{"line":30,"column":20},"end":{"line":30,"column":30}},"9":{"start":{"line":34,"column":12},"end":{"line":34,"column":null}},"10":{"start":{"line":38,"column":23},"end":{"line":38,"column":33}},"11":{"start":{"line":39,"column":20},"end":{"line":39,"column":21}},"12":{"start":{"line":40,"column":8},"end":{"line":46,"column":null}},"13":{"start":{"line":40,"column":21},"end":{"line":40,"column":22}},"14":{"start":{"line":41,"column":12},"end":{"line":41,"column":null}},"15":{"start":{"line":42,"column":12},"end":{"line":42,"column":null}},"16":{"start":{"line":43,"column":12},"end":{"line":43,"column":null}},"17":{"start":{"line":44,"column":12},"end":{"line":44,"column":null}},"18":{"start":{"line":45,"column":12},"end":{"line":45,"column":null}},"19":{"start":{"line":49,"column":8},"end":{"line":53,"column":null}},"20":{"start":{"line":49,"column":24},"end":{"line":49,"column":25}},"21":{"start":{"line":50,"column":12},"end":{"line":52,"column":null}},"22":{"start":{"line":50,"column":25},"end":{"line":50,"column":26}},"23":{"start":{"line":51,"column":16},"end":{"line":51,"column":null}},"24":{"start":{"line":57,"column":19},"end":{"line":57,"column":32}},"25":{"start":{"line":58,"column":8},"end":{"line":58,"column":null}},"26":{"start":{"line":58,"column":20},"end":{"line":58,"column":null}},"27":{"start":{"line":59,"column":8},"end":{"line":59,"column":null}},"28":{"start":{"line":59,"column":25},"end":{"line":59,"column":null}},"29":{"start":{"line":61,"column":22},"end":{"line":61,"column":51}},"30":{"start":{"line":62,"column":8},"end":{"line":62,"column":null}},"31":{"start":{"line":66,"column":19},"end":{"line":66,"column":24}},"32":{"start":{"line":67,"column":27},"end":{"line":67,"column":75}},"33":{"start":{"line":68,"column":25},"end":{"line":68,"column":91}},"34":{"start":{"line":70,"column":8},"end":{"line":81,"column":null}},"35":{"start":{"line":70,"column":21},"end":{"line":70,"column":31}},"36":{"start":{"line":71,"column":28},"end":{"line":71,"column":44}},"37":{"start":{"line":72,"column":23},"end":{"line":72,"column":45}},"38":{"start":{"line":73,"column":12},"end":{"line":80,"column":null}},"39":{"start":{"line":74,"column":29},"end":{"line":74,"column":49}},"40":{"start":{"line":79,"column":16},"end":{"line":79,"column":null}}},"fnMap":{"0":{"name":"(anonymous_0)","decl":{"start":{"line":8,"column":4},"end":{"line":8,"column":15}},"loc":{"start":{"line":8,"column":18},"end":{"line":10,"column":null}},"line":8},"1":{"name":"(anonymous_1)","decl":{"start":{"line":12,"column":4},"end":{"line":12,"column":12}},"loc":{"start":{"line":12,"column":19},"end":{"line":54,"column":null}},"line":12},"2":{"name":"(anonymous_2)","decl":{"start":{"line":56,"column":4},"end":{"line":56,"column":16}},"loc":{"start":{"line":56,"column":20},"end":{"line":63,"column":null}},"line":56},"3":{"name":"(anonymous_3)","decl":{"start":{"line":65,"column":4},"end":{"line":65,"column":16}},"loc":{"start":{"line":65,"column":28},"end":{"line":82,"column":null}},"line":65}},"branchMap":{"0":{"loc":{"start":{"line":58,"column":8},"end":{"line":58,"column":null}},"type":"if","locations":[{"start":{"line":58,"column":8},"end":{"line":58,"column":null}},{"start":{},"end":{}}],"line":58},"1":{"loc":{"start":{"line":59,"column":8},"end":{"line":59,"column":null}},"type":"if","locations":[{"start":{"line":59,"column":8},"end":{"line":59,"column":null}},{"start":{},"end":{}}],"line":59},"2":{"loc":{"start":{"line":73,"column":12},"end":{"line":80,"column":null}},"type":"if","locations":[{"start":{"line":73,"column":12},"end":{"line":80,"column":null}},{"start":{},"end":{}}],"line":73}},"s":{"0":48,"1":23,"2":23,"3":23,"4":23,"5":23,"6":23,"7":23,"8":9200,"9":9200,"10":23,"11":23,"12":23,"13":23,"14":9200,"15":9200,"16":9200,"17":9200,"18":9200,"19":23,"20":23,"21":69,"22":69,"23":27462,"24":227,"25":227,"26":2,"27":225,"28":225,"29":224,"30":224,"31":7,"32":7,"33":7,"34":7,"35":7,"36":287,"37":287,"38":287,"39":283,"40":283},"f":{"0":48,"1":23,"2":227,"3":7},"b":{"0":[2,225],"1":[1,224],"2":[283,4]},"meta":{"lastBranch":3,"lastFunction":4,"lastStatement":41,"seen":{"f:8:4:8:15":0,"s:9:8:9:Infinity":0,"f:12:4:12:12":1,"s:13:20:13:33":1,"s:18:27:18:48":2,"s:19:25:19:26":3,"s:20:31:20:46":4,"s:21:32:21:56":5,"s:29:8:35:Infinity":6,"s:29:21:29:22":7,"s:30:20:30:30":8,"s:34:12:34:Infinity":9,"s:38:23:38:33":10,"s:39:20:39:21":11,"s:40:8:46:Infinity":12,"s:40:21:40:22":13,"s:41:12:41:Infinity":14,"s:42:12:42:Infinity":15,"s:43:12:43:Infinity":16,"s:44:12:44:Infinity":17,"s:45:12:45:Infinity":18,"s:49:8:53:Infinity":19,"s:49:24:49:25":20,"s:50:12:52:Infinity":21,"s:50:25:50:26":22,"s:51:16:51:Infinity":23,"f:56:4:56:16":2,"s:57:19:57:32":24,"b:58:8:58:Infinity:undefined:undefined:undefined:undefined":0,"s:58:8:58:Infinity":25,"s:58:20:58:Infinity":26,"b:59:8:59:Infinity:undefined:undefined:undefined:undefined":1,"s:59:8:59:Infinity":27,"s:59:25:59:Infinity":28,"s:61:22:61:51":29,"s:62:8:62:Infinity":30,"f:65:4:65:16":3,"s:66:19:66:24":31,"s:67:27:67:75":32,"s:68:25:68:91":33,"s:70:8:81:Infinity":34,"s:70:21:70:31":35,"s:71:28:71:44":36,"s:72:23:72:45":37,"b:73:12:80:Infinity:undefined:undefined:undefined:undefined":2,"s:73:12:80:Infinity":38,"s:74:29:74:49":39,"s:79:16:79:Infinity":40}}}
,"/home/tomc/github/tank-wars/src/simulation/trigLUT.js": {"path":"/home/tomc/github/tank-wars/src/simulation/trigLUT.js","statementMap":{"0":{"start":{"line":9,"column":16},"end":{"line":9,"column":35}},"1":{"start":{"line":10,"column":16},"end":{"line":10,"column":35}},"2":{"start":{"line":12,"column":0},"end":{"line":16,"column":null}},"3":{"start":{"line":12,"column":15},"end":{"line":12,"column":16}},"4":{"start":{"line":13,"column":16},"end":{"line":13,"column":37}},"5":{"start":{"line":14,"column":4},"end":{"line":14,"column":null}},"6":{"start":{"line":15,"column":4},"end":{"line":15,"column":null}},"7":{"start":{"line":19,"column":4},"end":{"line":19,"column":54}},"8":{"start":{"line":19,"column":17},"end":{"line":19,"column":54}},"9":{"start":{"line":20,"column":4},"end":{"line":20,"column":null}},"10":{"start":{"line":26,"column":4},"end":{"line":26,"column":null}}},"fnMap":{"0":{"name":"getSin","decl":{"start":{"line":18,"column":16},"end":{"line":18,"column":22}},"loc":{"start":{"line":18,"column":28},"end":{"line":21,"column":null}},"line":18},"1":{"name":"getCos","decl":{"start":{"line":23,"column":16},"end":{"line":23,"column":22}},"loc":{"start":{"line":23,"column":28},"end":{"line":27,"column":null}},"line":23}},"branchMap":{"0":{"loc":{"start":{"line":19,"column":4},"end":{"line":19,"column":54}},"type":"if","locations":[{"start":{"line":19,"column":4},"end":{"line":19,"column":54}},{"start":{},"end":{}}],"line":19}},"s":{"0":5,"1":5,"2":5,"3":5,"4":905,"5":905,"6":905,"7":18,"8":1,"9":17,"10":17},"f":{"0":18,"1":17},"b":{"0":[1,17]},"meta":{"lastBranch":1,"lastFunction":2,"lastStatement":11,"seen":{"s:9:16:9:35":0,"s:10:16:10:35":1,"s:12:0:16:Infinity":2,"s:12:15:12:16":3,"s:13:16:13:37":4,"s:14:4:14:Infinity":5,"s:15:4:15:Infinity":6,"f:18:16:18:22":0,"b:19:4:19:54:undefined:undefined:undefined:undefined":0,"s:19:4:19:54":7,"s:19:17:19:54":8,"s:20:4:20:Infinity":9,"f:23:16:23:22":1,"s:26:4:26:Infinity":10}}}
}
