{"/home/tomc/github/tank-wars/src/main.js": {"path":"/home/tomc/github/tank-wars/src/main.js","statementMap":{"0":{"start":{"line":6,"column":15},"end":{"line":21,"column":1}},"1":{"start":{"line":23,"column":13},"end":{"line":23,"column":36}},"2":{"start":{"line":24,"column":0},"end":{"line":24,"column":null}}},"fnMap":{},"branchMap":{},"s":{"0":0,"1":0,"2":0},"f":{},"b":{},"meta":{"lastBranch":0,"lastFunction":0,"lastStatement":3,"seen":{"s:6:15:21:1":0,"s:23:13:23:36":1,"s:24:0:24:Infinity":2}}}
,"/home/tomc/github/tank-wars/src/net/webrtc.js": {"path":"/home/tomc/github/tank-wars/src/net/webrtc.js","statementMap":{"0":{"start":{"line":5,"column":8},"end":{"line":5,"column":null}},"1":{"start":{"line":6,"column":8},"end":{"line":6,"column":null}},"2":{"start":{"line":7,"column":8},"end":{"line":7,"column":null}},"3":{"start":{"line":8,"column":8},"end":{"line":8,"column":null}},"4":{"start":{"line":9,"column":8},"end":{"line":9,"column":null}},"5":{"start":{"line":10,"column":8},"end":{"line":10,"column":null}},"6":{"start":{"line":14,"column":8},"end":{"line":16,"column":null}},"7":{"start":{"line":15,"column":12},"end":{"line":15,"column":null}},"8":{"start":{"line":24,"column":8},"end":{"line":24,"column":null}},"9":{"start":{"line":25,"column":8},"end":{"line":50,"column":null}},"10":{"start":{"line":26,"column":12},"end":{"line":26,"column":null}},"11":{"start":{"line":28,"column":12},"end":{"line":32,"column":null}},"12":{"start":{"line":29,"column":16},"end":{"line":29,"column":null}},"13":{"start":{"line":30,"column":16},"end":{"line":30,"column":null}},"14":{"start":{"line":31,"column":16},"end":{"line":31,"column":null}},"15":{"start":{"line":34,"column":12},"end":{"line":39,"column":null}},"16":{"start":{"line":37,"column":16},"end":{"line":37,"column":null}},"17":{"start":{"line":38,"column":16},"end":{"line":38,"column":null}},"18":{"start":{"line":41,"column":12},"end":{"line":49,"column":null}},"19":{"start":{"line":42,"column":16},"end":{"line":44,"column":null}},"20":{"start":{"line":43,"column":20},"end":{"line":43,"column":null}},"21":{"start":{"line":45,"column":16},"end":{"line":47,"column":null}},"22":{"start":{"line":46,"column":20},"end":{"line":46,"column":null}},"23":{"start":{"line":48,"column":16},"end":{"line":48,"column":null}},"24":{"start":{"line":57,"column":8},"end":{"line":57,"column":null}},"25":{"start":{"line":58,"column":8},"end":{"line":80,"column":null}},"26":{"start":{"line":59,"column":12},"end":{"line":59,"column":null}},"27":{"start":{"line":61,"column":12},"end":{"line":69,"column":null}},"28":{"start":{"line":62,"column":16},"end":{"line":62,"column":null}},"29":{"start":{"line":63,"column":29},"end":{"line":65,"column":18}},"30":{"start":{"line":66,"column":16},"end":{"line":66,"column":null}},"31":{"start":{"line":67,"column":16},"end":{"line":67,"column":null}},"32":{"start":{"line":68,"column":16},"end":{"line":68,"column":null}},"33":{"start":{"line":71,"column":12},"end":{"line":79,"column":null}},"34":{"start":{"line":72,"column":16},"end":{"line":74,"column":null}},"35":{"start":{"line":73,"column":20},"end":{"line":73,"column":null}},"36":{"start":{"line":75,"column":16},"end":{"line":77,"column":null}},"37":{"start":{"line":76,"column":20},"end":{"line":76,"column":null}},"38":{"start":{"line":78,"column":16},"end":{"line":78,"column":null}},"39":{"start":{"line":84,"column":8},"end":{"line":89,"column":null}},"40":{"start":{"line":85,"column":12},"end":{"line":85,"column":null}},"41":{"start":{"line":86,"column":12},"end":{"line":88,"column":null}},"42":{"start":{"line":87,"column":16},"end":{"line":87,"column":null}},"43":{"start":{"line":91,"column":8},"end":{"line":96,"column":null}},"44":{"start":{"line":92,"column":12},"end":{"line":92,"column":null}},"45":{"start":{"line":93,"column":12},"end":{"line":95,"column":null}},"46":{"start":{"line":94,"column":16},"end":{"line":94,"column":null}},"47":{"start":{"line":98,"column":8},"end":{"line":103,"column":null}},"48":{"start":{"line":99,"column":12},"end":{"line":99,"column":null}},"49":{"start":{"line":100,"column":12},"end":{"line":102,"column":null}},"50":{"start":{"line":101,"column":16},"end":{"line":101,"column":null}},"51":{"start":{"line":105,"column":8},"end":{"line":112,"column":null}},"52":{"start":{"line":106,"column":12},"end":{"line":108,"column":null}},"53":{"start":{"line":107,"column":16},"end":{"line":107,"column":null}},"54":{"start":{"line":109,"column":12},"end":{"line":111,"column":null}},"55":{"start":{"line":110,"column":16},"end":{"line":110,"column":null}},"56":{"start":{"line":116,"column":8},"end":{"line":123,"column":null}},"57":{"start":{"line":117,"column":12},"end":{"line":117,"column":null}},"58":{"start":{"line":118,"column":12},"end":{"line":118,"column":null}},"59":{"start":{"line":120,"column":12},"end":{"line":122,"column":null}},"60":{"start":{"line":121,"column":16},"end":{"line":121,"column":null}},"61":{"start":{"line":127,"column":8},"end":{"line":127,"column":null}},"62":{"start":{"line":131,"column":8},"end":{"line":131,"column":null}},"63":{"start":{"line":135,"column":8},"end":{"line":137,"column":null}},"64":{"start":{"line":136,"column":12},"end":{"line":136,"column":null}},"65":{"start":{"line":138,"column":8},"end":{"line":140,"column":null}},"66":{"start":{"line":139,"column":12},"end":{"line":139,"column":null}}},"fnMap":{"0":{"name":"(anonymous_0)","decl":{"start":{"line":4,"column":4},"end":{"line":4,"column":15}},"loc":{"start":{"line":4,"column":18},"end":{"line":11,"column":null}},"line":4},"1":{"name":"(anonymous_1)","decl":{"start":{"line":13,"column":4},"end":{"line":13,"column":7}},"loc":{"start":{"line":13,"column":17},"end":{"line":17,"column":null}},"line":13},"2":{"name":"(anonymous_2)","decl":{"start":{"line":23,"column":10},"end":{"line":23,"column":14}},"loc":{"start":{"line":23,"column":17},"end":{"line":51,"column":null}},"line":23},"3":{"name":"(anonymous_3)","decl":{"start":{"line":25,"column":27},"end":{"line":25,"column":28}},"loc":{"start":{"line":25,"column":48},"end":{"line":50,"column":9}},"line":25},"4":{"name":"(anonymous_4)","decl":{"start":{"line":28,"column":33},"end":{"line":28,"column":34}},"loc":{"start":{"line":28,"column":41},"end":{"line":32,"column":13}},"line":28},"5":{"name":"(anonymous_5)","decl":{"start":{"line":34,"column":39},"end":{"line":34,"column":40}},"loc":{"start":{"line":34,"column":49},"end":{"line":39,"column":13}},"line":34},"6":{"name":"(anonymous_6)","decl":{"start":{"line":41,"column":34},"end":{"line":41,"column":35}},"loc":{"start":{"line":41,"column":43},"end":{"line":49,"column":13}},"line":41},"7":{"name":"(anonymous_7)","decl":{"start":{"line":56,"column":10},"end":{"line":56,"column":14}},"loc":{"start":{"line":56,"column":23},"end":{"line":81,"column":null}},"line":56},"8":{"name":"(anonymous_8)","decl":{"start":{"line":58,"column":27},"end":{"line":58,"column":28}},"loc":{"start":{"line":58,"column":48},"end":{"line":80,"column":9}},"line":58},"9":{"name":"(anonymous_9)","decl":{"start":{"line":61,"column":33},"end":{"line":61,"column":34}},"loc":{"start":{"line":61,"column":41},"end":{"line":69,"column":13}},"line":61},"10":{"name":"(anonymous_10)","decl":{"start":{"line":71,"column":34},"end":{"line":71,"column":35}},"loc":{"start":{"line":71,"column":43},"end":{"line":79,"column":13}},"line":71},"11":{"name":"(anonymous_11)","decl":{"start":{"line":83,"column":4},"end":{"line":83,"column":19}},"loc":{"start":{"line":83,"column":26},"end":{"line":113,"column":null}},"line":83},"12":{"name":"(anonymous_12)","decl":{"start":{"line":84,"column":24},"end":{"line":84,"column":25}},"loc":{"start":{"line":84,"column":30},"end":{"line":89,"column":9}},"line":84},"13":{"name":"(anonymous_13)","decl":{"start":{"line":91,"column":24},"end":{"line":91,"column":25}},"loc":{"start":{"line":91,"column":34},"end":{"line":96,"column":9}},"line":91},"14":{"name":"(anonymous_14)","decl":{"start":{"line":98,"column":25},"end":{"line":98,"column":26}},"loc":{"start":{"line":98,"column":31},"end":{"line":103,"column":9}},"line":98},"15":{"name":"(anonymous_15)","decl":{"start":{"line":105,"column":25},"end":{"line":105,"column":26}},"loc":{"start":{"line":105,"column":34},"end":{"line":112,"column":9}},"line":105},"16":{"name":"(anonymous_16)","decl":{"start":{"line":115,"column":4},"end":{"line":115,"column":8}},"loc":{"start":{"line":115,"column":18},"end":{"line":124,"column":null}},"line":115},"17":{"name":"(anonymous_17)","decl":{"start":{"line":126,"column":4},"end":{"line":126,"column":13}},"loc":{"start":{"line":126,"column":24},"end":{"line":128,"column":null}},"line":126},"18":{"name":"(anonymous_18)","decl":{"start":{"line":130,"column":4},"end":{"line":130,"column":27}},"loc":{"start":{"line":130,"column":38},"end":{"line":132,"column":null}},"line":130},"19":{"name":"(anonymous_19)","decl":{"start":{"line":134,"column":4},"end":{"line":134,"column":14}},"loc":{"start":{"line":134,"column":17},"end":{"line":141,"column":null}},"line":134}},"branchMap":{"0":{"loc":{"start":{"line":14,"column":8},"end":{"line":16,"column":null}},"type":"if","locations":[{"start":{"line":14,"column":8},"end":{"line":16,"column":null}},{"start":{},"end":{}}],"line":14},"1":{"loc":{"start":{"line":14,"column":12},"end":{"line":14,"column":61}},"type":"binary-expr","locations":[{"start":{"line":14,"column":12},"end":{"line":14,"column":41}},{"start":{"line":14,"column":45},"end":{"line":14,"column":61}}],"line":14},"2":{"loc":{"start":{"line":42,"column":16},"end":{"line":44,"column":null}},"type":"if","locations":[{"start":{"line":42,"column":16},"end":{"line":44,"column":null}},{"start":{},"end":{}}],"line":42},"3":{"loc":{"start":{"line":42,"column":20},"end":{"line":42,"column":69}},"type":"binary-expr","locations":[{"start":{"line":42,"column":20},"end":{"line":42,"column":49}},{"start":{"line":42,"column":53},"end":{"line":42,"column":69}}],"line":42},"4":{"loc":{"start":{"line":45,"column":16},"end":{"line":47,"column":null}},"type":"if","locations":[{"start":{"line":45,"column":16},"end":{"line":47,"column":null}},{"start":{},"end":{}}],"line":45},"5":{"loc":{"start":{"line":72,"column":16},"end":{"line":74,"column":null}},"type":"if","locations":[{"start":{"line":72,"column":16},"end":{"line":74,"column":null}},{"start":{},"end":{}}],"line":72},"6":{"loc":{"start":{"line":72,"column":20},"end":{"line":72,"column":69}},"type":"binary-expr","locations":[{"start":{"line":72,"column":20},"end":{"line":72,"column":49}},{"start":{"line":72,"column":53},"end":{"line":72,"column":69}}],"line":72},"7":{"loc":{"start":{"line":75,"column":16},"end":{"line":77,"column":null}},"type":"if","locations":[{"start":{"line":75,"column":16},"end":{"line":77,"column":null}},{"start":{},"end":{}}],"line":75},"8":{"loc":{"start":{"line":86,"column":12},"end":{"line":88,"column":null}},"type":"if","locations":[{"start":{"line":86,"column":12},"end":{"line":88,"column":null}},{"start":{},"end":{}}],"line":86},"9":{"loc":{"start":{"line":93,"column":12},"end":{"line":95,"column":null}},"type":"if","locations":[{"start":{"line":93,"column":12},"end":{"line":95,"column":null}},{"start":{},"end":{}}],"line":93},"10":{"loc":{"start":{"line":100,"column":12},"end":{"line":102,"column":null}},"type":"if","locations":[{"start":{"line":100,"column":12},"end":{"line":102,"column":null}},{"start":{},"end":{}}],"line":100},"11":{"loc":{"start":{"line":106,"column":12},"end":{"line":108,"column":null}},"type":"if","locations":[{"start":{"line":106,"column":12},"end":{"line":108,"column":null}},{"start":{},"end":{}}],"line":106},"12":{"loc":{"start":{"line":106,"column":16},"end":{"line":106,"column":65}},"type":"binary-expr","locations":[{"start":{"line":106,"column":16},"end":{"line":106,"column":45}},{"start":{"line":106,"column":49},"end":{"line":106,"column":65}}],"line":106},"13":{"loc":{"start":{"line":109,"column":12},"end":{"line":111,"column":null}},"type":"if","locations":[{"start":{"line":109,"column":12},"end":{"line":111,"column":null}},{"start":{},"end":{}}],"line":109},"14":{"loc":{"start":{"line":116,"column":8},"end":{"line":123,"column":null}},"type":"if","locations":[{"start":{"line":116,"column":8},"end":{"line":123,"column":null}},{"start":{"line":119,"column":15},"end":{"line":123,"column":null}}],"line":116},"15":{"loc":{"start":{"line":116,"column":12},"end":{"line":116,"column":51}},"type":"binary-expr","locations":[{"start":{"line":116,"column":12},"end":{"line":116,"column":27}},{"start":{"line":116,"column":31},"end":{"line":116,"column":51}}],"line":116},"16":{"loc":{"start":{"line":120,"column":12},"end":{"line":122,"column":null}},"type":"if","locations":[{"start":{"line":120,"column":12},"end":{"line":122,"column":null}},{"start":{},"end":{}}],"line":120},"17":{"loc":{"start":{"line":120,"column":16},"end":{"line":120,"column":65}},"type":"binary-expr","locations":[{"start":{"line":120,"column":16},"end":{"line":120,"column":45}},{"start":{"line":120,"column":49},"end":{"line":120,"column":65}}],"line":120},"18":{"loc":{"start":{"line":135,"column":8},"end":{"line":137,"column":null}},"type":"if","locations":[{"start":{"line":135,"column":8},"end":{"line":137,"column":null}},{"start":{},"end":{}}],"line":135},"19":{"loc":{"start":{"line":138,"column":8},"end":{"line":140,"column":null}},"type":"if","locations":[{"start":{"line":138,"column":8},"end":{"line":140,"column":null}},{"start":{},"end":{}}],"line":138}},"s":{"0":0,"1":0,"2":0,"3":0,"4":0,"5":0,"6":0,"7":0,"8":0,"9":0,"10":0,"11":0,"12":0,"13":0,"14":0,"15":0,"16":0,"17":0,"18":0,"19":0,"20":0,"21":0,"22":0,"23":0,"24":0,"25":0,"26":0,"27":0,"28":0,"29":0,"30":0,"31":0,"32":0,"33":0,"34":0,"35":0,"36":0,"37":0,"38":0,"39":0,"40":0,"41":0,"42":0,"43":0,"44":0,"45":0,"46":0,"47":0,"48":0,"49":0,"50":0,"51":0,"52":0,"53":0,"54":0,"55":0,"56":0,"57":0,"58":0,"59":0,"60":0,"61":0,"62":0,"63":0,"64":0,"65":0,"66":0},"f":{"0":0,"1":0,"2":0,"3":0,"4":0,"5":0,"6":0,"7":0,"8":0,"9":0,"10":0,"11":0,"12":0,"13":0,"14":0,"15":0,"16":0,"17":0,"18":0,"19":0},"b":{"0":[0,0],"1":[0,0],"2":[0,0],"3":[0,0],"4":[0,0],"5":[0,0],"6":[0,0],"7":[0,0],"8":[0,0],"9":[0,0],"10":[0,0],"11":[0,0],"12":[0,0],"13":[0,0],"14":[0,0],"15":[0,0],"16":[0,0],"17":[0,0],"18":[0,0],"19":[0,0]},"meta":{"lastBranch":20,"lastFunction":20,"lastStatement":67,"seen":{"f:4:4:4:15":0,"s:5:8:5:Infinity":0,"s:6:8:6:Infinity":1,"s:7:8:7:Infinity":2,"s:8:8:8:Infinity":3,"s:9:8:9:Infinity":4,"s:10:8:10:Infinity":5,"f:13:4:13:7":1,"b:14:8:16:Infinity:undefined:undefined:undefined:undefined":0,"s:14:8:16:Infinity":6,"b:14:12:14:41:14:45:14:61":1,"s:15:12:15:Infinity":7,"f:23:10:23:14":2,"s:24:8:24:Infinity":8,"s:25:8:50:Infinity":9,"f:25:27:25:28":3,"s:26:12:26:Infinity":10,"s:28:12:32:Infinity":11,"f:28:33:28:34":4,"s:29:16:29:Infinity":12,"s:30:16:30:Infinity":13,"s:31:16:31:Infinity":14,"s:34:12:39:Infinity":15,"f:34:39:34:40":5,"s:37:16:37:Infinity":16,"s:38:16:38:Infinity":17,"s:41:12:49:Infinity":18,"f:41:34:41:35":6,"b:42:16:44:Infinity:undefined:undefined:undefined:undefined":2,"s:42:16:44:Infinity":19,"b:42:20:42:49:42:53:42:69":3,"s:43:20:43:Infinity":20,"b:45:16:47:Infinity:undefined:undefined:undefined:undefined":4,"s:45:16:47:Infinity":21,"s:46:20:46:Infinity":22,"s:48:16:48:Infinity":23,"f:56:10:56:14":7,"s:57:8:57:Infinity":24,"s:58:8:80:Infinity":25,"f:58:27:58:28":8,"s:59:12:59:Infinity":26,"s:61:12:69:Infinity":27,"f:61:33:61:34":9,"s:62:16:62:Infinity":28,"s:63:29:65:18":29,"s:66:16:66:Infinity":30,"s:67:16:67:Infinity":31,"s:68:16:68:Infinity":32,"s:71:12:79:Infinity":33,"f:71:34:71:35":10,"b:72:16:74:Infinity:undefined:undefined:undefined:undefined":5,"s:72:16:74:Infinity":34,"b:72:20:72:49:72:53:72:69":6,"s:73:20:73:Infinity":35,"b:75:16:77:Infinity:undefined:undefined:undefined:undefined":7,"s:75:16:77:Infinity":36,"s:76:20:76:Infinity":37,"s:78:16:78:Infinity":38,"f:83:4:83:19":11,"s:84:8:89:Infinity":39,"f:84:24:84:25":12,"s:85:12:85:Infinity":40,"b:86:12:88:Infinity:undefined:undefined:undefined:undefined":8,"s:86:12:88:Infinity":41,"s:87:16:87:Infinity":42,"s:91:8:96:Infinity":43,"f:91:24:91:25":13,"s:92:12:92:Infinity":44,"b:93:12:95:Infinity:undefined:undefined:undefined:undefined":9,"s:93:12:95:Infinity":45,"s:94:16:94:Infinity":46,"s:98:8:103:Infinity":47,"f:98:25:98:26":14,"s:99:12:99:Infinity":48,"b:100:12:102:Infinity:undefined:undefined:undefined:undefined":10,"s:100:12:102:Infinity":49,"s:101:16:101:Infinity":50,"s:105:8:112:Infinity":51,"f:105:25:105:26":15,"b:106:12:108:Infinity:undefined:undefined:undefined:undefined":11,"s:106:12:108:Infinity":52,"b:106:16:106:45:106:49:106:65":12,"s:107:16:107:Infinity":53,"b:109:12:111:Infinity:undefined:undefined:undefined:undefined":13,"s:109:12:111:Infinity":54,"s:110:16:110:Infinity":55,"f:115:4:115:8":16,"b:116:8:123:Infinity:119:15:123:Infinity":14,"s:116:8:123:Infinity":56,"b:116:12:116:27:116:31:116:51":15,"s:117:12:117:Infinity":57,"s:118:12:118:Infinity":58,"b:120:12:122:Infinity:undefined:undefined:undefined:undefined":16,"s:120:12:122:Infinity":59,"b:120:16:120:45:120:49:120:65":17,"s:121:16:121:Infinity":60,"f:126:4:126:13":17,"s:127:8:127:Infinity":61,"f:130:4:130:27":18,"s:131:8:131:Infinity":62,"f:134:4:134:14":19,"b:135:8:137:Infinity:undefined:undefined:undefined:undefined":18,"s:135:8:137:Infinity":63,"s:136:12:136:Infinity":64,"b:138:8:140:Infinity:undefined:undefined:undefined:undefined":19,"s:138:8:140:Infinity":65,"s:139:12:139:Infinity":66}}}
,"/home/tomc/github/tank-wars/src/render/ExplosionRenderer.js": {"path":"/home/tomc/github/tank-wars/src/render/ExplosionRenderer.js","statementMap":{"0":{"start":{"line":6,"column":8},"end":{"line":6,"column":null}},"1":{"start":{"line":10,"column":18},"end":{"line":10,"column":40}},"2":{"start":{"line":11,"column":28},"end":{"line":11,"column":51}},"3":{"start":{"line":14,"column":23},"end":{"line":14,"column":66}},"4":{"start":{"line":15,"column":8},"end":{"line":15,"column":null}},"5":{"start":{"line":16,"column":8},"end":{"line":16,"column":null}},"6":{"start":{"line":17,"column":8},"end":{"line":17,"column":null}},"7":{"start":{"line":20,"column":8},"end":{"line":35,"column":null}},"8":{"start":{"line":28,"column":16},"end":{"line":33,"column":null}},"9":{"start":{"line":32,"column":38},"end":{"line":32,"column":null}},"10":{"start":{"line":38,"column":27},"end":{"line":38,"column":28}},"11":{"start":{"line":39,"column":8},"end":{"line":54,"column":null}},"12":{"start":{"line":39,"column":21},"end":{"line":39,"column":22}},"13":{"start":{"line":40,"column":12},"end":{"line":53,"column":null}},"14":{"start":{"line":41,"column":36},"end":{"line":41,"column":79}},"15":{"start":{"line":42,"column":16},"end":{"line":42,"column":null}},"16":{"start":{"line":43,"column":16},"end":{"line":43,"column":null}},"17":{"start":{"line":45,"column":16},"end":{"line":52,"column":null}},"18":{"start":{"line":51,"column":38},"end":{"line":51,"column":null}},"19":{"start":{"line":58,"column":18},"end":{"line":58,"column":40}},"20":{"start":{"line":60,"column":27},"end":{"line":76,"column":9}},"21":{"start":{"line":61,"column":27},"end":{"line":61,"column":76}},"22":{"start":{"line":62,"column":12},"end":{"line":62,"column":null}},"23":{"start":{"line":63,"column":12},"end":{"line":63,"column":null}},"24":{"start":{"line":64,"column":12},"end":{"line":64,"column":null}},"25":{"start":{"line":66,"column":12},"end":{"line":75,"column":null}},"26":{"start":{"line":73,"column":20},"end":{"line":73,"column":null}},"27":{"start":{"line":79,"column":8},"end":{"line":79,"column":null}},"28":{"start":{"line":81,"column":8},"end":{"line":81,"column":null}},"29":{"start":{"line":83,"column":8},"end":{"line":83,"column":null}},"30":{"start":{"line":86,"column":23},"end":{"line":86,"column":93}},"31":{"start":{"line":87,"column":8},"end":{"line":105,"column":null}},"32":{"start":{"line":88,"column":30},"end":{"line":98,"column":14}},"33":{"start":{"line":100,"column":12},"end":{"line":100,"column":null}},"34":{"start":{"line":102,"column":12},"end":{"line":104,"column":null}},"35":{"start":{"line":103,"column":16},"end":{"line":103,"column":null}},"36":{"start":{"line":108,"column":22},"end":{"line":108,"column":136}},"37":{"start":{"line":109,"column":8},"end":{"line":109,"column":null}},"38":{"start":{"line":110,"column":8},"end":{"line":116,"column":null}},"39":{"start":{"line":115,"column":30},"end":{"line":115,"column":null}}},"fnMap":{"0":{"name":"(anonymous_0)","decl":{"start":{"line":5,"column":4},"end":{"line":5,"column":15}},"loc":{"start":{"line":5,"column":23},"end":{"line":7,"column":null}},"line":5},"1":{"name":"(anonymous_1)","decl":{"start":{"line":9,"column":4},"end":{"line":9,"column":20}},"loc":{"start":{"line":9,"column":30},"end":{"line":55,"column":null}},"line":9},"2":{"name":"(anonymous_2)","decl":{"start":{"line":26,"column":24},"end":{"line":26,"column":25}},"loc":{"start":{"line":26,"column":30},"end":{"line":34,"column":null}},"line":26},"3":{"name":"(anonymous_3)","decl":{"start":{"line":32,"column":32},"end":{"line":32,"column":33}},"loc":{"start":{"line":32,"column":38},"end":{"line":32,"column":null}},"line":32},"4":{"name":"(anonymous_4)","decl":{"start":{"line":40,"column":48},"end":{"line":40,"column":49}},"loc":{"start":{"line":40,"column":54},"end":{"line":53,"column":13}},"line":40},"5":{"name":"(anonymous_5)","decl":{"start":{"line":51,"column":32},"end":{"line":51,"column":33}},"loc":{"start":{"line":51,"column":38},"end":{"line":51,"column":null}},"line":51},"6":{"name":"(anonymous_6)","decl":{"start":{"line":57,"column":4},"end":{"line":57,"column":20}},"loc":{"start":{"line":57,"column":30},"end":{"line":117,"column":null}},"line":57},"7":{"name":"(anonymous_7)","decl":{"start":{"line":60,"column":27},"end":{"line":60,"column":28}},"loc":{"start":{"line":60,"column":70},"end":{"line":76,"column":9}},"line":60},"8":{"name":"(anonymous_8)","decl":{"start":{"line":72,"column":28},"end":{"line":72,"column":29}},"loc":{"start":{"line":72,"column":34},"end":{"line":74,"column":null}},"line":72},"9":{"name":"(anonymous_9)","decl":{"start":{"line":87,"column":23},"end":{"line":87,"column":28}},"loc":{"start":{"line":87,"column":32},"end":{"line":105,"column":9}},"line":87},"10":{"name":"(anonymous_10)","decl":{"start":{"line":102,"column":82},"end":{"line":102,"column":83}},"loc":{"start":{"line":102,"column":88},"end":{"line":104,"column":13}},"line":102},"11":{"name":"(anonymous_11)","decl":{"start":{"line":115,"column":24},"end":{"line":115,"column":25}},"loc":{"start":{"line":115,"column":30},"end":{"line":115,"column":null}},"line":115}},"branchMap":{},"s":{"0":0,"1":0,"2":0,"3":0,"4":0,"5":0,"6":0,"7":0,"8":0,"9":0,"10":0,"11":0,"12":0,"13":0,"14":0,"15":0,"16":0,"17":0,"18":0,"19":0,"20":0,"21":0,"22":0,"23":0,"24":0,"25":0,"26":0,"27":0,"28":0,"29":0,"30":0,"31":0,"32":0,"33":0,"34":0,"35":0,"36":0,"37":0,"38":0,"39":0},"f":{"0":0,"1":0,"2":0,"3":0,"4":0,"5":0,"6":0,"7":0,"8":0,"9":0,"10":0,"11":0},"b":{},"meta":{"lastBranch":0,"lastFunction":12,"lastStatement":40,"seen":{"f:5:4:5:15":0,"s:6:8:6:Infinity":0,"f:9:4:9:20":1,"s:10:18:10:40":1,"s:11:28:11:51":2,"s:14:23:14:66":3,"s:15:8:15:Infinity":4,"s:16:8:16:Infinity":5,"s:17:8:17:Infinity":6,"s:20:8:35:Infinity":7,"f:26:24:26:25":2,"s:28:16:33:Infinity":8,"f:32:32:32:33":3,"s:32:38:32:Infinity":9,"s:38:27:38:28":10,"s:39:8:54:Infinity":11,"s:39:21:39:22":12,"s:40:12:53:Infinity":13,"f:40:48:40:49":4,"s:41:36:41:79":14,"s:42:16:42:Infinity":15,"s:43:16:43:Infinity":16,"s:45:16:52:Infinity":17,"f:51:32:51:33":5,"s:51:38:51:Infinity":18,"f:57:4:57:20":6,"s:58:18:58:40":19,"s:60:27:76:9":20,"f:60:27:60:28":7,"s:61:27:61:76":21,"s:62:12:62:Infinity":22,"s:63:12:63:Infinity":23,"s:64:12:64:Infinity":24,"s:66:12:75:Infinity":25,"f:72:28:72:29":8,"s:73:20:73:Infinity":26,"s:79:8:79:Infinity":27,"s:81:8:81:Infinity":28,"s:83:8:83:Infinity":29,"s:86:23:86:93":30,"s:87:8:105:Infinity":31,"f:87:23:87:28":9,"s:88:30:98:14":32,"s:100:12:100:Infinity":33,"s:102:12:104:Infinity":34,"f:102:82:102:83":10,"s:103:16:103:Infinity":35,"s:108:22:108:136":36,"s:109:8:109:Infinity":37,"s:110:8:116:Infinity":38,"f:115:24:115:25":11,"s:115:30:115:Infinity":39}}}
,"/home/tomc/github/tank-wars/src/render/ProjectileRenderer.js": {"path":"/home/tomc/github/tank-wars/src/render/ProjectileRenderer.js","statementMap":{"0":{"start":{"line":6,"column":8},"end":{"line":6,"column":null}},"1":{"start":{"line":7,"column":8},"end":{"line":7,"column":null}},"2":{"start":{"line":8,"column":8},"end":{"line":8,"column":null}},"3":{"start":{"line":9,"column":8},"end":{"line":9,"column":null}},"4":{"start":{"line":10,"column":8},"end":{"line":10,"column":null}},"5":{"start":{"line":11,"column":8},"end":{"line":11,"column":null}},"6":{"start":{"line":13,"column":8},"end":{"line":13,"column":null}},"7":{"start":{"line":14,"column":8},"end":{"line":14,"column":null}},"8":{"start":{"line":15,"column":8},"end":{"line":15,"column":null}},"9":{"start":{"line":16,"column":8},"end":{"line":16,"column":null}},"10":{"start":{"line":17,"column":8},"end":{"line":17,"column":null}},"11":{"start":{"line":19,"column":8},"end":{"line":19,"column":null}},"12":{"start":{"line":20,"column":8},"end":{"line":20,"column":null}},"13":{"start":{"line":24,"column":8},"end":{"line":24,"column":null}},"14":{"start":{"line":25,"column":8},"end":{"line":25,"column":null}},"15":{"start":{"line":26,"column":8},"end":{"line":26,"column":null}},"16":{"start":{"line":27,"column":8},"end":{"line":27,"column":null}},"17":{"start":{"line":29,"column":8},"end":{"line":33,"column":null}},"18":{"start":{"line":30,"column":12},"end":{"line":30,"column":null}},"19":{"start":{"line":31,"column":12},"end":{"line":31,"column":null}},"20":{"start":{"line":32,"column":12},"end":{"line":32,"column":null}},"21":{"start":{"line":35,"column":18},"end":{"line":35,"column":38}},"22":{"start":{"line":36,"column":18},"end":{"line":36,"column":58}},"23":{"start":{"line":39,"column":8},"end":{"line":39,"column":null}},"24":{"start":{"line":40,"column":8},"end":{"line":42,"column":null}},"25":{"start":{"line":41,"column":12},"end":{"line":41,"column":null}},"26":{"start":{"line":45,"column":8},"end":{"line":45,"column":null}},"27":{"start":{"line":46,"column":8},"end":{"line":54,"column":null}},"28":{"start":{"line":47,"column":12},"end":{"line":47,"column":null}},"29":{"start":{"line":48,"column":12},"end":{"line":48,"column":null}},"30":{"start":{"line":49,"column":12},"end":{"line":49,"column":null}},"31":{"start":{"line":50,"column":12},"end":{"line":52,"column":null}},"32":{"start":{"line":50,"column":25},"end":{"line":50,"column":26}},"33":{"start":{"line":51,"column":16},"end":{"line":51,"column":null}},"34":{"start":{"line":53,"column":12},"end":{"line":53,"column":null}},"35":{"start":{"line":56,"column":22},"end":{"line":56,"column":39}},"36":{"start":{"line":58,"column":8},"end":{"line":58,"column":null}},"37":{"start":{"line":59,"column":8},"end":{"line":59,"column":null}},"38":{"start":{"line":61,"column":8},"end":{"line":61,"column":null}},"39":{"start":{"line":62,"column":8},"end":{"line":62,"column":null}},"40":{"start":{"line":64,"column":8},"end":{"line":64,"column":null}},"41":{"start":{"line":65,"column":8},"end":{"line":65,"column":null}},"42":{"start":{"line":67,"column":8},"end":{"line":67,"column":null}},"43":{"start":{"line":68,"column":8},"end":{"line":68,"column":null}},"44":{"start":{"line":72,"column":22},"end":{"line":72,"column":146}},"45":{"start":{"line":73,"column":8},"end":{"line":73,"column":null}},"46":{"start":{"line":74,"column":8},"end":{"line":74,"column":null}},"47":{"start":{"line":75,"column":8},"end":{"line":75,"column":null}},"48":{"start":{"line":76,"column":8},"end":{"line":76,"column":null}}},"fnMap":{"0":{"name":"(anonymous_0)","decl":{"start":{"line":5,"column":4},"end":{"line":5,"column":15}},"loc":{"start":{"line":5,"column":23},"end":{"line":21,"column":null}},"line":5},"1":{"name":"(anonymous_1)","decl":{"start":{"line":23,"column":4},"end":{"line":23,"column":10}},"loc":{"start":{"line":23,"column":23},"end":{"line":69,"column":null}},"line":23},"2":{"name":"(anonymous_2)","decl":{"start":{"line":71,"column":4},"end":{"line":71,"column":10}},"loc":{"start":{"line":71,"column":17},"end":{"line":77,"column":null}},"line":71}},"branchMap":{"0":{"loc":{"start":{"line":29,"column":8},"end":{"line":33,"column":null}},"type":"if","locations":[{"start":{"line":29,"column":8},"end":{"line":33,"column":null}},{"start":{},"end":{}}],"line":29},"1":{"loc":{"start":{"line":40,"column":8},"end":{"line":42,"column":null}},"type":"if","locations":[{"start":{"line":40,"column":8},"end":{"line":42,"column":null}},{"start":{},"end":{}}],"line":40},"2":{"loc":{"start":{"line":46,"column":8},"end":{"line":54,"column":null}},"type":"if","locations":[{"start":{"line":46,"column":8},"end":{"line":54,"column":null}},{"start":{},"end":{}}],"line":46}},"s":{"0":0,"1":0,"2":0,"3":0,"4":0,"5":0,"6":0,"7":0,"8":0,"9":0,"10":0,"11":0,"12":0,"13":0,"14":0,"15":0,"16":0,"17":0,"18":0,"19":0,"20":0,"21":0,"22":0,"23":0,"24":0,"25":0,"26":0,"27":0,"28":0,"29":0,"30":0,"31":0,"32":0,"33":0,"34":0,"35":0,"36":0,"37":0,"38":0,"39":0,"40":0,"41":0,"42":0,"43":0,"44":0,"45":0,"46":0,"47":0,"48":0},"f":{"0":0,"1":0,"2":0},"b":{"0":[0,0],"1":[0,0],"2":[0,0]},"meta":{"lastBranch":3,"lastFunction":3,"lastStatement":49,"seen":{"f:5:4:5:15":0,"s:6:8:6:Infinity":0,"s:7:8:7:Infinity":1,"s:8:8:8:Infinity":2,"s:9:8:9:Infinity":3,"s:10:8:10:Infinity":4,"s:11:8:11:Infinity":5,"s:13:8:13:Infinity":6,"s:14:8:14:Infinity":7,"s:15:8:15:Infinity":8,"s:16:8:16:Infinity":9,"s:17:8:17:Infinity":10,"s:19:8:19:Infinity":11,"s:20:8:20:Infinity":12,"f:23:4:23:10":1,"s:24:8:24:Infinity":13,"s:25:8:25:Infinity":14,"s:26:8:26:Infinity":15,"s:27:8:27:Infinity":16,"b:29:8:33:Infinity:undefined:undefined:undefined:undefined":0,"s:29:8:33:Infinity":17,"s:30:12:30:Infinity":18,"s:31:12:31:Infinity":19,"s:32:12:32:Infinity":20,"s:35:18:35:38":21,"s:36:18:36:58":22,"s:39:8:39:Infinity":23,"b:40:8:42:Infinity:undefined:undefined:undefined:undefined":1,"s:40:8:42:Infinity":24,"s:41:12:41:Infinity":25,"s:45:8:45:Infinity":26,"b:46:8:54:Infinity:undefined:undefined:undefined:undefined":2,"s:46:8:54:Infinity":27,"s:47:12:47:Infinity":28,"s:48:12:48:Infinity":29,"s:49:12:49:Infinity":30,"s:50:12:52:Infinity":31,"s:50:25:50:26":32,"s:51:16:51:Infinity":33,"s:53:12:53:Infinity":34,"s:56:22:56:39":35,"s:58:8:58:Infinity":36,"s:59:8:59:Infinity":37,"s:61:8:61:Infinity":38,"s:62:8:62:Infinity":39,"s:64:8:64:Infinity":40,"s:65:8:65:Infinity":41,"s:67:8:67:Infinity":42,"s:68:8:68:Infinity":43,"f:71:4:71:10":2,"s:72:22:72:146":44,"s:73:8:73:Infinity":45,"s:74:8:74:Infinity":46,"s:75:8:75:Infinity":47,"s:76:8:76:Infinity":48}}}
,"/home/tomc/github/tank-wars/src/render/TankRenderer.js": {"path":"/home/tomc/github/tank-wars/src/render/TankRenderer.js","statementMap":{"0":{"start":{"line":6,"column":8},"end":{"line":6,"column":null}},"1":{"start":{"line":7,"column":8},"end":{"line":7,"column":40}},"2":{"start":{"line":11,"column":8},"end":{"line":85,"column":null}},"3":{"start":{"line":12,"column":28},"end":{"line":12,"column":60}},"4":{"start":{"line":13,"column":12},"end":{"line":31,"column":null}},"5":{"start":{"line":14,"column":16},"end":{"line":14,"column":null}},"6":{"start":{"line":16,"column":34},"end":{"line":16,"column":59}},"7":{"start":{"line":17,"column":32},"end":{"line":17,"column":57}},"8":{"start":{"line":18,"column":34},"end":{"line":18,"column":59}},"9":{"start":{"line":19,"column":29},"end":{"line":19,"column":54}},"10":{"start":{"line":20,"column":34},"end":{"line":20,"column":59}},"11":{"start":{"line":22,"column":16},"end":{"line":22,"column":null}},"12":{"start":{"line":23,"column":16},"end":{"line":23,"column":null}},"13":{"start":{"line":24,"column":16},"end":{"line":24,"column":null}},"14":{"start":{"line":26,"column":16},"end":{"line":26,"column":null}},"15":{"start":{"line":27,"column":16},"end":{"line":27,"column":null}},"16":{"start":{"line":28,"column":16},"end":{"line":28,"column":null}},"17":{"start":{"line":29,"column":16},"end":{"line":29,"column":null}},"18":{"start":{"line":30,"column":16},"end":{"line":30,"column":null}},"19":{"start":{"line":33,"column":71},"end":{"line":33,"column":80}},"20":{"start":{"line":35,"column":12},"end":{"line":35,"column":null}},"21":{"start":{"line":36,"column":12},"end":{"line":36,"column":null}},"22":{"start":{"line":37,"column":12},"end":{"line":37,"column":null}},"23":{"start":{"line":38,"column":12},"end":{"line":38,"column":null}},"24":{"start":{"line":39,"column":12},"end":{"line":39,"column":null}},"25":{"start":{"line":41,"column":26},"end":{"line":41,"column":75}},"26":{"start":{"line":42,"column":30},"end":{"line":42,"column":62}},"27":{"start":{"line":45,"column":12},"end":{"line":45,"column":null}},"28":{"start":{"line":46,"column":12},"end":{"line":46,"column":null}},"29":{"start":{"line":47,"column":12},"end":{"line":47,"column":null}},"30":{"start":{"line":48,"column":12},"end":{"line":48,"column":null}},"31":{"start":{"line":49,"column":12},"end":{"line":49,"column":null}},"32":{"start":{"line":50,"column":12},"end":{"line":50,"column":null}},"33":{"start":{"line":51,"column":12},"end":{"line":51,"column":null}},"34":{"start":{"line":53,"column":12},"end":{"line":74,"column":null}},"35":{"start":{"line":55,"column":16},"end":{"line":55,"column":null}},"36":{"start":{"line":56,"column":16},"end":{"line":56,"column":null}},"37":{"start":{"line":57,"column":16},"end":{"line":57,"column":null}},"38":{"start":{"line":59,"column":16},"end":{"line":59,"column":null}},"39":{"start":{"line":60,"column":16},"end":{"line":60,"column":null}},"40":{"start":{"line":61,"column":16},"end":{"line":61,"column":null}},"41":{"start":{"line":63,"column":16},"end":{"line":63,"column":null}},"42":{"start":{"line":64,"column":16},"end":{"line":64,"column":null}},"43":{"start":{"line":65,"column":16},"end":{"line":65,"column":null}},"44":{"start":{"line":68,"column":33},"end":{"line":68,"column":63}},"45":{"start":{"line":69,"column":16},"end":{"line":69,"column":null}},"46":{"start":{"line":70,"column":16},"end":{"line":70,"column":null}},"47":{"start":{"line":72,"column":16},"end":{"line":72,"column":null}},"48":{"start":{"line":73,"column":16},"end":{"line":73,"column":null}},"49":{"start":{"line":77,"column":22},"end":{"line":77,"column":36}},"50":{"start":{"line":78,"column":22},"end":{"line":78,"column":56}},"51":{"start":{"line":80,"column":12},"end":{"line":80,"column":null}},"52":{"start":{"line":81,"column":12},"end":{"line":81,"column":null}},"53":{"start":{"line":84,"column":12},"end":{"line":84,"column":null}},"54":{"start":{"line":89,"column":22},"end":{"line":89,"column":128}},"55":{"start":{"line":90,"column":8},"end":{"line":95,"column":null}},"56":{"start":{"line":91,"column":12},"end":{"line":91,"column":null}},"57":{"start":{"line":92,"column":12},"end":{"line":92,"column":null}},"58":{"start":{"line":93,"column":12},"end":{"line":93,"column":null}},"59":{"start":{"line":93,"column":35},"end":{"line":93,"column":null}},"60":{"start":{"line":94,"column":12},"end":{"line":94,"column":null}}},"fnMap":{"0":{"name":"(anonymous_0)","decl":{"start":{"line":5,"column":4},"end":{"line":5,"column":15}},"loc":{"start":{"line":5,"column":23},"end":{"line":8,"column":null}},"line":5},"1":{"name":"(anonymous_1)","decl":{"start":{"line":10,"column":4},"end":{"line":10,"column":10}},"loc":{"start":{"line":10,"column":27},"end":{"line":86,"column":null}},"line":10},"2":{"name":"(anonymous_2)","decl":{"start":{"line":11,"column":22},"end":{"line":11,"column":26}},"loc":{"start":{"line":11,"column":30},"end":{"line":85,"column":9}},"line":11},"3":{"name":"(anonymous_3)","decl":{"start":{"line":88,"column":4},"end":{"line":88,"column":10}},"loc":{"start":{"line":88,"column":17},"end":{"line":96,"column":null}},"line":88},"4":{"name":"(anonymous_4)","decl":{"start":{"line":90,"column":36},"end":{"line":90,"column":45}},"loc":{"start":{"line":90,"column":49},"end":{"line":95,"column":9}},"line":90}},"branchMap":{"0":{"loc":{"start":{"line":13,"column":12},"end":{"line":31,"column":null}},"type":"if","locations":[{"start":{"line":13,"column":12},"end":{"line":31,"column":null}},{"start":{},"end":{}}],"line":13},"1":{"loc":{"start":{"line":41,"column":26},"end":{"line":41,"column":75}},"type":"cond-expr","locations":[{"start":{"line":41,"column":42},"end":{"line":41,"column":57}},{"start":{"line":41,"column":60},"end":{"line":41,"column":75}}],"line":41},"2":{"loc":{"start":{"line":42,"column":30},"end":{"line":42,"column":62}},"type":"cond-expr","locations":[{"start":{"line":42,"column":43},"end":{"line":42,"column":48}},{"start":{"line":42,"column":51},"end":{"line":42,"column":62}}],"line":42},"3":{"loc":{"start":{"line":53,"column":12},"end":{"line":74,"column":null}},"type":"if","locations":[{"start":{"line":53,"column":12},"end":{"line":74,"column":null}},{"start":{},"end":{}}],"line":53},"4":{"loc":{"start":{"line":93,"column":12},"end":{"line":93,"column":null}},"type":"if","locations":[{"start":{"line":93,"column":12},"end":{"line":93,"column":null}},{"start":{},"end":{}}],"line":93}},"s":{"0":0,"1":0,"2":0,"3":0,"4":0,"5":0,"6":0,"7":0,"8":0,"9":0,"10":0,"11":0,"12":0,"13":0,"14":0,"15":0,"16":0,"17":0,"18":0,"19":0,"20":0,"21":0,"22":0,"23":0,"24":0,"25":0,"26":0,"27":0,"28":0,"29":0,"30":0,"31":0,"32":0,"33":0,"34":0,"35":0,"36":0,"37":0,"38":0,"39":0,"40":0,"41":0,"42":0,"43":0,"44":0,"45":0,"46":0,"47":0,"48":0,"49":0,"50":0,"51":0,"52":0,"53":0,"54":0,"55":0,"56":0,"57":0,"58":0,"59":0,"60":0},"f":{"0":0,"1":0,"2":0,"3":0,"4":0},"b":{"0":[0,0],"1":[0,0],"2":[0,0],"3":[0,0],"4":[0,0]},"meta":{"lastBranch":5,"lastFunction":5,"lastStatement":61,"seen":{"f:5:4:5:15":0,"s:6:8:6:Infinity":0,"s:7:8:7:40":1,"f:10:4:10:10":1,"s:11:8:85:Infinity":2,"f:11:22:11:26":2,"s:12:28:12:60":3,"b:13:12:31:Infinity:undefined:undefined:undefined:undefined":0,"s:13:12:31:Infinity":4,"s:14:16:14:Infinity":5,"s:16:34:16:59":6,"s:17:32:17:57":7,"s:18:34:18:59":8,"s:19:29:19:54":9,"s:20:34:20:59":10,"s:22:16:22:Infinity":11,"s:23:16:23:Infinity":12,"s:24:16:24:Infinity":13,"s:26:16:26:Infinity":14,"s:27:16:27:Infinity":15,"s:28:16:28:Infinity":16,"s:29:16:29:Infinity":17,"s:30:16:30:Infinity":18,"s:33:71:33:80":19,"s:35:12:35:Infinity":20,"s:36:12:36:Infinity":21,"s:37:12:37:Infinity":22,"s:38:12:38:Infinity":23,"s:39:12:39:Infinity":24,"s:41:26:41:75":25,"b:41:42:41:57:41:60:41:75":1,"s:42:30:42:62":26,"b:42:43:42:48:42:51:42:62":2,"s:45:12:45:Infinity":27,"s:46:12:46:Infinity":28,"s:47:12:47:Infinity":29,"s:48:12:48:Infinity":30,"s:49:12:49:Infinity":31,"s:50:12:50:Infinity":32,"s:51:12:51:Infinity":33,"b:53:12:74:Infinity:undefined:undefined:undefined:undefined":3,"s:53:12:74:Infinity":34,"s:55:16:55:Infinity":35,"s:56:16:56:Infinity":36,"s:57:16:57:Infinity":37,"s:59:16:59:Infinity":38,"s:60:16:60:Infinity":39,"s:61:16:61:Infinity":40,"s:63:16:63:Infinity":41,"s:64:16:64:Infinity":42,"s:65:16:65:Infinity":43,"s:68:33:68:63":44,"s:69:16:69:Infinity":45,"s:70:16:70:Infinity":46,"s:72:16:72:Infinity":47,"s:73:16:73:Infinity":48,"s:77:22:77:36":49,"s:78:22:78:56":50,"s:80:12:80:Infinity":51,"s:81:12:81:Infinity":52,"s:84:12:84:Infinity":53,"f:88:4:88:10":3,"s:89:22:89:128":54,"s:90:8:95:Infinity":55,"f:90:36:90:45":4,"s:91:12:91:Infinity":56,"s:92:12:92:Infinity":57,"b:93:12:93:Infinity:undefined:undefined:undefined:undefined":4,"s:93:12:93:Infinity":58,"s:93:35:93:Infinity":59,"s:94:12:94:Infinity":60}}}
,"/home/tomc/github/tank-wars/src/render/TerrainRenderer.js": {"path":"/home/tomc/github/tank-wars/src/render/TerrainRenderer.js","statementMap":{"0":{"start":{"line":6,"column":8},"end":{"line":6,"column":null}},"1":{"start":{"line":7,"column":8},"end":{"line":7,"column":null}},"2":{"start":{"line":8,"column":8},"end":{"line":11,"column":null}},"3":{"start":{"line":14,"column":8},"end":{"line":14,"column":null}},"4":{"start":{"line":15,"column":8},"end":{"line":15,"column":null}},"5":{"start":{"line":16,"column":8},"end":{"line":16,"column":null}},"6":{"start":{"line":21,"column":8},"end":{"line":21,"column":null}},"7":{"start":{"line":22,"column":8},"end":{"line":22,"column":null}},"8":{"start":{"line":23,"column":8},"end":{"line":23,"column":null}},"9":{"start":{"line":25,"column":22},"end":{"line":25,"column":36}},"10":{"start":{"line":28,"column":8},"end":{"line":28,"column":null}},"11":{"start":{"line":29,"column":8},"end":{"line":29,"column":null}},"12":{"start":{"line":32,"column":8},"end":{"line":32,"column":null}},"13":{"start":{"line":33,"column":8},"end":{"line":33,"column":null}},"14":{"start":{"line":35,"column":8},"end":{"line":35,"column":null}},"15":{"start":{"line":36,"column":8},"end":{"line":36,"column":null}},"16":{"start":{"line":38,"column":8},"end":{"line":41,"column":null}},"17":{"start":{"line":39,"column":12},"end":{"line":39,"column":null}},"18":{"start":{"line":40,"column":12},"end":{"line":40,"column":null}},"19":{"start":{"line":42,"column":8},"end":{"line":42,"column":null}},"20":{"start":{"line":43,"column":8},"end":{"line":43,"column":null}},"21":{"start":{"line":44,"column":8},"end":{"line":44,"column":null}},"22":{"start":{"line":46,"column":8},"end":{"line":49,"column":null}},"23":{"start":{"line":47,"column":12},"end":{"line":47,"column":null}},"24":{"start":{"line":48,"column":12},"end":{"line":48,"column":null}},"25":{"start":{"line":50,"column":8},"end":{"line":50,"column":null}},"26":{"start":{"line":51,"column":8},"end":{"line":51,"column":null}},"27":{"start":{"line":52,"column":8},"end":{"line":52,"column":null}},"28":{"start":{"line":56,"column":8},"end":{"line":56,"column":null}},"29":{"start":{"line":57,"column":8},"end":{"line":57,"column":null}},"30":{"start":{"line":59,"column":8},"end":{"line":63,"column":null}},"31":{"start":{"line":59,"column":21},"end":{"line":59,"column":22}},"32":{"start":{"line":60,"column":22},"end":{"line":60,"column":38}},"33":{"start":{"line":61,"column":22},"end":{"line":61,"column":58}},"34":{"start":{"line":62,"column":12},"end":{"line":62,"column":null}},"35":{"start":{"line":64,"column":8},"end":{"line":64,"column":null}},"36":{"start":{"line":69,"column":22},"end":{"line":69,"column":137}},"37":{"start":{"line":70,"column":8},"end":{"line":70,"column":null}},"38":{"start":{"line":71,"column":8},"end":{"line":71,"column":null}},"39":{"start":{"line":72,"column":8},"end":{"line":72,"column":null}},"40":{"start":{"line":73,"column":8},"end":{"line":73,"column":null}},"41":{"start":{"line":73,"column":24},"end":{"line":73,"column":null}},"42":{"start":{"line":74,"column":8},"end":{"line":74,"column":null}},"43":{"start":{"line":74,"column":24},"end":{"line":74,"column":null}}},"fnMap":{"0":{"name":"(anonymous_0)","decl":{"start":{"line":5,"column":4},"end":{"line":5,"column":15}},"loc":{"start":{"line":5,"column":23},"end":{"line":17,"column":null}},"line":5},"1":{"name":"(anonymous_1)","decl":{"start":{"line":19,"column":4},"end":{"line":19,"column":10}},"loc":{"start":{"line":19,"column":20},"end":{"line":53,"column":null}},"line":19},"2":{"name":"(anonymous_2)","decl":{"start":{"line":55,"column":4},"end":{"line":55,"column":19}},"loc":{"start":{"line":55,"column":39},"end":{"line":65,"column":null}},"line":55},"3":{"name":"(anonymous_3)","decl":{"start":{"line":67,"column":4},"end":{"line":67,"column":10}},"loc":{"start":{"line":67,"column":17},"end":{"line":75,"column":null}},"line":67}},"branchMap":{"0":{"loc":{"start":{"line":38,"column":8},"end":{"line":41,"column":null}},"type":"if","locations":[{"start":{"line":38,"column":8},"end":{"line":41,"column":null}},{"start":{},"end":{}}],"line":38},"1":{"loc":{"start":{"line":46,"column":8},"end":{"line":49,"column":null}},"type":"if","locations":[{"start":{"line":46,"column":8},"end":{"line":49,"column":null}},{"start":{},"end":{}}],"line":46},"2":{"loc":{"start":{"line":73,"column":8},"end":{"line":73,"column":null}},"type":"if","locations":[{"start":{"line":73,"column":8},"end":{"line":73,"column":null}},{"start":{},"end":{}}],"line":73},"3":{"loc":{"start":{"line":74,"column":8},"end":{"line":74,"column":null}},"type":"if","locations":[{"start":{"line":74,"column":8},"end":{"line":74,"column":null}},{"start":{},"end":{}}],"line":74}},"s":{"0":0,"1":0,"2":0,"3":0,"4":0,"5":0,"6":0,"7":0,"8":0,"9":0,"10":0,"11":0,"12":0,"13":0,"14":0,"15":0,"16":0,"17":0,"18":0,"19":0,"20":0,"21":0,"22":0,"23":0,"24":0,"25":0,"26":0,"27":0,"28":0,"29":0,"30":0,"31":0,"32":0,"33":0,"34":0,"35":0,"36":0,"37":0,"38":0,"39":0,"40":0,"41":0,"42":0,"43":0},"f":{"0":0,"1":0,"2":0,"3":0},"b":{"0":[0,0],"1":[0,0],"2":[0,0],"3":[0,0]},"meta":{"lastBranch":4,"lastFunction":4,"lastStatement":44,"seen":{"f:5:4:5:15":0,"s:6:8:6:Infinity":0,"s:7:8:7:Infinity":1,"s:8:8:11:Infinity":2,"s:14:8:14:Infinity":3,"s:15:8:15:Infinity":4,"s:16:8:16:Infinity":5,"f:19:4:19:10":1,"s:21:8:21:Infinity":6,"s:22:8:22:Infinity":7,"s:23:8:23:Infinity":8,"s:25:22:25:36":9,"s:28:8:28:Infinity":10,"s:29:8:29:Infinity":11,"s:32:8:32:Infinity":12,"s:33:8:33:Infinity":13,"s:35:8:35:Infinity":14,"s:36:8:36:Infinity":15,"b:38:8:41:Infinity:undefined:undefined:undefined:undefined":0,"s:38:8:41:Infinity":16,"s:39:12:39:Infinity":17,"s:40:12:40:Infinity":18,"s:42:8:42:Infinity":19,"s:43:8:43:Infinity":20,"s:44:8:44:Infinity":21,"b:46:8:49:Infinity:undefined:undefined:undefined:undefined":1,"s:46:8:49:Infinity":22,"s:47:12:47:Infinity":23,"s:48:12:48:Infinity":24,"s:50:8:50:Infinity":25,"s:51:8:51:Infinity":26,"s:52:8:52:Infinity":27,"f:55:4:55:19":2,"s:56:8:56:Infinity":28,"s:57:8:57:Infinity":29,"s:59:8:63:Infinity":30,"s:59:21:59:22":31,"s:60:22:60:38":32,"s:61:22:61:58":33,"s:62:12:62:Infinity":34,"s:64:8:64:Infinity":35,"f:67:4:67:10":3,"s:69:22:69:137":36,"s:70:8:70:Infinity":37,"s:71:8:71:Infinity":38,"s:72:8:72:Infinity":39,"b:73:8:73:Infinity:undefined:undefined:undefined:undefined":2,"s:73:8:73:Infinity":40,"s:73:24:73:Infinity":41,"b:74:8:74:Infinity:undefined:undefined:undefined:undefined":3,"s:74:8:74:Infinity":42,"s:74:24:74:Infinity":43}}}
,"/home/tomc/github/tank-wars/src/render/constants.js": {"path":"/home/tomc/github/tank-wars/src/render/constants.js","statementMap":{"0":{"start":{"line":5,"column":29},"end":{"line":19,"column":1}},"1":{"start":{"line":21,"column":22},"end":{"line":31,"column":1}},"2":{"start":{"line":33,"column":28},"end":{"line":37,"column":1}},"3":{"start":{"line":39,"column":34},"end":{"line":53,"column":1}},"4":{"start":{"line":55,"column":28},"end":{"line":71,"column":1}},"5":{"start":{"line":73,"column":31},"end":{"line":90,"column":1}},"6":{"start":{"line":92,"column":33},"end":{"line":113,"column":1}},"7":{"start":{"line":115,"column":26},"end":{"line":139,"column":1}},"8":{"start":{"line":141,"column":29},"end":{"line":145,"column":1}}},"fnMap":{},"branchMap":{},"s":{"0":0,"1":0,"2":0,"3":0,"4":0,"5":0,"6":0,"7":0,"8":0},"f":{},"b":{},"meta":{"lastBranch":0,"lastFunction":0,"lastStatement":9,"seen":{"s:5:29:19:1":0,"s:21:22:31:1":1,"s:33:28:37:1":2,"s:39:34:53:1":3,"s:55:28:71:1":4,"s:73:31:90:1":5,"s:92:33:113:1":6,"s:115:26:139:1":7,"s:141:29:145:1":8}}}
,"/home/tomc/github/tank-wars/src/scenes/GameScene.js": {"path":"/home/tomc/github/tank-wars/src/scenes/GameScene.js","statementMap":{"0":{"start":{"line":14,"column":8},"end":{"line":14,"column":null}},"1":{"start":{"line":15,"column":8},"end":{"line":15,"column":null}},"2":{"start":{"line":19,"column":8},"end":{"line":24,"column":null}},"3":{"start":{"line":20,"column":29},"end":{"line":20,"column":75}},"4":{"start":{"line":21,"column":12},"end":{"line":21,"column":null}},"5":{"start":{"line":22,"column":12},"end":{"line":22,"column":null}},"6":{"start":{"line":23,"column":12},"end":{"line":23,"column":null}},"7":{"start":{"line":28,"column":8},"end":{"line":28,"column":null}},"8":{"start":{"line":29,"column":8},"end":{"line":29,"column":null}},"9":{"start":{"line":30,"column":8},"end":{"line":30,"column":null}},"10":{"start":{"line":31,"column":8},"end":{"line":31,"column":null}},"11":{"start":{"line":32,"column":8},"end":{"line":32,"column":null}},"12":{"start":{"line":33,"column":8},"end":{"line":33,"column":null}},"13":{"start":{"line":34,"column":8},"end":{"line":34,"column":null}},"14":{"start":{"line":35,"column":8},"end":{"line":35,"column":null}},"15":{"start":{"line":36,"column":8},"end":{"line":36,"column":null}},"16":{"start":{"line":37,"column":8},"end":{"line":37,"column":null}},"17":{"start":{"line":38,"column":8},"end":{"line":38,"column":39}},"18":{"start":{"line":40,"column":8},"end":{"line":40,"column":null}},"19":{"start":{"line":41,"column":8},"end":{"line":41,"column":null}},"20":{"start":{"line":42,"column":8},"end":{"line":42,"column":37}},"21":{"start":{"line":43,"column":8},"end":{"line":43,"column":null}},"22":{"start":{"line":44,"column":8},"end":{"line":44,"column":null}},"23":{"start":{"line":48,"column":8},"end":{"line":50,"column":null}},"24":{"start":{"line":49,"column":12},"end":{"line":49,"column":null}},"25":{"start":{"line":54,"column":8},"end":{"line":54,"column":null}},"26":{"start":{"line":55,"column":8},"end":{"line":55,"column":null}},"27":{"start":{"line":56,"column":8},"end":{"line":56,"column":null}},"28":{"start":{"line":57,"column":8},"end":{"line":57,"column":null}},"29":{"start":{"line":60,"column":8},"end":{"line":60,"column":null}},"30":{"start":{"line":62,"column":8},"end":{"line":84,"column":null}},"31":{"start":{"line":63,"column":12},"end":{"line":71,"column":null}},"32":{"start":{"line":64,"column":16},"end":{"line":70,"column":null}},"33":{"start":{"line":65,"column":20},"end":{"line":69,"column":null}},"34":{"start":{"line":66,"column":24},"end":{"line":66,"column":null}},"35":{"start":{"line":67,"column":24},"end":{"line":67,"column":null}},"36":{"start":{"line":67,"column":51},"end":{"line":67,"column":null}},"37":{"start":{"line":68,"column":24},"end":{"line":68,"column":null}},"38":{"start":{"line":68,"column":54},"end":{"line":68,"column":null}},"39":{"start":{"line":73,"column":12},"end":{"line":83,"column":null}},"40":{"start":{"line":74,"column":16},"end":{"line":74,"column":null}},"41":{"start":{"line":74,"column":38},"end":{"line":74,"column":null}},"42":{"start":{"line":75,"column":16},"end":{"line":82,"column":null}},"43":{"start":{"line":76,"column":33},"end":{"line":76,"column":60}},"44":{"start":{"line":76,"column":61},"end":{"line":76,"column":null}},"45":{"start":{"line":77,"column":33},"end":{"line":77,"column":60}},"46":{"start":{"line":77,"column":61},"end":{"line":77,"column":null}},"47":{"start":{"line":78,"column":33},"end":{"line":78,"column":60}},"48":{"start":{"line":78,"column":61},"end":{"line":78,"column":null}},"49":{"start":{"line":79,"column":34},"end":{"line":79,"column":62}},"50":{"start":{"line":79,"column":63},"end":{"line":79,"column":null}},"51":{"start":{"line":80,"column":45},"end":{"line":80,"column":70}},"52":{"start":{"line":80,"column":71},"end":{"line":80,"column":null}},"53":{"start":{"line":81,"column":45},"end":{"line":81,"column":76}},"54":{"start":{"line":81,"column":77},"end":{"line":81,"column":null}},"55":{"start":{"line":86,"column":8},"end":{"line":98,"column":null}},"56":{"start":{"line":87,"column":12},"end":{"line":87,"column":null}},"57":{"start":{"line":88,"column":12},"end":{"line":90,"column":null}},"58":{"start":{"line":89,"column":16},"end":{"line":89,"column":null}},"59":{"start":{"line":91,"column":12},"end":{"line":97,"column":null}},"60":{"start":{"line":92,"column":16},"end":{"line":92,"column":null}},"61":{"start":{"line":93,"column":19},"end":{"line":97,"column":null}},"62":{"start":{"line":94,"column":16},"end":{"line":94,"column":null}},"63":{"start":{"line":96,"column":16},"end":{"line":96,"column":null}},"64":{"start":{"line":100,"column":8},"end":{"line":100,"column":null}},"65":{"start":{"line":101,"column":8},"end":{"line":101,"column":null}},"66":{"start":{"line":102,"column":8},"end":{"line":102,"column":null}},"67":{"start":{"line":103,"column":8},"end":{"line":103,"column":null}},"68":{"start":{"line":105,"column":8},"end":{"line":105,"column":null}},"69":{"start":{"line":106,"column":8},"end":{"line":106,"column":null}},"70":{"start":{"line":107,"column":8},"end":{"line":107,"column":null}},"71":{"start":{"line":109,"column":8},"end":{"line":109,"column":null}},"72":{"start":{"line":110,"column":8},"end":{"line":110,"column":null}},"73":{"start":{"line":113,"column":8},"end":{"line":118,"column":null}},"74":{"start":{"line":120,"column":8},"end":{"line":123,"column":null}},"75":{"start":{"line":121,"column":28},"end":{"line":121,"column":68}},"76":{"start":{"line":122,"column":12},"end":{"line":122,"column":null}},"77":{"start":{"line":122,"column":35},"end":{"line":122,"column":47}},"78":{"start":{"line":127,"column":8},"end":{"line":127,"column":null}},"79":{"start":{"line":128,"column":8},"end":{"line":138,"column":null}},"80":{"start":{"line":129,"column":12},"end":{"line":137,"column":null}},"81":{"start":{"line":130,"column":16},"end":{"line":134,"column":null}},"82":{"start":{"line":131,"column":20},"end":{"line":131,"column":null}},"83":{"start":{"line":133,"column":20},"end":{"line":133,"column":null}},"84":{"start":{"line":136,"column":16},"end":{"line":136,"column":null}},"85":{"start":{"line":142,"column":8},"end":{"line":142,"column":null}},"86":{"start":{"line":142,"column":25},"end":{"line":142,"column":null}},"87":{"start":{"line":143,"column":8},"end":{"line":147,"column":null}},"88":{"start":{"line":151,"column":8},"end":{"line":151,"column":null}},"89":{"start":{"line":151,"column":26},"end":{"line":151,"column":null}},"90":{"start":{"line":152,"column":24},"end":{"line":152,"column":62}},"91":{"start":{"line":153,"column":8},"end":{"line":153,"column":null}},"92":{"start":{"line":154,"column":8},"end":{"line":158,"column":null}},"93":{"start":{"line":162,"column":8},"end":{"line":162,"column":null}},"94":{"start":{"line":164,"column":8},"end":{"line":164,"column":null}},"95":{"start":{"line":165,"column":8},"end":{"line":165,"column":null}},"96":{"start":{"line":169,"column":8},"end":{"line":169,"column":null}},"97":{"start":{"line":169,"column":64},"end":{"line":169,"column":null}},"98":{"start":{"line":171,"column":28},"end":{"line":171,"column":60}},"99":{"start":{"line":172,"column":26},"end":{"line":172,"column":65}},"100":{"start":{"line":174,"column":8},"end":{"line":206,"column":null}},"101":{"start":{"line":174,"column":21},"end":{"line":174,"column":22}},"102":{"start":{"line":175,"column":24},"end":{"line":175,"column":50}},"103":{"start":{"line":178,"column":12},"end":{"line":204,"column":null}},"104":{"start":{"line":179,"column":16},"end":{"line":182,"column":null}},"105":{"start":{"line":180,"column":20},"end":{"line":180,"column":null}},"106":{"start":{"line":181,"column":20},"end":{"line":181,"column":null}},"107":{"start":{"line":184,"column":30},"end":{"line":184,"column":51}},"108":{"start":{"line":185,"column":30},"end":{"line":185,"column":51}},"109":{"start":{"line":186,"column":34},"end":{"line":187,"column":86}},"110":{"start":{"line":189,"column":16},"end":{"line":192,"column":null}},"111":{"start":{"line":190,"column":20},"end":{"line":190,"column":null}},"112":{"start":{"line":191,"column":20},"end":{"line":191,"column":null}},"113":{"start":{"line":194,"column":16},"end":{"line":194,"column":null}},"114":{"start":{"line":195,"column":16},"end":{"line":195,"column":null}},"115":{"start":{"line":198,"column":16},"end":{"line":198,"column":null}},"116":{"start":{"line":199,"column":16},"end":{"line":199,"column":23}},"117":{"start":{"line":200,"column":19},"end":{"line":204,"column":null}},"118":{"start":{"line":202,"column":16},"end":{"line":202,"column":null}},"119":{"start":{"line":203,"column":16},"end":{"line":203,"column":null}},"120":{"start":{"line":210,"column":8},"end":{"line":210,"column":null}},"121":{"start":{"line":211,"column":8},"end":{"line":211,"column":null}},"122":{"start":{"line":215,"column":27},"end":{"line":215,"column":63}},"123":{"start":{"line":216,"column":26},"end":{"line":216,"column":58}},"124":{"start":{"line":218,"column":8},"end":{"line":235,"column":null}},"125":{"start":{"line":219,"column":12},"end":{"line":231,"column":null}},"126":{"start":{"line":220,"column":16},"end":{"line":220,"column":null}},"127":{"start":{"line":222,"column":16},"end":{"line":228,"column":null}},"128":{"start":{"line":223,"column":20},"end":{"line":227,"column":null}},"129":{"start":{"line":230,"column":16},"end":{"line":230,"column":null}},"130":{"start":{"line":233,"column":12},"end":{"line":233,"column":null}},"131":{"start":{"line":234,"column":12},"end":{"line":234,"column":null}},"132":{"start":{"line":239,"column":8},"end":{"line":239,"column":null}},"133":{"start":{"line":239,"column":25},"end":{"line":239,"column":null}},"134":{"start":{"line":240,"column":8},"end":{"line":240,"column":null}},"135":{"start":{"line":241,"column":8},"end":{"line":241,"column":null}},"136":{"start":{"line":242,"column":8},"end":{"line":242,"column":null}},"137":{"start":{"line":246,"column":8},"end":{"line":246,"column":null}},"138":{"start":{"line":247,"column":8},"end":{"line":247,"column":null}},"139":{"start":{"line":248,"column":8},"end":{"line":252,"column":null}},"140":{"start":{"line":249,"column":12},"end":{"line":249,"column":null}},"141":{"start":{"line":250,"column":12},"end":{"line":250,"column":null}},"142":{"start":{"line":251,"column":12},"end":{"line":251,"column":null}},"143":{"start":{"line":256,"column":8},"end":{"line":256,"column":null}},"144":{"start":{"line":257,"column":8},"end":{"line":257,"column":null}},"145":{"start":{"line":258,"column":8},"end":{"line":260,"column":null}},"146":{"start":{"line":259,"column":12},"end":{"line":259,"column":null}},"147":{"start":{"line":264,"column":8},"end":{"line":264,"column":null}},"148":{"start":{"line":264,"column":54},"end":{"line":264,"column":null}},"149":{"start":{"line":265,"column":26},"end":{"line":265,"column":86}},"150":{"start":{"line":267,"column":8},"end":{"line":267,"column":null}},"151":{"start":{"line":269,"column":8},"end":{"line":273,"column":null}},"152":{"start":{"line":275,"column":8},"end":{"line":275,"column":null}},"153":{"start":{"line":279,"column":8},"end":{"line":279,"column":null}},"154":{"start":{"line":283,"column":8},"end":{"line":283,"column":null}},"155":{"start":{"line":284,"column":26},"end":{"line":284,"column":91}},"156":{"start":{"line":285,"column":25},"end":{"line":285,"column":75}},"157":{"start":{"line":287,"column":27},"end":{"line":287,"column":64}},"158":{"start":{"line":289,"column":29},"end":{"line":289,"column":30}},"159":{"start":{"line":290,"column":8},"end":{"line":350,"column":null}},"160":{"start":{"line":292,"column":12},"end":{"line":292,"column":null}},"161":{"start":{"line":294,"column":30},"end":{"line":294,"column":57}},"162":{"start":{"line":295,"column":29},"end":{"line":295,"column":61}},"163":{"start":{"line":298,"column":27},"end":{"line":303,"column":13}},"164":{"start":{"line":305,"column":12},"end":{"line":305,"column":null}},"165":{"start":{"line":307,"column":12},"end":{"line":309,"column":null}},"166":{"start":{"line":308,"column":16},"end":{"line":308,"column":null}},"167":{"start":{"line":311,"column":12},"end":{"line":313,"column":null}},"168":{"start":{"line":312,"column":16},"end":{"line":312,"column":null}},"169":{"start":{"line":315,"column":12},"end":{"line":317,"column":null}},"170":{"start":{"line":316,"column":16},"end":{"line":316,"column":null}},"171":{"start":{"line":319,"column":12},"end":{"line":330,"column":null}},"172":{"start":{"line":320,"column":16},"end":{"line":329,"column":null}},"173":{"start":{"line":321,"column":39},"end":{"line":321,"column":83}},"174":{"start":{"line":322,"column":20},"end":{"line":327,"column":null}},"175":{"start":{"line":328,"column":20},"end":{"line":328,"column":null}},"176":{"start":{"line":333,"column":12},"end":{"line":336,"column":null}},"177":{"start":{"line":334,"column":26},"end":{"line":334,"column":88}},"178":{"start":{"line":335,"column":16},"end":{"line":335,"column":null}},"179":{"start":{"line":338,"column":12},"end":{"line":346,"column":null}},"180":{"start":{"line":339,"column":16},"end":{"line":341,"column":null}},"181":{"start":{"line":340,"column":20},"end":{"line":340,"column":null}},"182":{"start":{"line":342,"column":16},"end":{"line":345,"column":null}},"183":{"start":{"line":343,"column":20},"end":{"line":343,"column":null}},"184":{"start":{"line":344,"column":20},"end":{"line":344,"column":null}},"185":{"start":{"line":348,"column":12},"end":{"line":348,"column":null}},"186":{"start":{"line":349,"column":12},"end":{"line":349,"column":null}},"187":{"start":{"line":349,"column":39},"end":{"line":349,"column":null}},"188":{"start":{"line":352,"column":8},"end":{"line":365,"column":null}},"189":{"start":{"line":353,"column":31},"end":{"line":353,"column":75}},"190":{"start":{"line":354,"column":12},"end":{"line":359,"column":null}},"191":{"start":{"line":360,"column":12},"end":{"line":360,"column":null}},"192":{"start":{"line":361,"column":12},"end":{"line":361,"column":null}},"193":{"start":{"line":364,"column":12},"end":{"line":364,"column":null}},"194":{"start":{"line":364,"column":26},"end":{"line":364,"column":null}},"195":{"start":{"line":367,"column":8},"end":{"line":367,"column":null}},"196":{"start":{"line":368,"column":8},"end":{"line":368,"column":null}},"197":{"start":{"line":369,"column":8},"end":{"line":369,"column":null}},"198":{"start":{"line":370,"column":8},"end":{"line":370,"column":null}},"199":{"start":{"line":371,"column":8},"end":{"line":371,"column":null}},"200":{"start":{"line":372,"column":8},"end":{"line":372,"column":null}},"201":{"start":{"line":378,"column":8},"end":{"line":378,"column":null}},"202":{"start":{"line":379,"column":8},"end":{"line":379,"column":null}},"203":{"start":{"line":380,"column":8},"end":{"line":380,"column":null}},"204":{"start":{"line":381,"column":8},"end":{"line":381,"column":null}},"205":{"start":{"line":385,"column":8},"end":{"line":389,"column":null}},"206":{"start":{"line":386,"column":12},"end":{"line":386,"column":null}},"207":{"start":{"line":387,"column":12},"end":{"line":387,"column":null}},"208":{"start":{"line":388,"column":12},"end":{"line":388,"column":null}},"209":{"start":{"line":391,"column":8},"end":{"line":395,"column":null}},"210":{"start":{"line":392,"column":12},"end":{"line":392,"column":null}},"211":{"start":{"line":393,"column":12},"end":{"line":393,"column":null}},"212":{"start":{"line":394,"column":12},"end":{"line":394,"column":24}},"213":{"start":{"line":397,"column":24},"end":{"line":397,"column":52}},"214":{"start":{"line":398,"column":8},"end":{"line":398,"column":null}},"215":{"start":{"line":398,"column":39},"end":{"line":398,"column":null}},"216":{"start":{"line":402,"column":31},"end":{"line":402,"column":56}},"217":{"start":{"line":403,"column":28},"end":{"line":403,"column":96}},"218":{"start":{"line":405,"column":8},"end":{"line":408,"column":null}},"219":{"start":{"line":406,"column":12},"end":{"line":406,"column":null}},"220":{"start":{"line":407,"column":12},"end":{"line":407,"column":null}},"221":{"start":{"line":410,"column":8},"end":{"line":410,"column":null}}},"fnMap":{"0":{"name":"(anonymous_0)","decl":{"start":{"line":13,"column":4},"end":{"line":13,"column":15}},"loc":{"start":{"line":13,"column":18},"end":{"line":16,"column":null}},"line":13},"1":{"name":"(anonymous_1)","decl":{"start":{"line":18,"column":4},"end":{"line":18,"column":11}},"loc":{"start":{"line":18,"column":14},"end":{"line":25,"column":null}},"line":18},"2":{"name":"(anonymous_2)","decl":{"start":{"line":27,"column":4},"end":{"line":27,"column":8}},"loc":{"start":{"line":27,"column":15},"end":{"line":45,"column":null}},"line":27},"3":{"name":"(anonymous_3)","decl":{"start":{"line":47,"column":4},"end":{"line":47,"column":7}},"loc":{"start":{"line":47,"column":17},"end":{"line":51,"column":null}},"line":47},"4":{"name":"(anonymous_4)","decl":{"start":{"line":53,"column":4},"end":{"line":53,"column":10}},"loc":{"start":{"line":53,"column":13},"end":{"line":124,"column":null}},"line":53},"5":{"name":"(anonymous_5)","decl":{"start":{"line":63,"column":56},"end":{"line":63,"column":57}},"loc":{"start":{"line":63,"column":67},"end":{"line":71,"column":13}},"line":63},"6":{"name":"(anonymous_6)","decl":{"start":{"line":73,"column":42},"end":{"line":73,"column":43}},"loc":{"start":{"line":73,"column":51},"end":{"line":83,"column":13}},"line":73},"7":{"name":"(anonymous_7)","decl":{"start":{"line":86,"column":37},"end":{"line":86,"column":38}},"loc":{"start":{"line":86,"column":43},"end":{"line":98,"column":9}},"line":86},"8":{"name":"(anonymous_8)","decl":{"start":{"line":120,"column":35},"end":{"line":120,"column":36}},"loc":{"start":{"line":120,"column":41},"end":{"line":123,"column":9}},"line":120},"9":{"name":"(anonymous_9)","decl":{"start":{"line":122,"column":28},"end":{"line":122,"column":31}},"loc":{"start":{"line":122,"column":35},"end":{"line":122,"column":47}},"line":122},"10":{"name":"(anonymous_10)","decl":{"start":{"line":126,"column":4},"end":{"line":126,"column":21}},"loc":{"start":{"line":126,"column":24},"end":{"line":139,"column":null}},"line":126},"11":{"name":"(anonymous_11)","decl":{"start":{"line":141,"column":4},"end":{"line":141,"column":24}},"loc":{"start":{"line":141,"column":30},"end":{"line":148,"column":null}},"line":141},"12":{"name":"(anonymous_12)","decl":{"start":{"line":150,"column":4},"end":{"line":150,"column":16}},"loc":{"start":{"line":150,"column":19},"end":{"line":159,"column":null}},"line":150},"13":{"name":"(anonymous_13)","decl":{"start":{"line":161,"column":4},"end":{"line":161,"column":20}},"loc":{"start":{"line":161,"column":26},"end":{"line":166,"column":null}},"line":161},"14":{"name":"(anonymous_14)","decl":{"start":{"line":168,"column":4},"end":{"line":168,"column":23}},"loc":{"start":{"line":168,"column":26},"end":{"line":207,"column":null}},"line":168},"15":{"name":"(anonymous_15)","decl":{"start":{"line":209,"column":4},"end":{"line":209,"column":20}},"loc":{"start":{"line":209,"column":26},"end":{"line":212,"column":null}},"line":209},"16":{"name":"(anonymous_16)","decl":{"start":{"line":214,"column":4},"end":{"line":214,"column":18}},"loc":{"start":{"line":214,"column":31},"end":{"line":236,"column":null}},"line":214},"17":{"name":"(anonymous_17)","decl":{"start":{"line":238,"column":4},"end":{"line":238,"column":20}},"loc":{"start":{"line":238,"column":26},"end":{"line":243,"column":null}},"line":238},"18":{"name":"(anonymous_18)","decl":{"start":{"line":245,"column":4},"end":{"line":245,"column":21}},"loc":{"start":{"line":245,"column":27},"end":{"line":253,"column":null}},"line":245},"19":{"name":"(anonymous_19)","decl":{"start":{"line":255,"column":4},"end":{"line":255,"column":14}},"loc":{"start":{"line":255,"column":23},"end":{"line":261,"column":null}},"line":255},"20":{"name":"(anonymous_20)","decl":{"start":{"line":263,"column":4},"end":{"line":263,"column":12}},"loc":{"start":{"line":263,"column":31},"end":{"line":276,"column":null}},"line":263},"21":{"name":"(anonymous_21)","decl":{"start":{"line":278,"column":4},"end":{"line":278,"column":14}},"loc":{"start":{"line":278,"column":29},"end":{"line":280,"column":null}},"line":278},"22":{"name":"(anonymous_22)","decl":{"start":{"line":282,"column":4},"end":{"line":282,"column":10}},"loc":{"start":{"line":282,"column":24},"end":{"line":373,"column":null}},"line":282},"23":{"name":"(anonymous_23)","decl":{"start":{"line":377,"column":4},"end":{"line":377,"column":15}},"loc":{"start":{"line":377,"column":55},"end":{"line":382,"column":null}},"line":377},"24":{"name":"(anonymous_24)","decl":{"start":{"line":384,"column":4},"end":{"line":384,"column":10}},"loc":{"start":{"line":384,"column":32},"end":{"line":411,"column":null}},"line":384}},"branchMap":{"0":{"loc":{"start":{"line":19,"column":8},"end":{"line":24,"column":null}},"type":"if","locations":[{"start":{"line":19,"column":8},"end":{"line":24,"column":null}},{"start":{},"end":{}}],"line":19},"1":{"loc":{"start":{"line":31,"column":32},"end":{"line":31,"column":51}},"type":"cond-expr","locations":[{"start":{"line":31,"column":46},"end":{"line":31,"column":47}},{"start":{"line":31,"column":50},"end":{"line":31,"column":51}}],"line":31},"2":{"loc":{"start":{"line":34,"column":27},"end":{"line":34,"column":49}},"type":"binary-expr","locations":[{"start":{"line":34,"column":27},"end":{"line":34,"column":43}},{"start":{"line":34,"column":47},"end":{"line":34,"column":49}}],"line":34},"3":{"loc":{"start":{"line":48,"column":8},"end":{"line":50,"column":null}},"type":"if","locations":[{"start":{"line":48,"column":8},"end":{"line":50,"column":null}},{"start":{},"end":{}}],"line":48},"4":{"loc":{"start":{"line":48,"column":12},"end":{"line":48,"column":61}},"type":"binary-expr","locations":[{"start":{"line":48,"column":12},"end":{"line":48,"column":41}},{"start":{"line":48,"column":45},"end":{"line":48,"column":61}}],"line":48},"5":{"loc":{"start":{"line":62,"column":8},"end":{"line":84,"column":null}},"type":"if","locations":[{"start":{"line":62,"column":8},"end":{"line":84,"column":null}},{"start":{},"end":{}}],"line":62},"6":{"loc":{"start":{"line":64,"column":16},"end":{"line":70,"column":null}},"type":"if","locations":[{"start":{"line":64,"column":16},"end":{"line":70,"column":null}},{"start":{},"end":{}}],"line":64},"7":{"loc":{"start":{"line":64,"column":20},"end":{"line":64,"column":60}},"type":"binary-expr","locations":[{"start":{"line":64,"column":20},"end":{"line":64,"column":38}},{"start":{"line":64,"column":42},"end":{"line":64,"column":60}}],"line":64},"8":{"loc":{"start":{"line":65,"column":20},"end":{"line":69,"column":null}},"type":"if","locations":[{"start":{"line":65,"column":20},"end":{"line":69,"column":null}},{"start":{},"end":{}}],"line":65},"9":{"loc":{"start":{"line":67,"column":24},"end":{"line":67,"column":null}},"type":"if","locations":[{"start":{"line":67,"column":24},"end":{"line":67,"column":null}},{"start":{},"end":{}}],"line":67},"10":{"loc":{"start":{"line":68,"column":24},"end":{"line":68,"column":null}},"type":"if","locations":[{"start":{"line":68,"column":24},"end":{"line":68,"column":null}},{"start":{},"end":{}}],"line":68},"11":{"loc":{"start":{"line":74,"column":16},"end":{"line":74,"column":null}},"type":"if","locations":[{"start":{"line":74,"column":16},"end":{"line":74,"column":null}},{"start":{},"end":{}}],"line":74},"12":{"loc":{"start":{"line":75,"column":16},"end":{"line":82,"column":null}},"type":"switch","locations":[{"start":{"line":76,"column":20},"end":{"line":76,"column":null}},{"start":{"line":77,"column":20},"end":{"line":77,"column":null}},{"start":{"line":78,"column":20},"end":{"line":78,"column":null}},{"start":{"line":79,"column":20},"end":{"line":79,"column":null}},{"start":{"line":80,"column":20},"end":{"line":80,"column":null}},{"start":{"line":81,"column":20},"end":{"line":81,"column":null}}],"line":75},"13":{"loc":{"start":{"line":88,"column":12},"end":{"line":90,"column":null}},"type":"if","locations":[{"start":{"line":88,"column":12},"end":{"line":90,"column":null}},{"start":{},"end":{}}],"line":88},"14":{"loc":{"start":{"line":91,"column":12},"end":{"line":97,"column":null}},"type":"if","locations":[{"start":{"line":91,"column":12},"end":{"line":97,"column":null}},{"start":{"line":93,"column":19},"end":{"line":97,"column":null}}],"line":91},"15":{"loc":{"start":{"line":91,"column":16},"end":{"line":91,"column":47}},"type":"binary-expr","locations":[{"start":{"line":91,"column":16},"end":{"line":91,"column":27}},{"start":{"line":91,"column":31},"end":{"line":91,"column":47}}],"line":91},"16":{"loc":{"start":{"line":93,"column":19},"end":{"line":97,"column":null}},"type":"if","locations":[{"start":{"line":93,"column":19},"end":{"line":97,"column":null}},{"start":{"line":95,"column":19},"end":{"line":97,"column":null}}],"line":93},"17":{"loc":{"start":{"line":93,"column":23},"end":{"line":93,"column":55}},"type":"binary-expr","locations":[{"start":{"line":93,"column":23},"end":{"line":93,"column":35}},{"start":{"line":93,"column":39},"end":{"line":93,"column":55}}],"line":93},"18":{"loc":{"start":{"line":128,"column":8},"end":{"line":138,"column":null}},"type":"if","locations":[{"start":{"line":128,"column":8},"end":{"line":138,"column":null}},{"start":{},"end":{}}],"line":128},"19":{"loc":{"start":{"line":129,"column":12},"end":{"line":137,"column":null}},"type":"if","locations":[{"start":{"line":129,"column":12},"end":{"line":137,"column":null}},{"start":{"line":135,"column":19},"end":{"line":137,"column":null}}],"line":129},"20":{"loc":{"start":{"line":130,"column":16},"end":{"line":134,"column":null}},"type":"if","locations":[{"start":{"line":130,"column":16},"end":{"line":134,"column":null}},{"start":{"line":132,"column":23},"end":{"line":134,"column":null}}],"line":130},"21":{"loc":{"start":{"line":142,"column":8},"end":{"line":142,"column":null}},"type":"if","locations":[{"start":{"line":142,"column":8},"end":{"line":142,"column":null}},{"start":{},"end":{}}],"line":142},"22":{"loc":{"start":{"line":151,"column":8},"end":{"line":151,"column":null}},"type":"if","locations":[{"start":{"line":151,"column":8},"end":{"line":151,"column":null}},{"start":{},"end":{}}],"line":151},"23":{"loc":{"start":{"line":169,"column":8},"end":{"line":169,"column":null}},"type":"if","locations":[{"start":{"line":169,"column":8},"end":{"line":169,"column":null}},{"start":{},"end":{}}],"line":169},"24":{"loc":{"start":{"line":178,"column":12},"end":{"line":204,"column":null}},"type":"if","locations":[{"start":{"line":178,"column":12},"end":{"line":204,"column":null}},{"start":{"line":200,"column":19},"end":{"line":204,"column":null}}],"line":178},"25":{"loc":{"start":{"line":179,"column":16},"end":{"line":182,"column":null}},"type":"if","locations":[{"start":{"line":179,"column":16},"end":{"line":182,"column":null}},{"start":{},"end":{}}],"line":179},"26":{"loc":{"start":{"line":186,"column":34},"end":{"line":187,"column":86}},"type":"binary-expr","locations":[{"start":{"line":186,"column":34},"end":{"line":186,"column":58}},{"start":{"line":186,"column":62},"end":{"line":186,"column":71}},{"start":{"line":186,"column":75},"end":{"line":186,"column":86}},{"start":{"line":187,"column":34},"end":{"line":187,"column":58}},{"start":{"line":187,"column":62},"end":{"line":187,"column":71}},{"start":{"line":187,"column":75},"end":{"line":187,"column":86}}],"line":186},"27":{"loc":{"start":{"line":189,"column":16},"end":{"line":192,"column":null}},"type":"if","locations":[{"start":{"line":189,"column":16},"end":{"line":192,"column":null}},{"start":{},"end":{}}],"line":189},"28":{"loc":{"start":{"line":200,"column":19},"end":{"line":204,"column":null}},"type":"if","locations":[{"start":{"line":200,"column":19},"end":{"line":204,"column":null}},{"start":{},"end":{}}],"line":200},"29":{"loc":{"start":{"line":218,"column":8},"end":{"line":235,"column":null}},"type":"if","locations":[{"start":{"line":218,"column":8},"end":{"line":235,"column":null}},{"start":{},"end":{}}],"line":218},"30":{"loc":{"start":{"line":218,"column":12},"end":{"line":218,"column":63}},"type":"binary-expr","locations":[{"start":{"line":218,"column":12},"end":{"line":218,"column":36}},{"start":{"line":218,"column":40},"end":{"line":218,"column":63}}],"line":218},"31":{"loc":{"start":{"line":219,"column":12},"end":{"line":231,"column":null}},"type":"if","locations":[{"start":{"line":219,"column":12},"end":{"line":231,"column":null}},{"start":{"line":229,"column":19},"end":{"line":231,"column":null}}],"line":219},"32":{"loc":{"start":{"line":222,"column":16},"end":{"line":228,"column":null}},"type":"if","locations":[{"start":{"line":222,"column":16},"end":{"line":228,"column":null}},{"start":{},"end":{}}],"line":222},"33":{"loc":{"start":{"line":239,"column":8},"end":{"line":239,"column":null}},"type":"if","locations":[{"start":{"line":239,"column":8},"end":{"line":239,"column":null}},{"start":{},"end":{}}],"line":239},"34":{"loc":{"start":{"line":248,"column":8},"end":{"line":252,"column":null}},"type":"if","locations":[{"start":{"line":248,"column":8},"end":{"line":252,"column":null}},{"start":{},"end":{}}],"line":248},"35":{"loc":{"start":{"line":258,"column":8},"end":{"line":260,"column":null}},"type":"if","locations":[{"start":{"line":258,"column":8},"end":{"line":260,"column":null}},{"start":{},"end":{}}],"line":258},"36":{"loc":{"start":{"line":264,"column":8},"end":{"line":264,"column":null}},"type":"if","locations":[{"start":{"line":264,"column":8},"end":{"line":264,"column":null}},{"start":{},"end":{}}],"line":264},"37":{"loc":{"start":{"line":264,"column":12},"end":{"line":264,"column":52}},"type":"binary-expr","locations":[{"start":{"line":264,"column":12},"end":{"line":264,"column":32}},{"start":{"line":264,"column":36},"end":{"line":264,"column":52}}],"line":264},"38":{"loc":{"start":{"line":265,"column":26},"end":{"line":265,"column":86}},"type":"cond-expr","locations":[{"start":{"line":265,"column":49},"end":{"line":265,"column":53}},{"start":{"line":265,"column":56},"end":{"line":265,"column":86}}],"line":265},"39":{"loc":{"start":{"line":287,"column":27},"end":{"line":287,"column":64}},"type":"cond-expr","locations":[{"start":{"line":287,"column":38},"end":{"line":287,"column":59}},{"start":{"line":287,"column":62},"end":{"line":287,"column":64}}],"line":287},"40":{"loc":{"start":{"line":299,"column":22},"end":{"line":299,"column":152}},"type":"binary-expr","locations":[{"start":{"line":299,"column":22},"end":{"line":299,"column":31}},{"start":{"line":299,"column":35},"end":{"line":299,"column":43}},{"start":{"line":299,"column":47},"end":{"line":299,"column":152}}],"line":299},"41":{"loc":{"start":{"line":299,"column":74},"end":{"line":299,"column":124}},"type":"binary-expr","locations":[{"start":{"line":299,"column":74},"end":{"line":299,"column":98}},{"start":{"line":299,"column":102},"end":{"line":299,"column":124}}],"line":299},"42":{"loc":{"start":{"line":300,"column":23},"end":{"line":300,"column":157}},"type":"binary-expr","locations":[{"start":{"line":300,"column":23},"end":{"line":300,"column":32}},{"start":{"line":300,"column":36},"end":{"line":300,"column":44}},{"start":{"line":300,"column":48},"end":{"line":300,"column":157}}],"line":300},"43":{"loc":{"start":{"line":300,"column":76},"end":{"line":300,"column":129}},"type":"binary-expr","locations":[{"start":{"line":300,"column":76},"end":{"line":300,"column":101}},{"start":{"line":300,"column":105},"end":{"line":300,"column":129}}],"line":300},"44":{"loc":{"start":{"line":301,"column":20},"end":{"line":301,"column":146}},"type":"binary-expr","locations":[{"start":{"line":301,"column":20},"end":{"line":301,"column":29}},{"start":{"line":301,"column":33},"end":{"line":301,"column":41}},{"start":{"line":301,"column":45},"end":{"line":301,"column":146}}],"line":301},"45":{"loc":{"start":{"line":301,"column":70},"end":{"line":301,"column":118}},"type":"binary-expr","locations":[{"start":{"line":301,"column":70},"end":{"line":301,"column":92}},{"start":{"line":301,"column":96},"end":{"line":301,"column":118}}],"line":301},"46":{"loc":{"start":{"line":302,"column":22},"end":{"line":302,"column":null}},"type":"binary-expr","locations":[{"start":{"line":302,"column":22},"end":{"line":302,"column":31}},{"start":{"line":302,"column":35},"end":{"line":302,"column":43}},{"start":{"line":302,"column":47},"end":{"line":302,"column":null}}],"line":302},"47":{"loc":{"start":{"line":302,"column":74},"end":{"line":302,"column":126}},"type":"binary-expr","locations":[{"start":{"line":302,"column":74},"end":{"line":302,"column":98}},{"start":{"line":302,"column":102},"end":{"line":302,"column":126}}],"line":302},"48":{"loc":{"start":{"line":307,"column":12},"end":{"line":
[...]
64,"column":8},"end":{"line":264,"column":null}},"159":{"start":{"line":264,"column":71},"end":{"line":264,"column":104}}},"fnMap":{"0":{"name":"(anonymous_0)","decl":{"start":{"line":6,"column":4},"end":{"line":6,"column":15}},"loc":{"start":{"line":6,"column":23},"end":{"line":21,"column":null}},"line":6},"1":{"name":"(anonymous_1)","decl":{"start":{"line":23,"column":4},"end":{"line":23,"column":13}},"loc":{"start":{"line":23,"column":16},"end":{"line":104,"column":null}},"line":23},"2":{"name":"(anonymous_2)","decl":{"start":{"line":91,"column":31},"end":{"line":91,"column":32}},"loc":{"start":{"line":91,"column":37},"end":{"line":94,"column":9}},"line":91},"3":{"name":"(anonymous_3)","decl":{"start":{"line":106,"column":4},"end":{"line":106,"column":20}},"loc":{"start":{"line":106,"column":23},"end":{"line":169,"column":null}},"line":106},"4":{"name":"(anonymous_4)","decl":{"start":{"line":116,"column":24},"end":{"line":116,"column":27}},"loc":{"start":{"line":116,"column":31},"end":{"line":168,"column":9}},"line":116},"5":{"name":"(anonymous_5)","decl":{"start":{"line":148,"column":26},"end":{"line":148,"column":27}},"loc":{"start":{"line":148,"column":33},"end":{"line":151,"column":13}},"line":148},"6":{"name":"(anonymous_6)","decl":{"start":{"line":152,"column":25},"end":{"line":152,"column":26}},"loc":{"start":{"line":152,"column":32},"end":{"line":155,"column":13}},"line":152},"7":{"name":"(anonymous_7)","decl":{"start":{"line":171,"column":4},"end":{"line":171,"column":7}},"loc":{"start":{"line":171,"column":17},"end":{"line":175,"column":null}},"line":171},"8":{"name":"(anonymous_8)","decl":{"start":{"line":177,"column":4},"end":{"line":177,"column":10}},"loc":{"start":{"line":177,"column":41},"end":{"line":252,"column":null}},"line":177},"9":{"name":"(anonymous_9)","decl":{"start":{"line":208,"column":33},"end":{"line":208,"column":34}},"loc":{"start":{"line":208,"column":48},"end":{"line":217,"column":9}},"line":208},"10":{"name":"(anonymous_10)","decl":{"start":{"line":221,"column":49},"end":{"line":221,"column":51}},"loc":{"start":{"line":221,"column":55},"end":{"line":233,"column":13}},"line":221},"11":{"name":"(anonymous_11)","decl":{"start":{"line":254,"column":4},"end":{"line":254,"column":19}},"loc":{"start":{"line":254,"column":57},"end":{"line":259,"column":null}},"line":254},"12":{"name":"(anonymous_12)","decl":{"start":{"line":261,"column":4},"end":{"line":261,"column":14}},"loc":{"start":{"line":261,"column":38},"end":{"line":265,"column":null}},"line":261},"13":{"name":"(anonymous_13)","decl":{"start":{"line":264,"column":65},"end":{"line":264,"column":66}},"loc":{"start":{"line":264,"column":71},"end":{"line":264,"column":104}},"line":264}},"branchMap":{"0":{"loc":{"start":{"line":139,"column":12},"end":{"line":146,"column":null}},"type":"if","locations":[{"start":{"line":139,"column":12},"end":{"line":146,"column":null}},{"start":{},"end":{}}],"line":139},"1":{"loc":{"start":{"line":160,"column":12},"end":{"line":164,"column":null}},"type":"if","locations":[{"start":{"line":160,"column":12},"end":{"line":164,"column":null}},{"start":{},"end":{}}],"line":160},"2":{"loc":{"start":{"line":172,"column":8},"end":{"line":174,"column":null}},"type":"if","locations":[{"start":{"line":172,"column":8},"end":{"line":174,"column":null}},{"start":{},"end":{}}],"line":172},"3":{"loc":{"start":{"line":172,"column":12},"end":{"line":172,"column":61}},"type":"binary-expr","locations":[{"start":{"line":172,"column":12},"end":{"line":172,"column":41}},{"start":{"line":172,"column":45},"end":{"line":172,"column":61}}],"line":172},"4":{"loc":{"start":{"line":183,"column":8},"end":{"line":185,"column":null}},"type":"if","locations":[{"start":{"line":183,"column":8},"end":{"line":185,"column":null}},{"start":{},"end":{}}],"line":183},"5":{"loc":{"start":{"line":183,"column":12},"end":{"line":183,"column":37}},"type":"binary-expr","locations":[{"start":{"line":183,"column":12},"end":{"line":183,"column":24}},{"start":{"line":183,"column":28},"end":{"line":183,"column":37}}],"line":183},"6":{"loc":{"start":{"line":194,"column":30},"end":{"line":194,"column":87}},"type":"cond-expr","locations":[{"start":{"line":194,"column":47},"end":{"line":194,"column":63}},{"start":{"line":194,"column":66},"end":{"line":194,"column":87}}],"line":194},"7":{"loc":{"start":{"line":196,"column":8},"end":{"line":205,"column":null}},"type":"if","locations":[{"start":{"line":196,"column":8},"end":{"line":205,"column":null}},{"start":{},"end":{}}],"line":196},"8":{"loc":{"start":{"line":201,"column":25},"end":{"line":201,"column":100}},"type":"cond-expr","locations":[{"start":{"line":201,"column":35},"end":{"line":201,"column":66}},{"start":{"line":201,"column":69},"end":{"line":201,"column":100}}],"line":201},"9":{"loc":{"start":{"line":203,"column":12},"end":{"line":204,"column":null}},"type":"if","locations":[{"start":{"line":203,"column":12},"end":{"line":204,"column":null}},{"start":{"line":204,"column":17},"end":{"line":204,"column":null}}],"line":203},"10":{"loc":{"start":{"line":209,"column":29},"end":{"line":209,"column":76}},"type":"cond-expr","locations":[{"start":{"line":209,"column":41},"end":{"line":209,"column":57}},{"start":{"line":209,"column":60},"end":{"line":209,"column":76}}],"line":209},"11":{"loc":{"start":{"line":210,"column":29},"end":{"line":210,"column":76}},"type":"cond-expr","locations":[{"start":{"line":210,"column":41},"end":{"line":210,"column":57}},{"start":{"line":210,"column":60},"end":{"line":210,"column":76}}],"line":210},"12":{"loc":{"start":{"line":214,"column":26},"end":{"line":214,"column":115}},"type":"cond-expr","locations":[{"start":{"line":214,"column":68},"end":{"line":214,"column":91}},{"start":{"line":214,"column":94},"end":{"line":214,"column":115}}],"line":214},"13":{"loc":{"start":{"line":214,"column":27},"end":{"line":214,"column":64}},"type":"binary-expr","locations":[{"start":{"line":214,"column":27},"end":{"line":214,"column":52}},{"start":{"line":214,"column":56},"end":{"line":214,"column":64}}],"line":214},"14":{"loc":{"start":{"line":219,"column":8},"end":{"line":234,"column":null}},"type":"if","locations":[{"start":{"line":219,"column":8},"end":{"line":234,"column":null}},{"start":{},"end":{}}],"line":219},"15":{"loc":{"start":{"line":220,"column":25},"end":{"line":220,"column":48}},"type":"binary-expr","locations":[{"start":{"line":220,"column":25},"end":{"line":220,"column":36}},{"start":{"line":220,"column":40},"end":{"line":220,"column":48}}],"line":220},"16":{"loc":{"start":{"line":224,"column":16},"end":{"line":232,"column":null}},"type":"if","locations":[{"start":{"line":224,"column":16},"end":{"line":232,"column":null}},{"start":{},"end":{}}],"line":224},"17":{"loc":{"start":{"line":226,"column":20},"end":{"line":226,"column":null}},"type":"if","locations":[{"start":{"line":226,"column":20},"end":{"line":226,"column":null}},{"start":{},"end":{}}],"line":226},"18":{"loc":{"start":{"line":226,"column":64},"end":{"line":226,"column":80}},"type":"cond-expr","locations":[{"start":{"line":226,"column":71},"end":{"line":226,"column":74}},{"start":{"line":226,"column":77},"end":{"line":226,"column":80}}],"line":226},"19":{"loc":{"start":{"line":227,"column":20},"end":{"line":227,"column":null}},"type":"if","locations":[{"start":{"line":227,"column":20},"end":{"line":227,"column":null}},{"start":{},"end":{}}],"line":227},"20":{"loc":{"start":{"line":227,"column":62},"end":{"line":227,"column":78}},"type":"cond-expr","locations":[{"start":{"line":227,"column":69},"end":{"line":227,"column":72}},{"start":{"line":227,"column":75},"end":{"line":227,"column":78}}],"line":227},"21":{"loc":{"start":{"line":228,"column":20},"end":{"line":228,"column":null}},"type":"if","locations":[{"start":{"line":228,"column":20},"end":{"line":228,"column":null}},{"start":{},"end":{}}],"line":228},"22":{"loc":{"start":{"line":228,"column":64},"end":{"line":228,"column":80}},"type":"cond-expr","locations":[{"start":{"line":228,"column":71},"end":{"line":228,"column":74}},{"start":{"line":228,"column":77},"end":{"line":228,"column":80}}],"line":228},"23":{"loc":{"start":{"line":229,"column":20},"end":{"line":229,"column":null}},"type":"if","locations":[{"start":{"line":229,"column":20},"end":{"line":229,"column":null}},{"start":{},"end":{}}],"line":229},"24":{"loc":{"start":{"line":229,"column":62},"end":{"line":229,"column":78}},"type":"cond-expr","locations":[{"start":{"line":229,"column":69},"end":{"line":229,"column":72}},{"start":{"line":229,"column":75},"end":{"line":229,"column":78}}],"line":229},"25":{"loc":{"start":{"line":231,"column":20},"end":{"line":231,"column":null}},"type":"if","locations":[{"start":{"line":231,"column":20},"end":{"line":231,"column":null}},{"start":{},"end":{}}],"line":231},"26":{"loc":{"start":{"line":231,"column":58},"end":{"line":231,"column":74}},"type":"cond-expr","locations":[{"start":{"line":231,"column":65},"end":{"line":231,"column":68}},{"start":{"line":231,"column":71},"end":{"line":231,"column":74}}],"line":231},"27":{"loc":{"start":{"line":236,"column":8},"end":{"line":240,"column":null}},"type":"if","locations":[{"start":{"line":236,"column":8},"end":{"line":240,"column":null}},{"start":{"line":238,"column":15},"end":{"line":240,"column":null}}],"line":236},"28":{"loc":{"start":{"line":237,"column":56},"end":{"line":237,"column":101}},"type":"cond-expr","locations":[{"start":{"line":237,"column":70},"end":{"line":237,"column":81}},{"start":{"line":237,"column":84},"end":{"line":237,"column":101}}],"line":237},"29":{"loc":{"start":{"line":237,"column":111},"end":{"line":237,"column":172}},"type":"cond-expr","locations":[{"start":{"line":237,"column":125},"end":{"line":237,"column":148}},{"start":{"line":237,"column":151},"end":{"line":237,"column":172}}],"line":237},"30":{"loc":{"start":{"line":242,"column":8},"end":{"line":251,"column":null}},"type":"if","locations":[{"start":{"line":242,"column":8},"end":{"line":251,"column":null}},{"start":{"line":249,"column":15},"end":{"line":251,"column":null}}],"line":242},"31":{"loc":{"start":{"line":244,"column":31},"end":{"line":244,"column":139}},"type":"cond-expr","locations":[{"start":{"line":244,"column":53},"end":{"line":244,"column":60}},{"start":{"line":244,"column":64},"end":{"line":244,"column":138}}],"line":244},"32":{"loc":{"start":{"line":244,"column":64},"end":{"line":244,"column":138}},"type":"cond-expr","locations":[{"start":{"line":244,"column":86},"end":{"line":244,"column":101}},{"start":{"line":244,"column":104},"end":{"line":244,"column":138}}],"line":244},"33":{"loc":{"start":{"line":246,"column":12},"end":{"line":248,"column":null}},"type":"if","locations":[{"start":{"line":246,"column":12},"end":{"line":248,"column":null}},{"start":{},"end":{}}],"line":246},"34":{"loc":{"start":{"line":254,"column":44},"end":{"line":254,"column":55}},"type":"default-arg","locations":[{"start":{"line":254,"column":53},"end":{"line":254,"column":55}}],"line":254},"35":{"loc":{"start":{"line":256,"column":8},"end":{"line":256,"column":null}},"type":"if","locations":[{"start":{"line":256,"column":8},"end":{"line":256,"column":null}},{"start":{},"end":{}}],"line":256},"36":{"loc":{"start":{"line":257,"column":20},"end":{"line":257,"column":138}},"type":"cond-expr","locations":[{"start":{"line":257,"column":34},"end":{"line":257,"column":61}},{"start":{"line":257,"column":65},"end":{"line":257,"column":137}}],"line":257},"37":{"loc":{"start":{"line":257,"column":65},"end":{"line":257,"column":137}},"type":"cond-expr","locations":[{"start":{"line":257,"column":79},"end":{"line":257,"column":106}},{"start":{"line":257,"column":109},"end":{"line":257,"column":137}}],"line":257},"38":{"loc":{"start":{"line":261,"column":21},"end":{"line":261,"column":36}},"type":"default-arg","locations":[{"start":{"line":261,"column":32},"end":{"line":261,"column":36}}],"line":261},"39":{"loc":{"start":{"line":263,"column":8},"end":{"line":263,"column":null}},"type":"if","locations":[{"start":{"line":263,"column":8},"end":{"line":263,"column":null}},{"start":{},"end":{}}],"line":263}},"s":{"0":0,"1":0,"2":0,"3":0,"4":0,"5":0,"6":0,"7":0,"8":0,"9":0,"10":0,"11":0,"12":0,"13":0,"14":0,"15":0,"16":0,"17":0,"18":0,"19":0,"20":0,"21":0,"22":0,"23":0,"24":0,"25":0,"26":0,"27":0,"28":0,"29":0,"30":0,"31":0,"32":0,"33":0,"34":0,"35":0,"36":0,"37":0,"38":0,"39":0,"40":0,"41":0,"42":0,"43":0,"44":0,"45":0,"46":0,"47":0,"48":0,"49":0,"50":0,"51":0,"52":0,"53":0,"54":0,"55":0,"56":0,"57":0,"58":0,"59":0,"60":0,"61":0,"62":0,"63":0,"64":0,"65":0,"66":0,"67":0,"68":0,"69":0,"70":0,"71":0,"72":0,"73":0,"74":0,"75":0,"76":0,"77":0,"78":0,"79":0,"80":0,"81":0,"82":0,"83":0,"84":0,"85":0,"86":0,"87":0,"88":0,"89":0,"90":0,"91":0,"92":0,"93":0,"94":0,"95":0,"96":0,"97":0,"98":0,"99":0,"100":0,"101":0,"102":0,"103":0,"104":0,"105":0,"106":0,"107":0,"108":0,"109":0,"110":0,"111":0,"112":0,"113":0,"114":0,"115":0,"116":0,"117":0,"118":0,"119":0,"120":0,"121":0,"122":0,"123":0,"124":0,"125":0,"126":0,"127":0,"128":0,"129":0,"130":0,"131":0,"132":0,"133":0,"134":0,"135":0,"136":0,"137":0,"138":0,"139":0,"140":0,"141":0,"142":0,"143":0,"144":0,"145":0,"146":0,"147":0,"148":0,"149":0,"150":0,"151":0,"152":0,"153":0,"154":0,"155":0,"156":0,"157":0,"158":0,"159":0},"f":{"0":0,"1":0,"2":0,"3":0,"4":0,"5":0,"6":0,"7":0,"8":0,"9":0,"10":0,"11":0,"12":0,"13":0},"b":{"0":[0,0],"1":[0,0],"2":[0,0],"3":[0,0],"4":[0,0],"5":[0,0],"6":[0,0],"7":[0,0],"8":[0,0],"9":[0,0],"10":[0,0],"11":[0,0],"12":[0,0],"13":[0,0],"14":[0,0],"15":[0,0],"16":[0,0],"17":[0,0],"18":[0,0],"19":[0,0],"20":[0,0],"21":[0,0],"22":[0,0],"23":[0,0],"24":[0,0],"25":[0,0],"26":[0,0],"27":[0,0],"28":[0,0],"29":[0,0],"30":[0,0],"31":[0,0],"32":[0,0],"33":[0,0],"34":[0],"35":[0,0],"36":[0,0],"37":[0,0],"38":[0],"39":[0,0]},"meta":{"lastBranch":40,"lastFunction":14,"lastStatement":160,"seen":{"f:6:4:6:15":0,"s:7:8:7:Infinity":0,"s:8:8:8:Infinity":1,"s:9:8:9:Infinity":2,"s:10:8:10:Infinity":3,"s:12:8:18:Infinity":4,"s:20:8:20:Infinity":5,"f:23:4:23:13":1,"s:24:26:24:47":6,"s:25:26:25:74":7,"s:26:27:26:70":8,"s:27:26:27:74":9,"s:30:8:30:Infinity":10,"s:31:8:31:Infinity":11,"s:32:8:32:Infinity":12,"s:33:8:33:Infinity":13,"s:34:8:34:Infinity":14,"s:35:8:35:Infinity":15,"s:38:8:38:Infinity":16,"s:39:8:39:Infinity":17,"s:40:8:40:Infinity":18,"s:41:8:41:Infinity":19,"s:42:8:42:Infinity":20,"s:43:8:43:Infinity":21,"s:46:8:46:Infinity":22,"s:47:8:47:Infinity":23,"s:48:8:48:Infinity":24,"s:50:8:50:Infinity":25,"s:51:8:51:Infinity":26,"s:52:8:52:Infinity":27,"s:53:8:53:Infinity":28,"s:55:8:55:Infinity":29,"s:57:8:57:Infinity":30,"s:58:8:58:Infinity":31,"s:59:8:59:Infinity":32,"s:60:8:60:Infinity":33,"s:62:8:62:Infinity":34,"s:63:19:63:147":35,"s:65:24:65:53":36,"s:66:8:66:Infinity":37,"s:67:8:67:Infinity":38,"s:68:8:68:Infinity":39,"s:69:8:69:Infinity":40,"s:71:24:71:53":41,"s:72:8:72:Infinity":42,"s:73:8:73:Infinity":43,"s:74:8:74:Infinity":44,"s:75:8:75:Infinity":45,"s:77:29:77:61":46,"s:78:8:78:Infinity":47,"s:79:8:79:Infinity":48,"s:80:8:90:Infinity":49,"s:91:8:94:Infinity":50,"f:91:31:91:32":2,"s:92:12:92:Infinity":51,"s:93:12:93:Infinity":52,"s:95:8:95:Infinity":53,"s:97:27:97:56":54,"s:98:8:98:Infinity":55,"s:99:8:99:Infinity":56,"s:100:8:100:Infinity":57,"s:102:8:102:Infinity":58,"s:103:8:103:Infinity":59,"f:106:4:106:20":3,"s:107:8:107:Infinity":60,"s:108:24:114:9":61,"s:116:8:168:Infinity":62,"f:116:24:116:27":4,"s:117:24:117:56":63,"s:118:12:118:Infinity":64,"s:119:12:119:Infinity":65,"s:120:12:120:Infinity":66,"s:121:12:121:Infinity":67,"s:122:12:137:Infinity":68,"b:139:12:146:Infinity:undefined:undefined:undefined:undefined":0,"s:139:12:146:Infinity":69,"s:140:16:140:Infinity":70,"s:141:16:141:Infinity":71,"s:142:16:142:Infinity":72,"s:143:16:143:Infinity":73,"s:144:16:144:Infinity":74,"s:145:16:145:Infinity":75,"s:148:26:151:13":76,"f:148:26:148:27":5,"s:149:16:149:35":77,"s:150:16:150:49":78,"s:152:25:155:13":79,"f:152:25:152:26":6,"s:153:16:153:35":80,"s:154:16:154:50":81,"s:157:12:157:Infinity":82,"s:158:12:158:Infinity":83,"b:160:12:164:Infinity:undefined:undefined:undefined:undefined":1,"s:160:12:164:Infinity":84,"s:161:16:161:Infinity":85,"s:162:16:162:Infinity":86,"s:163:16:163:Infinity":87,"s:166:27:166:95":88,"s:167:12:167:Infinity":89,"f:171:4:171:7":7,"b:172:8:174:Infinity:undefined:undefined:undefined:undefined":2,"s:172:8:174:Infinity":90,"b:172:12:172:41:172:45:172:61":3,"s:173:12:173:Infinity":91,"f:177:4:177:10":8,"s:178:22:178:38":92,"s:179:34:179:57":93,"s:180:28:180:66":94,"s:181:25:181:59":95,"b:183:8:185:Infinity:undefined:undefined:undefined:undefined":4,"s:183:8:185:Infinity":96,"b:183:12:183:24:183:28:183:37":5,"s:184:12:184:Infinity":97,"s:187:8:187:Infinity":98,"s:188:8:188:Infinity":99,"s:190:24:190:68":100,"s:191:8:191:Infinity":101,"s:192:8:192:Infinity":102,"s:194:8:194:Infinity":103,"b:194:47:194:63:194:66:194:87":6,"s:195:8:195:Infinity":104,"b:196:8:205:Infinity:undefined:undefined:undefined:undefined":7,"s:196:8:205:Infinity":105,"s:197:28:197:42":106,"s:198:31:198:59":107,"s:199:30:199:73":108,"s:200:12:200:Infinity":109,"s:201:25:201:100":110,"b:201:35:201:66:201:69:201:100":8,"s:202:12:202:Infinity":111,"b:203:12:204:Infinity:204:17:204:Infinity":9,"s:203:12:204:Infinity":112,"s:203:25:203:Infinity":113,"s:204:17:204:Infinity":114,"s:208:8:217:Infinity":115,"f:208:33:208:34":9,"s:209:29:209:76":116,"b:209:41:209:57:209:60:209:76":10,"s:210:29:210:76":117,"b:210:41:210:57:210:60:210:76":11,"s:211:12:211:Infinity":118,"s:212:12:212:Infinity":119,"s:214:26:214:115":120,"b:214:68:214:91:214:94:214:115":12,"b:214:27:214:52:214:56:214:64":13,"s:215:12:215:Infinity":121,"s:216:12:216:Infinity":122,"b:219:8:234:Infinity:undefined:undefined:undefined:undefined":14,"s:219:8:234:Infinity":123,"s:220:25:220:48":124,"b:220:25:220:36:220:40:220:48":15,"s:221:12:233:Infinity":125,"f:221:49:221:51":10,"s:222:31:222:50":126,"s:223:16:223:Infinity":127,"b:224:16:232:Infinity:undefined:undefined:undefined:undefined":16,"s:224:16:232:Infinity":128,"s:225:33:225:56":129,"b:226:20:226:Infinity:undefined:undefined:undefined:undefined":17,"s:226:20:226:Infinity":130,"s:226:45:226:Infinity":131,"b:226:71:226:74:226:77:226:80":18,"b:227:20:227:Infinity:undefined:undefined:undefined:undefined":19,"s:227:20:227:Infinity":132,"s:227:43:227:Infinity":133,"b:227:69:227:72:227:75:227:78":20,"b:228:20:228:Infinity:undefined:undefined:undefined:undefined":21,"s:228:20:228:Infinity":134,"s:228:45:228:Infinity":135,"b:228:71:228:74:228:77:228:80":22,"b:229:20:229:Infinity:undefined:undefined:undefined:undefined":23,"s:229:20:229:Infinity":136,"s:229:43:229:Infinity":137,"b:229:69:229:72:229:75:229:78":24,"b:231:20:231:Infinity:undefined:undefined:undefined:undefined":25,"s:231:20:231:Infinity":138,"s:231:39:231:Infinity":139,"b:231:65:231:68:231:71:231:74":26,"b:236:8:240:Infinity:238:15:240:Infinity":27,"s:236:8:240:Infinity":140,"s:237:12:237:Infinity":141,"b:237:70:237:81:237:84:237:101":28,"b:237:125:237:148:237:151:237:172":29,"s:239:12:239:Infinity":142,"b:242:8:251:Infinity:249:15:251:Infinity":30,"s:242:8:251:Infinity":143,"s:243:12:243:Infinity":144,"s:244:31:244:139":145,"b:244:53:244:60:244:64:244:138":31,"b:244:86:244:101:244:104:244:138":32,"s:245:12:245:Infinity":146,"b:246:12:248:Infinity:undefined:undefined:undefined:undefined":33,"s:246:12:248:Infinity":147,"s:247:16:247:Infinity":148,"s:250:12:250:Infinity":149,"f:254:4:254:19":11,"b:254:53:254:55":34,"s:255:8:255:Infinity":150,"b:256:8:256:Infinity:undefined:undefined:undefined:undefined":35,"s:256:8:256:Infinity":151,"s:256:25:256:Infinity":152,"s:257:20:257:138":153,"b:257:34:257:61:257:65:257:137":36,"b:257:79:257:106:257:109:257:137":37,"s:258:8:258:Infinity":154,"f:261:4:261:14":12,"b:261:32:261:36":38,"s:262:8:262:Infinity":155,"b:263:8:263:Infinity:undefined:undefined:undefined:undefined":39,"s:263:8:263:Infinity":156,"s:263:30:263:Infinity":157,"s:264:8:264:Infinity":158,"f:264:65:264:66":13,"s:264:71:264:104":159}}}
}
